 ***Ebeam    Eprime  Theta     x        Q2      Sig_Born     Sig_Born_In  Sig_Born_QE  Sig_Rad      Sig_Rad_EL   Sig_Rad_QE   Sig_Rad_DIS  C_cor
    5.0140   2.6890  15.7570   0.2322   1.0133  0.20803E+05  0.20788E+05  0.14697E+02  0.22052E+05  0.26732E+00  0.36912E+03  0.21683E+05  0.10000E+01
    5.0140   2.6890  16.4423   0.2527   1.1027  0.17044E+05  0.17036E+05  0.74015E+01  0.17889E+05  0.10603E+00  0.28124E+03  0.17608E+05  0.10000E+01
    5.0140   2.6890  17.1009   0.2732   1.1922  0.14053E+05  0.14050E+05  0.25561E+01  0.14614E+05  0.42543E-01  0.21737E+03  0.14397E+05  0.10000E+01
    5.0140   2.6890  17.7358   0.2937   1.2816  0.11639E+05  0.11639E+05 -0.34126E+00  0.12001E+05  0.17194E-01  0.17075E+03  0.11830E+05  0.10000E+01
    5.0140   2.6890  18.3493   0.3142   1.3711  0.96729E+04  0.96745E+04 -0.16125E+01  0.98952E+04  0.69771E-02  0.13692E+03  0.97582E+04  0.10000E+01
    5.0140   2.6890  18.9437   0.3347   1.4605  0.80575E+04  0.80596E+04 -0.20680E+01  0.81822E+04  0.28338E-02  0.11090E+03  0.80713E+04  0.10000E+01
    5.0140   2.6890  19.5207   0.3552   1.5499  0.67236E+04  0.67256E+04 -0.19459E+01  0.67807E+04  0.11266E-02  0.90660E+02  0.66900E+04  0.10000E+01
    5.0140   2.6890  20.0817   0.3757   1.6394  0.56188E+04  0.56202E+04 -0.14294E+01  0.56298E+04  0.46475E-03  0.74750E+02  0.55550E+04  0.10000E+01
    5.0140   2.6890  20.6281   0.3962   1.7288  0.47007E+04  0.47014E+04 -0.65734E+00  0.46808E+04  0.18699E-03  0.62031E+02  0.46188E+04  0.10000E+01
    5.0140   2.6890  21.1609   0.4167   1.8183  0.39368E+04  0.39364E+04  0.33681E+00  0.38971E+04  0.74774E-04  0.52230E+02  0.38449E+04  0.10000E+01
    5.0140   2.6890  21.6813   0.4372   1.9077  0.32995E+04  0.32979E+04  0.16049E+01  0.32484E+04  0.29675E-04  0.45113E+02  0.32033E+04  0.10000E+01
    5.0140   2.6890  22.1900   0.4577   1.9971  0.27667E+04  0.27638E+04  0.29039E+01  0.27097E+04  0.11680E-04  0.39545E+02  0.26702E+04  0.10000E+01
    5.0140   2.6890  22.6879   0.4782   2.0866  0.23219E+04  0.23177E+04  0.41840E+01  0.22625E+04  0.45545E-05  0.35161E+02  0.22273E+04  0.10000E+01
    5.0140   2.6890  23.1756   0.4987   2.1760  0.19484E+04  0.19430E+04  0.54103E+01  0.18892E+04  0.17587E-05  0.31680E+02  0.18576E+04  0.10000E+01
    5.0140   2.6890  23.6539   0.5192   2.2655  0.16346E+04  0.16281E+04  0.65594E+01  0.15774E+04  0.67183E-06  0.28894E+02  0.15486E+04  0.10000E+01
    5.0140   2.6890  24.1232   0.5397   2.3549  0.13701E+04  0.13625E+04  0.76158E+01  0.13162E+04  0.25387E-06  0.26641E+02  0.12896E+04  0.10000E+01
    5.0140   2.4590  16.4983   0.2117   1.0153  0.16770E+05  0.16756E+05  0.14259E+02  0.18188E+05  0.55099E+00  0.33682E+03  0.17851E+05  0.10000E+01
    5.0140   2.4590  17.2843   0.2322   1.1135  0.13583E+05  0.13575E+05  0.85006E+01  0.14576E+05  0.21260E+00  0.25223E+03  0.14323E+05  0.10000E+01
    5.0140   2.4590  18.0371   0.2527   1.2118  0.11098E+05  0.11094E+05  0.44699E+01  0.11790E+05  0.83388E-01  0.19175E+03  0.11598E+05  0.10000E+01
    5.0140   2.4590  18.7606   0.2732   1.3101  0.91273E+04  0.91256E+04  0.17707E+01  0.96055E+04  0.33077E-01  0.14780E+03  0.94577E+04  0.10000E+01
    5.0140   2.4590  19.4582   0.2937   1.4084  0.75417E+04  0.75416E+04  0.79411E-01  0.78674E+04  0.13211E-01  0.11543E+03  0.77520E+04  0.10000E+01
    5.0140   2.4590  20.1326   0.3142   1.5067  0.62532E+04  0.62538E+04 -0.64799E+00  0.64706E+04  0.52942E-02  0.91936E+02  0.63787E+04  0.10000E+01
    5.0140   2.4590  20.7860   0.3347   1.6050  0.51974E+04  0.51983E+04 -0.94176E+00  0.53378E+04  0.21230E-02  0.73959E+02  0.52638E+04  0.10000E+01
    5.0140   2.4590  21.4203   0.3552   1.7033  0.43277E+04  0.43286E+04 -0.94240E+00  0.44133E+04  0.84986E-03  0.60019E+02  0.43532E+04  0.10000E+01
    5.0140   2.4590  22.0371   0.3757   1.8015  0.36083E+04  0.36090E+04 -0.74231E+00  0.36556E+04  0.33899E-03  0.49109E+02  0.36065E+04  0.10000E+01
    5.0140   2.4590  22.6380   0.3962   1.8998  0.30119E+04  0.30124E+04 -0.41108E+00  0.30324E+04  0.13447E-03  0.40393E+02  0.29920E+04  0.10000E+01
    5.0140   2.4590  23.2242   0.4167   1.9981  0.25167E+04  0.25167E+04 -0.59207E-03  0.25187E+04  0.52973E-04  0.33490E+02  0.24852E+04  0.10000E+01
    5.0140   2.4590  23.7967   0.4372   2.0964  0.21055E+04  0.21049E+04  0.60975E+00  0.20953E+04  0.20704E-04  0.28457E+02  0.20668E+04  0.10000E+01
    5.0140   2.4590  24.3565   0.4577   2.1947  0.17619E+04  0.17607E+04  0.12422E+01  0.17441E+04  0.80194E-05  0.24508E+02  0.17196E+04  0.10000E+01
    5.0140   2.4590  24.9045   0.4782   2.2930  0.14759E+04  0.14740E+04  0.18704E+01  0.14533E+04  0.30756E-05  0.21383E+02  0.14319E+04  0.10000E+01
    5.0140   2.4590  25.4414   0.4987   2.3913  0.12364E+04  0.12339E+04  0.24758E+01  0.12113E+04  0.11672E-05  0.18896E+02  0.11924E+04  0.10000E+01
    5.0140   2.4590  25.9679   0.5192   2.4896  0.10351E+04  0.10320E+04  0.30459E+01  0.10092E+04  0.43801E-06  0.16906E+02  0.99233E+03  0.10000E+01
    5.0140   2.4590  26.4847   0.5397   2.5879  0.86672E+03  0.86315E+03  0.35728E+01  0.84100E+03  0.16244E-06  0.15301E+02  0.82570E+03  0.10000E+01
    5.0140   2.2740  17.7764   0.2117   1.0888  0.12060E+05  0.12051E+05  0.91510E+01  0.13220E+05  0.46943E+00  0.25809E+03  0.12962E+05  0.10000E+01
    5.0140   2.2740  18.6243   0.2322   1.1942  0.97491E+04  0.97435E+04  0.55208E+01  0.10571E+05  0.17968E+00  0.19310E+03  0.10377E+05  0.10000E+01
    5.0140   2.2740  19.4366   0.2527   1.2996  0.79498E+04  0.79468E+04  0.29765E+01  0.85321E+04  0.69885E-01  0.14666E+03  0.83853E+04  0.10000E+01
    5.0140   2.2740  20.2174   0.2732   1.4050  0.65261E+04  0.65248E+04  0.12654E+01  0.69371E+04  0.27482E-01  0.11287E+03  0.68242E+04  0.10000E+01
    5.0140   2.2740  20.9703   0.2937   1.5104  0.53838E+04  0.53837E+04  0.18250E+00  0.56719E+04  0.10879E-01  0.87954E+02  0.55839E+04  0.10000E+01
    5.0140   2.2740  21.6983   0.3142   1.6158  0.44570E+04  0.44573E+04 -0.30827E+00  0.46565E+04  0.43200E-02  0.69685E+02  0.45869E+04  0.10000E+01
    5.0140   2.2740  22.4037   0.3347   1.7212  0.36989E+04  0.36994E+04 -0.50389E+00  0.38348E+04  0.17161E-02  0.55809E+02  0.37790E+04  0.10000E+01
    5.0140   2.2740  23.0887   0.3552   1.8266  0.30754E+04  0.30759E+04 -0.52804E+00  0.31655E+04  0.68024E-03  0.45065E+02  0.31204E+04  0.10000E+01
    5.0140   2.2740  23.7549   0.3757   1.9320  0.25601E+04  0.25606E+04 -0.43462E+00  0.26175E+04  0.26858E-03  0.36674E+02  0.25809E+04  0.10000E+01
    5.0140   2.2740  24.4040   0.3962   2.0374  0.21341E+04  0.21343E+04 -0.26408E+00  0.21681E+04  0.10543E-03  0.29990E+02  0.21381E+04  0.10000E+01
    5.0140   2.2740  25.0373   0.4167   2.1428  0.17804E+04  0.17804E+04 -0.46468E-01  0.17979E+04  0.41085E-04  0.24689E+02  0.17732E+04  0.10000E+01
    5.0140   2.2740  25.6560   0.4372   2.2482  0.14868E+04  0.14865E+04  0.28175E+00  0.14929E+04  0.15876E-04  0.20694E+02  0.14722E+04  0.10000E+01
    5.0140   2.2740  26.2610   0.4577   2.3536  0.12426E+04  0.12419E+04  0.64551E+00  0.12408E+04  0.60781E-05  0.17586E+02  0.12232E+04  0.10000E+01
    5.0140   2.2740  26.8534   0.4782   2.4590  0.10391E+04  0.10381E+04  0.10089E+01  0.10322E+04  0.23028E-05  0.15131E+02  0.10170E+04  0.10000E+01
    5.0140   2.2740  27.4339   0.4987   2.5644  0.86904E+03  0.86768E+03  0.13607E+01  0.85884E+03  0.86290E-06  0.13173E+02  0.84567E+03  0.10000E+01
    5.0140   2.2740  28.0033   0.5192   2.6698  0.72670E+03  0.72500E+03  0.16933E+01  0.71461E+03  0.31958E-06  0.11598E+02  0.70301E+03  0.10000E+01
    5.0140   2.2740  28.5622   0.5397   2.7752  0.60726E+03  0.60526E+03  0.20017E+01  0.59431E+03  0.11693E-06  0.10335E+02  0.58397E+03  0.10000E+01
    5.0140   2.1240  17.9540   0.1912   1.0372  0.11628E+05  0.11618E+05  0.99266E+01  0.13019E+05  0.11181E+01  0.28972E+03  0.12728E+05  0.10000E+01
    5.0140   2.1240  18.9001   0.2117   1.1484  0.92811E+04  0.92746E+04  0.64328E+01  0.10268E+05  0.41587E+00  0.21297E+03  0.10055E+05  0.10000E+01
    5.0140   2.1240  19.8026   0.2322   1.2595  0.74926E+04  0.74887E+04  0.39103E+01  0.81975E+04  0.15820E+00  0.15930E+03  0.80381E+04  0.10000E+01
    5.0140   2.1240  20.6673   0.2527   1.3707  0.61022E+04  0.61000E+04  0.21423E+01  0.66068E+04  0.61141E-01  0.12098E+03  0.64858E+04  0.10000E+01
    5.0140   2.1240  21.4987   0.2732   1.4819  0.50032E+04  0.50022E+04  0.95032E+00  0.53643E+04  0.23883E-01  0.93043E+02  0.52712E+04  0.10000E+01
    5.0140   2.1240  22.3005   0.2937   1.5931  0.41226E+04  0.41224E+04  0.19131E+00  0.43799E+04  0.93898E-02  0.72420E+02  0.43075E+04  0.10000E+01
    5.0140   2.1240  23.0759   0.3142   1.7042  0.34093E+04  0.34095E+04 -0.16644E+00  0.35915E+04  0.37022E-02  0.57193E+02  0.35343E+04  0.10000E+01
    5.0140   2.1240  23.8273   0.3347   1.8154  0.28264E+04  0.28267E+04 -0.30415E+00  0.29540E+04  0.14601E-02  0.45666E+02  0.29083E+04  0.10000E+01
    5.0140   2.1240  24.5571   0.3552   1.9266  0.23475E+04  0.23478E+04 -0.33048E+00  0.24355E+04  0.57441E-03  0.36753E+02  0.23987E+04  0.10000E+01
    5.0140   2.1240  25.2671   0.3757   2.0378  0.19522E+04  0.19525E+04 -0.28042E+00  0.20116E+04  0.22501E-03  0.29794E+02  0.19818E+04  0.10000E+01
    5.0140   2.1240  25.9589   0.3962   2.1489  0.16255E+04  0.16256E+04 -0.18016E+00  0.16641E+04  0.87614E-04  0.24281E+02  0.16398E+04  0.10000E+01
    5.0140   2.1240  26.6340   0.4167   2.2601  0.13547E+04  0.13547E+04 -0.49053E-01  0.13784E+04  0.33859E-04  0.19885E+02  0.13585E+04  0.10000E+01
    5.0140   2.1240  27.2935   0.4372   2.3713  0.11302E+04  0.11300E+04  0.14985E+00  0.11433E+04  0.12974E-04  0.16518E+02  0.11268E+04  0.10000E+01
    5.0140   2.1240  27.9387   0.4577   2.4825  0.94348E+03  0.94310E+03  0.38550E+00  0.94914E+03  0.49222E-05  0.13905E+02  0.93523E+03  0.10000E+01
    5.0140   2.1240  28.5705   0.4782   2.5937  0.78790E+03  0.78728E+03  0.62192E+00  0.78841E+03  0.18477E-05  0.11834E+02  0.77657E+03  0.10000E+01
    5.0140   2.1240  29.1897   0.4987   2.7048  0.65817E+03  0.65732E+03  0.85155E+00  0.65518E+03  0.68577E-06  0.10183E+02  0.64500E+03  0.10000E+01
    5.0140   2.1240  29.7971   0.5192   2.8160  0.54962E+03  0.54855E+03  0.10692E+01  0.54440E+03  0.25150E-06  0.88593E+01  0.53554E+03  0.10000E+01
    5.0140   2.1240  30.3935   0.5397   2.9272  0.45872E+03  0.45745E+03  0.12717E+01  0.45217E+03  0.91072E-07  0.77910E+01  0.44438E+03  0.10000E+01
    5.0140   2.0340  18.6363   0.1912   1.0695  0.99593E+04  0.99513E+04  0.80415E+01  0.11221E+05  0.10471E+01  0.26067E+03  0.10959E+05  0.10000E+01
    5.0140   2.0340  19.6190   0.2117   1.1841  0.79445E+04  0.79392E+04  0.52203E+01  0.88422E+04  0.38812E+00  0.19171E+03  0.86501E+04  0.10000E+01
    5.0140   2.0340  20.5566   0.2322   1.2988  0.64097E+04  0.64065E+04  0.31853E+01  0.70535E+04  0.14710E+00  0.14341E+03  0.69099E+04  0.10000E+01
    5.0140   2.0340  21.4550   0.2527   1.4134  0.52171E+04  0.52153E+04  0.17594E+01  0.56804E+04  0.56640E-01  0.10886E+03  0.55715E+04  0.10000E+01
    5.0140   2.0340  22.3188   0.2732   1.5280  0.42749E+04  0.42741E+04  0.79715E+00  0.46085E+04  0.22041E-01  0.83721E+02  0.45248E+04  0.10000E+01
    5.0140   2.0340  23.1521   0.2937   1.6427  0.35204E+04  0.35202E+04  0.18244E+00  0.37600E+04  0.86302E-02  0.65126E+02  0.36949E+04  0.10000E+01
    5.0140   2.0340  23.9579   0.3142   1.7573  0.29095E+04  0.29096E+04 -0.11391E+00  0.30809E+04  0.33890E-02  0.51359E+02  0.30295E+04  0.10000E+01
    5.0140   2.0340  24.7389   0.3347   1.8719  0.24108E+04  0.24111E+04 -0.22466E+00  0.25325E+04  0.13309E-02  0.40944E+02  0.24916E+04  0.10000E+01
    5.0140   2.0340  25.4976   0.3552   1.9866  0.20011E+04  0.20013E+04 -0.24940E+00  0.20865E+04  0.52125E-03  0.32897E+02  0.20536E+04  0.10000E+01
    5.0140   2.0340  26.2357   0.3757   2.1012  0.16634E+04  0.16636E+04 -0.21517E+00  0.17224E+04  0.20327E-03  0.26618E+02  0.16957E+04  0.10000E+01
    5.0140   2.0340  26.9550   0.3962   2.2159  0.13841E+04  0.13843E+04 -0.14214E+00  0.14239E+04  0.78779E-04  0.21658E+02  0.14022E+04  0.10000E+01
    5.0140   2.0340  27.6570   0.4167   2.3305  0.11528E+04  0.11529E+04 -0.45207E-01  0.11786E+04  0.30298E-04  0.17697E+02  0.11610E+04  0.10000E+01
    5.0140   2.0340  28.3429   0.4372   2.4451  0.96112E+03  0.96101E+03  0.10197E+00  0.97689E+03  0.11551E-04  0.14633E+02  0.96225E+03  0.10000E+01
    5.0140   2.0340  29.0139   0.4577   2.5598  0.80181E+03  0.80152E+03  0.28450E+00  0.81040E+03  0.43603E-05  0.12252E+02  0.79815E+03  0.10000E+01
    5.0140   2.0340  29.6711   0.4782   2.6744  0.66927E+03  0.66881E+03  0.46811E+00  0.67278E+03  0.16281E-05  0.10366E+02  0.66241E+03  0.10000E+01
    5.0140   2.0340  30.3153   0.4987   2.7891  0.55864E+03  0.55799E+03  0.64679E+00  0.55864E+03  0.60091E-06  0.88597E+01  0.54978E+03  0.10000E+01
    5.0140   2.0340  30.9473   0.5192   2.9037  0.46626E+03  0.46544E+03  0.81647E+00  0.46389E+03  0.21911E-06  0.76540E+01  0.45624E+03  0.10000E+01
    5.0140   2.0340  31.5679   0.5397   3.0183  0.38891E+03  0.38794E+03  0.97449E+00  0.38503E+03  0.78875E-07  0.66773E+01  0.37836E+03  0.10000E+01
    5.0140   1.9290  19.4789   0.1912   1.1072  0.83207E+04  0.83144E+04  0.63047E+01  0.94470E+04  0.97292E+00  0.23253E+03  0.92135E+04  0.10000E+01
    5.0140   1.9290  20.5070   0.2117   1.2258  0.66334E+04  0.66293E+04  0.40995E+01  0.74381E+04  0.35920E+00  0.17101E+03  0.72667E+04  0.10000E+01
    5.0140   1.9290  21.4880   0.2322   1.3445  0.53489E+04  0.53464E+04  0.25112E+01  0.59287E+04  0.13559E+00  0.12797E+03  0.58006E+04  0.10000E+01
    5.0140   1.9290  22.4281   0.2527   1.4632  0.43513E+04  0.43499E+04  0.13988E+01  0.47709E+04  0.51986E-01  0.97166E+02  0.46737E+04  0.10000E+01
    5.0140   1.9290  23.3322   0.2732   1.5819  0.35635E+04  0.35628E+04  0.64742E+00  0.38676E+04  0.20140E-01  0.74723E+02  0.37928E+04  0.10000E+01
    5.0140   1.9290  24.2044   0.2937   1.7006  0.29327E+04  0.29325E+04  0.16600E+00  0.31530E+04  0.78503E-02  0.58119E+02  0.30949E+04  0.10000E+01
    5.0140   1.9290  25.0480   0.3142   1.8192  0.24225E+04  0.24226E+04 -0.72286E-01  0.25817E+04  0.30682E-02  0.45769E+02  0.25359E+04  0.10000E+01
    5.0140   1.9290  25.8658   0.3347   1.9379  0.20061E+04  0.20063E+04 -0.15765E+00  0.21207E+04  0.11989E-02  0.36435E+02  0.20843E+04  0.10000E+01
    5.0140   1.9290  26.6602   0.3552   2.0566  0.16643E+04  0.16645E+04 -0.17942E+00  0.17460E+04  0.46729E-03  0.29225E+02  0.17168E+04  0.10000E+01
    5.0140   1.9290  27.4332   0.3757   2.1753  0.13827E+04  0.13828E+04 -0.15762E+00  0.14403E+04  0.18129E-03  0.23602E+02  0.14167E+04  0.10000E+01
    5.0140   1.9290  28.1867   0.3962   2.2939  0.11497E+04  0.11498E+04 -0.10712E+00  0.11898E+04  0.69885E-04  0.19182E+02  0.11706E+04  0.10000E+01
    5.0140   1.9290  28.9221   0.4167   2.4126  0.95712E+03  0.95716E+03 -0.38915E-01  0.98428E+03  0.26732E-04  0.15632E+02  0.96864E+03  0.10000E+01
    5.0140   1.9290  29.6408   0.4372   2.5313  0.79741E+03  0.79735E+03  0.64406E-01  0.81513E+03  0.10133E-04  0.12866E+02  0.80226E+03  0.10000E+01
    5.0140   1.9290  30.3440   0.4577   2.6500  0.66486E+03  0.66466E+03  0.20050E+00  0.67577E+03  0.38027E-05  0.10718E+02  0.66505E+03  0.10000E+01
    5.0140   1.9290  31.0327   0.4782   2.7686  0.55449E+03  0.55415E+03  0.33777E+00  0.56052E+03  0.14115E-05  0.90090E+01  0.55151E+03  0.10000E+01
    5.0140   1.9290  31.7080   0.4987   2.8873  0.46246E+03  0.46199E+03  0.47166E+00  0.46503E+03  0.51772E-06  0.76436E+01  0.45739E+03  0.10000E+01
    5.0140   1.9290  32.3706   0.5192   3.0060  0.38569E+03  0.38509E+03  0.59904E+00  0.38584E+03  0.18756E-06  0.65485E+01  0.37929E+03  0.10000E+01
    5.0140   1.9290  33.0213   0.5397   3.1247  0.32137E+03  0.32065E+03  0.71786E+00  0.31991E+03  0.67072E-07  0.56670E+01  0.31424E+03  0.10000E+01
    5.0140   1.7940  19.4986   0.1707   1.0317  0.84128E+04  0.84060E+04  0.68174E+01  0.97919E+04  0.24956E+01  0.28212E+03  0.95073E+04  0.10000E+01
    5.0140   1.7940  20.6481   0.1912   1.1556  0.66073E+04  0.66026E+04  0.46245E+01  0.75842E+04  0.88932E+00  0.20334E+03  0.73800E+04  0.10000E+01
    5.0140   1.7940  21.7393   0.2117   1.2795  0.52647E+04  0.52617E+04  0.30120E+01  0.59660E+04  0.32675E+00  0.14969E+03  0.58160E+04  0.10000E+01
    5.0140   1.7940  22.7808   0.2322   1.4034  0.42433E+04  0.42414E+04  0.18528E+01  0.47513E+04  0.12271E+00  0.11210E+03  0.46390E+04  0.10000E+01
    5.0140   1.7940  23.7790   0.2527   1.5272  0.34503E+04  0.34493E+04  0.10417E+01  0.38204E+04  0.46799E-01  0.85180E+02  0.37352E+04  0.10000E+01
    5.0140   1.7940  24.7392   0.2732   1.6511  0.28242E+04  0.28237E+04  0.49352E+00  0.30944E+04  0.18031E-01  0.65534E+02  0.30289E+04  0.10000E+01
    5.0140   1.7940  25.6656   0.2937   1.7750  0.23230E+04  0.23229E+04  0.14118E+00  0.25207E+04  0.69890E-02  0.50978E+02  0.24698E+04  0.10000E+01
    5.0140   1.7940  26.5619   0.3142   1.8988  0.19177E+04  0.19178E+04 -0.39203E-01  0.20622E+04  0.27155E-02  0.40106E+02  0.20221E+04  0.10000E+01
    5.0140   1.7940  27.4310   0.3347   2.0227  0.15873E+04  0.15874E+04 -0.99688E-01  0.16925E+04  0.10547E-02  0.31887E+02  0.16607E+04  0.10000E+01
    5.0140   1.7940  28.2754   0.3552   2.1466  0.13161E+04  0.13162E+04 -0.11715E+00  0.13925E+04  0.40849E-03  0.25535E+02  0.13669E+04  0.10000E+01
    5.0140   1.7940  29.0973   0.3757   2.2705  0.10926E+04  0.10927E+04 -0.10515E+00  0.11477E+04  0.15744E-03  0.20582E+02  0.11271E+04  0.10000E+01
    5.0140   1.7940  29.8985   0.3962   2.3943  0.90809E+03  0.90817E+03 -0.73763E-01  0.94746E+03  0.60292E-04  0.16690E+02  0.93077E+03  0.10000E+01
    5.0140   1.7940  30.6807   0.4167   2.5182  0.75535E+03  0.75538E+03 -0.30354E-01  0.78307E+03  0.22904E-04  0.13592E+02  0.76948E+03  0.10000E+01
    5.0140   1.7940  31.4453   0.4372   2.6421  0.62885E+03  0.62882E+03  0.34754E-01  0.64797E+03  0.86208E-05  0.11134E+02  0.63684E+03  0.10000E+01
    5.0140   1.7940  32.1935   0.4577   2.7659  0.52387E+03  0.52374E+03  0.12859E+00  0.53667E+03  0.32117E-05  0.92182E+01  0.52745E+03  0.10000E+01
    5.0140   1.7940  32.9266   0.4782   2.8898  0.43649E+03  0.43627E+03  0.22360E+00  0.44467E+03  0.11830E-05  0.76932E+01  0.43698E+03  0.10000E+01
    5.0140   1.7940  33.6454   0.4987   3.0137  0.36373E+03  0.36342E+03  0.31650E+00  0.36856E+03  0.43061E-06  0.64715E+01  0.36209E+03  0.10000E+01
    5.0140   1.7940  34.3509   0.5192   3.1375  0.30300E+03  0.30259E+03  0.40507E+00  0.30543E+03  0.15476E-06  0.54931E+01  0.29994E+03  0.10000E+01
    5.0140   1.7940  35.0440   0.5397   3.2614  0.25222E+03  0.25174E+03  0.48789E+00  0.25297E+03  0.54878E-07  0.47022E+01  0.24827E+03  0.10000E+01
    5.0140   1.6940  20.3843   0.1707   1.0638  0.70907E+04  0.70853E+04  0.54282E+01  0.83311E+04  0.23506E+01  0.25753E+03  0.80712E+04  0.10000E+01
    5.0140   1.6940  21.5871   0.1912   1.1915  0.55683E+04  0.55646E+04  0.36816E+01  0.64496E+04  0.83495E+00  0.18583E+03  0.62629E+04  0.10000E+01
    5.0140   1.6940  22.7292   0.2117   1.3192  0.44361E+04  0.44337E+04  0.24000E+01  0.50710E+04  0.30569E+00  0.13694E+03  0.49338E+04  0.10000E+01
    5.0140   1.6940  23.8194   0.2322   1.4469  0.35748E+04  0.35734E+04  0.14804E+01  0.40366E+04  0.11439E+00  0.10270E+03  0.39338E+04  0.10000E+01
    5.0140   1.6940  24.8645   0.2527   1.5747  0.29063E+04  0.29055E+04  0.83734E+00  0.32442E+04  0.43459E-01  0.78096E+02  0.31661E+04  0.10000E+01
    5.0140   1.6940  25.8700   0.2732   1.7024  0.23784E+04  0.23780E+04  0.40263E+00  0.26266E+04  0.16678E-01  0.60124E+02  0.25665E+04  0.10000E+01
    5.0140   1.6940  26.8404   0.2937   1.8301  0.19558E+04  0.19557E+04  0.12266E+00  0.21384E+04  0.64370E-02  0.46789E+02  0.20916E+04  0.10000E+01
    5.0140   1.6940  27.7793   0.3142   1.9578  0.16140E+04  0.16141E+04 -0.24247E-01  0.17484E+04  0.24904E-02  0.36804E+02  0.17116E+04  0.10000E+01
    5.0140   1.6940  28.6899   0.3347   2.0855  0.13355E+04  0.13356E+04 -0.70763E-01  0.14343E+04  0.96295E-03  0.29243E+02  0.14051E+04  0.10000E+01
    5.0140   1.6940  29.5747   0.3552   2.2132  0.11069E+04  0.11070E+04 -0.85160E-01  0.11794E+04  0.37129E-03  0.23402E+02  0.11560E+04  0.10000E+01
    5.0140   1.6940  30.4361   0.3757   2.3410  0.91870E+03  0.91878E+03 -0.77589E-01  0.97165E+03  0.14244E-03  0.18844E+02  0.95280E+03  0.10000E+01
    5.0140   1.6940  31.2760   0.3962   2.4687  0.76320E+03  0.76326E+03 -0.55552E-01  0.80163E+03  0.54284E-04  0.15263E+02  0.78637E+03  0.10000E+01
    5.0140   1.6940  32.0962   0.4167   2.5964  0.63455E+03  0.63458E+03 -0.24537E-01  0.66219E+03  0.20518E-04  0.12424E+02  0.64977E+03  0.10000E+01
    5.0140   1.6940  32.8980   0.4372   2.7241  0.52803E+03  0.52801E+03  0.21356E-01  0.54762E+03  0.76832E-05  0.10154E+02  0.53747E+03  0.10000E+01
    5.0140   1.6940  33.6828   0.4577   2.8518  0.43964E+03  0.43955E+03  0.92856E-01  0.45326E+03  0.28473E-05  0.83765E+01  0.44489E+03  0.10000E+01
    5.0140   1.6940  34.4518   0.4782   2.9796  0.36613E+03  0.36597E+03  0.16543E+00  0.37534E+03  0.10432E-05  0.69579E+01  0.36838E+03  0.10000E+01
    5.0140   1.6940  35.2060   0.4987   3.1073  0.30488E+03  0.30465E+03  0.23652E+00  0.31086E+03  0.37760E-06  0.58225E+01  0.30503E+03  0.10000E+01
    5.0140   1.6940  35.9465   0.5192   3.2350  0.25379E+03  0.25349E+03  0.30443E+00  0.25740E+03  0.13491E-06  0.49100E+01  0.25249E+03  0.10000E+01
    5.0140   1.6940  36.6739   0.5397   3.3627  0.21107E+03  0.21070E+03  0.36799E+00  0.21299E+03  0.47563E-07  0.41726E+01  0.20882E+03  0.10000E+01
    5.0140   1.5990  21.2893   0.1707   1.0942  0.60220E+04  0.60176E+04  0.43753E+01  0.71459E+04  0.22267E+01  0.23778E+03  0.69059E+04  0.10000E+01
    5.0140   1.5990  22.5469   0.1912   1.2256  0.47292E+04  0.47263E+04  0.29664E+01  0.55302E+04  0.78847E+00  0.17188E+03  0.53576E+04  0.10000E+01
    5.0140   1.5990  23.7413   0.2117   1.3570  0.37677E+04  0.37657E+04  0.19350E+01  0.43464E+04  0.28772E+00  0.12681E+03  0.42193E+04  0.10000E+01
    5.0140   1.5990  24.8815   0.2322   1.4883  0.30360E+04  0.30348E+04  0.11962E+01  0.34586E+04  0.10730E+00  0.95178E+02  0.33633E+04  0.10000E+01
    5.0140   1.5990  25.9748   0.2527   1.6197  0.24682E+04  0.24675E+04  0.68005E+00  0.27786E+04  0.40620E-01  0.72458E+02  0.27061E+04  0.10000E+01
    5.0140   1.5990  27.0268   0.2732   1.7511  0.20197E+04  0.20194E+04  0.33112E+00  0.22488E+04  0.15531E-01  0.55837E+02  0.21930E+04  0.10000E+01
    5.0140   1.5990  28.0422   0.2937   1.8825  0.16607E+04  0.16605E+04  0.10605E+00  0.18302E+04  0.59718E-02  0.43487E+02  0.17867E+04  0.10000E+01
    5.0140   1.5990  29.0250   0.3142   2.0138  0.13702E+04  0.13702E+04 -0.14893E-01  0.14958E+04  0.23010E-02  0.34212E+02  0.14616E+04  0.10000E+01
    5.0140   1.5990  29.9782   0.3347   2.1452  0.11335E+04  0.11335E+04 -0.50910E-01  0.12265E+04  0.88614E-03  0.27182E+02  0.11993E+04  0.10000E+01
    5.0140   1.5990  30.9047   0.3552   2.2766  0.93930E+03  0.93936E+03 -0.62681E-01  0.10081E+04  0.34020E-03  0.21743E+02  0.98638E+03  0.10000E+01
    5.0140   1.5990  31.8069   0.3757   2.4080  0.77932E+03  0.77937E+03 -0.57881E-01  0.83016E+03  0.12993E-03  0.17500E+02  0.81266E+03  0.10000E+01
    5.0140   1.5990  32.6867   0.3962   2.5393  0.64724E+03  0.64729E+03 -0.42174E-01  0.68457E+03  0.49293E-04  0.14162E+02  0.67041E+03  0.10000E+01
    5.0140   1.5990  33.5459   0.4167   2.6707  0.53798E+03  0.53800E+03 -0.19694E-01  0.56525E+03  0.18547E-04  0.11521E+02  0.55373E+03  0.10000E+01
    5.0140   1.5990  34.3861   0.4372   2.8021  0.44747E+03  0.44745E+03  0.12938E-01  0.46721E+03  0.69121E-05  0.94206E+01  0.45779E+03  0.10000E+01
    5.0140   1.5990  35.2087   0.4577   2.9334  0.37238E+03  0.37231E+03  0.68279E-01  0.38648E+03  0.25488E-05  0.77465E+01  0.37873E+03  0.10000E+01
    5.0140   1.5990  36.0148   0.4782   3.0648  0.30995E+03  0.30983E+03  0.12458E+00  0.31983E+03  0.92917E-06  0.64109E+01  0.31342E+03  0.10000E+01
    5.0140   1.5990  36.8057   0.4987   3.1962  0.25796E+03  0.25778E+03  0.17983E+00  0.26471E+03  0.33454E-06  0.53402E+01  0.25937E+03  0.10000E+01
    5.0140   1.5990  37.5822   0.5192   3.3275  0.21461E+03  0.21437E+03  0.23268E+00  0.21905E+03  0.11890E-06  0.44788E+01  0.21457E+03  0.10000E+01
    5.0140   1.5990  38.3453   0.5397   3.4589  0.17835E+03  0.17807E+03  0.28221E+00  0.18111E+03  0.41684E-07  0.37822E+01  0.17733E+03  0.10000E+01
    5.0140   1.5090  22.2133   0.1707   1.1231  0.51515E+04  0.51480E+04  0.35676E+01  0.61767E+04  0.21200E+01  0.22183E+03  0.59527E+04  0.10000E+01
    5.0140   1.5090  23.5269   0.1912   1.2579  0.40464E+04  0.40440E+04  0.24178E+01  0.47791E+04  0.74865E+00  0.16056E+03  0.46178E+04  0.10000E+01
    5.0140   1.5090  24.7747   0.2117   1.3927  0.32242E+04  0.32226E+04  0.15779E+01  0.37554E+04  0.27240E+00  0.11864E+03  0.36365E+04  0.10000E+01
    5.0140   1.5090  25.9663   0.2322   1.5276  0.25983E+04  0.25973E+04  0.97720E+00  0.29875E+04  0.10126E+00  0.89171E+02  0.28982E+04  0.10000E+01
    5.0140   1.5090  27.1090   0.2527   1.6624  0.21124E+04  0.21118E+04  0.55798E+00  0.23995E+04  0.38207E-01  0.67977E+02  0.23315E+04  0.10000E+01
    5.0140   1.5090  28.2088   0.2732   1.7972  0.17287E+04  0.17284E+04  0.27459E+00  0.19415E+04  0.14557E-01  0.52447E+02  0.18890E+04  0.10000E+01
    5.0140   1.5090  29.2705   0.2937   1.9321  0.14213E+04  0.14212E+04  0.91576E-01  0.15796E+04  0.55775E-02  0.40888E+02  0.15387E+04  0.10000E+01
    5.0140   1.5090  30.2983   0.3142   2.0669  0.11726E+04  0.11726E+04 -0.90175E-02  0.12905E+04  0.21412E-02  0.32186E+02  0.12583E+04  0.10000E+01
    5.0140   1.5090  31.2955   0.3347   2.2017  0.96987E+03  0.96991E+03 -0.37111E-01  0.10578E+04  0.82131E-03  0.25577E+02  0.10322E+04  0.10000E+01
    5.0140   1.5090  32.2648   0.3552   2.3366  0.80362E+03  0.80366E+03 -0.46694E-01  0.86916E+03  0.31408E-03  0.20463E+02  0.84870E+03  0.10000E+01
    5.0140   1.5090  33.2089   0.3757   2.4714  0.66666E+03  0.66670E+03 -0.43647E-01  0.71544E+03  0.11947E-03  0.16466E+02  0.69898E+03  0.10000E+01
    5.0140   1.5090  34.1298   0.3962   2.6062  0.55354E+03  0.55357E+03 -0.32289E-01  0.58977E+03  0.45130E-04  0.13321E+02  0.57645E+03  0.10000E+01
    5.0140   1.5090  35.0293   0.4167   2.7411  0.45996E+03  0.45997E+03 -0.15768E-01  0.48675E+03  0.16907E-04  0.10829E+02  0.47592E+03  0.10000E+01
    5.0140   1.5090  35.9091   0.4372   2.8759  0.38246E+03  0.38246E+03  0.76084E-02  0.40217E+03  0.62730E-05  0.88527E+01  0.39331E+03  0.10000E+01
    5.0140   1.5090  36.7707   0.4577   3.0107  0.31817E+03  0.31812E+03  0.51081E-01  0.33252E+03  0.23024E-05  0.72801E+01  0.32524E+03  0.10000E+01
    5.0140   1.5090  37.6152   0.4782   3.1456  0.26470E+03  0.26461E+03  0.95400E-01  0.27503E+03  0.83537E-06  0.60082E+01  0.26902E+03  0.10000E+01
    5.0140   1.5090  38.4439   0.4987   3.2804  0.22018E+03  0.22005E+03  0.13897E+00  0.22748E+03  0.29932E-06  0.49852E+01  0.22250E+03  0.10000E+01
    5.0140   1.5090  39.2578   0.5192   3.4153  0.18307E+03  0.18289E+03  0.18069E+00  0.18812E+03  0.10584E-06  0.41621E+01  0.18395E+03  0.10000E+01
    5.0140   1.5090  40.0577   0.5397   3.5501  0.15206E+03  0.15184E+03  0.21985E+00  0.15543E+03  0.36918E-07  0.34961E+01  0.15194E+03  0.10000E+01
    5.0140   1.4190  21.7564   0.1502   1.0136  0.56996E+04  0.56954E+04  0.41706E+01  0.70330E+04  0.59852E+01  0.29441E+03  0.67326E+04  0.10000E+01
    5.0140   1.4190  23.2125   0.1707   1.1519  0.43990E+04  0.43961E+04  0.29083E+01  0.53357E+04  0.20234E+01  0.20802E+03  0.51257E+04  0.10000E+01
    5.0140   1.4190  24.5870   0.1912   1.2902  0.34563E+04  0.34543E+04  0.19699E+01  0.41279E+04  0.71258E+00  0.15086E+03  0.39763E+04  0.10000E+01
    5.0140   1.4190  25.8929   0.2117   1.4285  0.27548E+04  0.27535E+04  0.12860E+01  0.32433E+04  0.25852E+00  0.11169E+03  0.31314E+04  0.10000E+01
    5.0140   1.4190  27.1402   0.2322   1.5668  0.22205E+04  0.22197E+04  0.79773E+00  0.25796E+04  0.95809E-01  0.84095E+02  0.24955E+04  0.10000E+01
    5.0140   1.4190  28.3366   0.2527   1.7051  0.18055E+04  0.18051E+04  0.45732E+00  0.20716E+04  0.36036E-01  0.64215E+02  0.20074E+04  0.10000E+01
    5.0140   1.4190  29.4884   0.2732   1.8434  0.14777E+04  0.14775E+04  0.22723E+00  0.16758E+04  0.13684E-01  0.49618E+02  0.16262E+04  0.10000E+01
    5.0140   1.4190  30.6006   0.2937   1.9817  0.12151E+04  0.12150E+04  0.78484E-01  0.13631E+04  0.52240E-02  0.38735E+02  0.13244E+04  0.10000E+01
    5.0140   1.4190  31.6775   0.3142   2.1200  0.10025E+04  0.10025E+04 -0.51500E-02  0.11134E+04  0.19981E-02  0.30520E+02  0.10829E+04  0.10000E+01
    5.0140   1.4190  32.7225   0.3347   2.2583  0.82911E+03  0.82914E+03 -0.26909E-01  0.91231E+03  0.76355E-03  0.24269E+02  0.88804E+03  0.10000E+01
    5.0140   1.4190  33.7386   0.3552   2.3966  0.68693E+03  0.68697E+03 -0.34611E-01  0.74936E+03  0.29083E-03  0.19424E+02  0.72994E+03  0.10000E+01
    5.0140   1.4190  34.7285   0.3757   2.5349  0.56978E+03  0.56982E+03 -0.32732E-01  0.61665E+03  0.11017E-03  0.15636E+02  0.60101E+03  0.10000E+01
    5.0140   1.4190  35.6942   0.3962   2.6732  0.47304E+03  0.47307E+03 -0.24554E-01  0.50816E+03  0.41449E-04  0.12649E+02  0.49551E+03  0.10000E+01
    5.0140   1.4190  36.6379   0.4167   2.8115  0.39297E+03  0.39298E+03 -0.12462E-01  0.41923E+03  0.15459E-04  0.10281E+02  0.40895E+03  0.10000E+01
    5.0140   1.4190  37.5610   0.4372   2.9498  0.32667E+03  0.32666E+03  0.40591E-02  0.34621E+03  0.57107E-05  0.83977E+01  0.33781E+03  0.10000E+01
    5.0140   1.4190  38.4652   0.4577   3.0880  0.27167E+03  0.27163E+03  0.38230E-01  0.28615E+03  0.20867E-05  0.69121E+01  0.27924E+03  0.10000E+01
    5.0140   1.4190  39.3518   0.4782   3.2263  0.22593E+03  0.22586E+03  0.73145E-01  0.23656E+03  0.75351E-06  0.56991E+01  0.23086E+03  0.10000E+01
    5.0140   1.4190  40.2220   0.4987   3.3646  0.18786E+03  0.18775E+03  0.10752E+00  0.19557E+03  0.26868E-06  0.47163E+01  0.19085E+03  0.10000E+01
    5.0140   1.4190  41.0768   0.5192   3.5029  0.15610E+03  0.15596E+03  0.14048E+00  0.16160E+03  0.94545E-07  0.39227E+01  0.15768E+03  0.10000E+01
    5.0140   1.4190  41.9173   0.5397   3.6412  0.12957E+03  0.12940E+03  0.17145E+00  0.13343E+03  0.32806E-07  0.32795E+01  0.13015E+03  0.10000E+01
    5.0140   1.3340  22.7149   0.1502   1.0376  0.48974E+04  0.48940E+04  0.34401E+01  0.61198E+04  0.57532E+01  0.27781E+03  0.58362E+04  0.10000E+01
    5.0140   1.3340  24.2370   0.1707   1.1791  0.37814E+04  0.37790E+04  0.23961E+01  0.46426E+04  0.19405E+01  0.19674E+03  0.44439E+04  0.10000E+01
    5.0140   1.3340  25.6741   0.1912   1.3207  0.29722E+04  0.29706E+04  0.16220E+01  0.35916E+04  0.68172E+00  0.14300E+03  0.34479E+04  0.10000E+01
    5.0140   1.3340  27.0399   0.2117   1.4623  0.23698E+04  0.23687E+04  0.10591E+01  0.28219E+04  0.24666E+00  0.10609E+03  0.27155E+04  0.10000E+01
    5.0140   1.3340  28.3446   0.2322   1.6038  0.19108E+04  0.19101E+04  0.65784E+00  0.22443E+04  0.91162E-01  0.80044E+02  0.21641E+04  0.10000E+01
    5.0140   1.3340  29.5965   0.2527   1.7454  0.15540E+04  0.15537E+04  0.37839E+00  0.18021E+04  0.34184E-01  0.61232E+02  0.17408E+04  0.10000E+01
    5.0140   1.3340  30.8019   0.2732   1.8870  0.12721E+04  0.12719E+04  0.18959E+00  0.14576E+04  0.12940E-01  0.47398E+02  0.14102E+04  0.10000E+01
    5.0140   1.3340  31.9662   0.2937   2.0285  0.10462E+04  0.10462E+04  0.67415E-01  0.11855E+04  0.49241E-02  0.37061E+02  0.11484E+04  0.10000E+01
    5.0140   1.3340  33.0938   0.3142   2.1701  0.86325E+03  0.86325E+03 -0.27739E-02  0.96810E+03  0.18770E-02  0.29239E+02  0.93886E+03  0.10000E+01
    5.0140   1.3340  34.1883   0.3347   2.3117  0.71397E+03  0.71398E+03 -0.19746E-01  0.79308E+03  0.71474E-03  0.23273E+02  0.76980E+03  0.10000E+01
    5.0140   1.3340  35.2529   0.3552   2.4532  0.59151E+03  0.59154E+03 -0.25937E-01  0.65124E+03  0.27122E-03  0.18642E+02  0.63260E+03  0.10000E+01
    5.0140   1.3340  36.2902   0.3757   2.5948  0.49061E+03  0.49064E+03 -0.24790E-01  0.53575E+03  0.10236E-03  0.15015E+02  0.52073E+03  0.10000E+01
    5.0140   1.3340  37.3025   0.3962   2.7364  0.40727E+03  0.40729E+03 -0.18823E-01  0.44136E+03  0.38356E-04  0.12154E+02  0.42920E+03  0.10000E+01
    5.0140   1.3340  38.2918   0.4167   2.8779  0.33830E+03  0.33831E+03 -0.98639E-02  0.36405E+03  0.14250E-04  0.98805E+01  0.35416E+03  0.10000E+01
    5.0140   1.3340  39.2600   0.4372   3.0195  0.28114E+03  0.28114E+03  0.18463E-02  0.30050E+03  0.52417E-05  0.80681E+01  0.29243E+03  0.10000E+01
    5.0140   1.3340  40.2085   0.4577   3.1611  0.23375E+03  0.23372E+03  0.29071E-01  0.24826E+03  0.19072E-05  0.66344E+01  0.24162E+03  0.10000E+01
    5.0140   1.3340  41.1389   0.4782   3.3026  0.19434E+03  0.19429E+03  0.56948E-01  0.20517E+03  0.68565E-06  0.54819E+01  0.19968E+03  0.10000E+01
    5.0140   1.3340  42.0522   0.4987   3.4442  0.16152E+03  0.16144E+03  0.84429E-01  0.16952E+03  0.24341E-06  0.45309E+01  0.16499E+03  0.10000E+01
    5.0140   1.3340  42.9497   0.5192   3.5858  0.13417E+03  0.13406E+03  0.11081E+00  0.14002E+03  0.85255E-07  0.37576E+01  0.13626E+03  0.10000E+01
    5.0140   1.3340  43.8323   0.5397   3.7273  0.11131E+03  0.11117E+03  0.13563E+00  0.11554E+03  0.29446E-07  0.31314E+01  0.11240E+03  0.10000E+01
    5.0140   1.2540  23.6952   0.1502   1.0601  0.42353E+04  0.42324E+04  0.28668E+01  0.53626E+04  0.55547E+01  0.26407E+03  0.50929E+04  0.10000E+01
    5.0140   1.2540  25.2851   0.1707   1.2048  0.32716E+04  0.32696E+04  0.19943E+01  0.40683E+04  0.18697E+01  0.18748E+03  0.38790E+04  0.10000E+01
    5.0140   1.2540  26.7866   0.1912   1.3494  0.25727E+04  0.25713E+04  0.13492E+01  0.31475E+04  0.65534E+00  0.13659E+03  0.30102E+04  0.10000E+01
    5.0140   1.2540  28.2139   0.2117   1.4941  0.20521E+04  0.20513E+04  0.88103E+00  0.24731E+04  0.23655E+00  0.10157E+03  0.23713E+04  0.10000E+01
    5.0140   1.2540  29.5778   0.2322   1.6387  0.16553E+04  0.16547E+04  0.54784E+00  0.19668E+04  0.87196E-01  0.76802E+02  0.18900E+04  0.10000E+01
    5.0140   1.2540  30.8867   0.2527   1.7834  0.13467E+04  0.13464E+04  0.31605E+00  0.15793E+04  0.32610E-01  0.58876E+02  0.15204E+04  0.10000E+01
    5.0140   1.2540  32.1474   0.2732   1.9280  0.11027E+04  0.11025E+04  0.15949E+00  0.12773E+04  0.12309E-01  0.45666E+02  0.12316E+04  0.10000E+01
    5.0140   1.2540  33.3655   0.2937   2.0726  0.90702E+03  0.90696E+03  0.58111E-01  0.10387E+04  0.46694E-02  0.35772E+02  0.10029E+04  0.10000E+01
    5.0140   1.2540  34.5454   0.3142   2.2173  0.74851E+03  0.74851E+03 -0.13280E-02  0.84817E+03  0.17744E-02  0.28267E+02  0.81990E+03  0.10000E+01
    5.0140   1.2540  35.6911   0.3347   2.3619  0.61912E+03  0.61913E+03 -0.14662E-01  0.69467E+03  0.67343E-03  0.22528E+02  0.67215E+03  0.10000E+01
    5.0140   1.2540  36.8057   0.3552   2.5066  0.51295E+03  0.51297E+03 -0.19648E-01  0.57034E+03  0.25468E-03  0.18066E+02  0.55228E+03  0.10000E+01
    5.0140   1.2540  37.8920   0.3757   2.6512  0.42547E+03  0.42549E+03 -0.18959E-01  0.46909E+03  0.95785E-04  0.14565E+02  0.45453E+03  0.10000E+01
    5.0140   1.2540  38.9525   0.3962   2.7959  0.35318E+03  0.35319E+03 -0.14550E-01  0.38636E+03  0.35762E-04  0.11799E+02  0.37456E+03  0.10000E+01
    5.0140   1.2540  39.9892   0.4167   2.9405  0.29333E+03  0.29334E+03 -0.78313E-02  0.31855E+03  0.13236E-04  0.95995E+01  0.30896E+03  0.10000E+01
    5.0140   1.2540  41.0041   0.4372   3.0851  0.24374E+03  0.24374E+03  0.47311E-03  0.26289E+03  0.48499E-05  0.78407E+01  0.25505E+03  0.10000E+01
    5.0140   1.2540  41.9987   0.4577   3.2298  0.20260E+03  0.20258E+03  0.22449E-01  0.21710E+03  0.17575E-05  0.64434E+01  0.21065E+03  0.10000E+01
    5.0140   1.2540  42.9744   0.4782   3.3744  0.16840E+03  0.16836E+03  0.44988E-01  0.17935E+03  0.62936E-06  0.53196E+01  0.17403E+03  0.10000E+01
    5.0140   1.2540  43.9327   0.4987   3.5191  0.13992E+03  0.13986E+03  0.67241E-01  0.14815E+03  0.22247E-06  0.44109E+01  0.14374E+03  0.10000E+01
    5.0140   1.2540  44.8746   0.5192   3.6637  0.11617E+03  0.11609E+03  0.88625E-01  0.12230E+03  0.77585E-07  0.36543E+01  0.11864E+03  0.10000E+01
    5.0140   1.2540  45.8011   0.5397   3.8084  0.96332E+02  0.96223E+02  0.10876E+00  0.10085E+03  0.26681E-07  0.30368E+01  0.97813E+02  0.10000E+01
    5.0140   1.1790  24.6950   0.1502   1.0813  0.36862E+04  0.36838E+04  0.24127E+01  0.47309E+04  0.53850E+01  0.25266E+03  0.44729E+04  0.10000E+01
    5.0140   1.1790  26.3543   0.1707   1.2288  0.28489E+04  0.28472E+04  0.16765E+01  0.35902E+04  0.18092E+01  0.17984E+03  0.34085E+04  0.10000E+01
    5.0140   1.1790  27.9217   0.1912   1.3763  0.22415E+04  0.22403E+04  0.11335E+01  0.27779E+04  0.63289E+00  0.13135E+03  0.26459E+04  0.10000E+01
    5.0140   1.1790  29.4121   0.2117   1.5239  0.17888E+04  0.17880E+04  0.74016E+00  0.21829E+04  0.22795E+00  0.97920E+02  0.20848E+04  0.10000E+01
    5.0140   1.1790  30.8367   0.2322   1.6714  0.14435E+04  0.14430E+04  0.46067E+00  0.17363E+04  0.83830E-01  0.74218E+02  0.16620E+04  0.10000E+01
    5.0140   1.1790  32.2042   0.2527   1.8189  0.11748E+04  0.11745E+04  0.26644E+00  0.13941E+04  0.31274E-01  0.57029E+02  0.13371E+04  0.10000E+01
    5.0140   1.1790  33.5218   0.2732   1.9665  0.96216E+03  0.96202E+03  0.13528E+00  0.11275E+04  0.11773E-01  0.44325E+02  0.10832E+04  0.10000E+01
    5.0140   1.1790  34.7951   0.2937   2.1140  0.79166E+03  0.79161E+03  0.50326E-01  0.91693E+03  0.44542E-02  0.34794E+02  0.88213E+03  0.10000E+01
    5.0140   1.1790  36.0290   0.3142   2.2615  0.65344E+03  0.65344E+03 -0.46170E-03  0.74865E+03  0.16876E-02  0.27544E+02  0.72110E+03  0.10000E+01
    5.0140   1.1790  37.2273   0.3347   2.4090  0.54056E+03  0.54057E+03 -0.11016E-01  0.61313E+03  0.63859E-03  0.21986E+02  0.59114E+03  0.10000E+01
    5.0140   1.1790  38.3935   0.3552   2.5566  0.44790E+03  0.44791E+03 -0.15045E-01  0.50328E+03  0.24075E-03  0.17656E+02  0.48563E+03  0.10000E+01
    5.0140   1.1790  39.5306   0.3757   2.7041  0.37153E+03  0.37154E+03 -0.14644E-01  0.41387E+03  0.90241E-04  0.14253E+02  0.39962E+03  0.10000E+01
    5.0140   1.1790  40.6408   0.3962   2.8516  0.30840E+03  0.30841E+03 -0.11344E-01  0.34079E+03  0.33581E-04  0.11560E+02  0.32923E+03  0.10000E+01
    5.0140   1.1790  41.7266   0.4167   2.9992  0.25614E+03  0.25614E+03 -0.62444E-02  0.28094E+03  0.12385E-04  0.94130E+01  0.27152E+03  0.10000E+01
    5.0140   1.1790  42.7898   0.4372   3.1467  0.21281E+03  0.21281E+03 -0.13484E-03  0.23177E+03  0.45219E-05  0.76944E+01  0.22408E+03  0.10000E+01
    5.0140   1.1790  43.8321   0.4577   3.2942  0.17686E+03  0.17684E+03  0.17595E-01  0.19134E+03  0.16326E-05  0.63245E+01  0.18502E+03  0.10000E+01
    5.0140   1.1790  44.8549   0.4782   3.4417  0.14698E+03  0.14694E+03  0.36047E-01  0.15801E+03  0.58242E-06  0.52186E+01  0.15279E+03  0.10000E+01
    5.0140   1.1790  45.8598   0.4987   3.5893  0.12209E+03  0.12204E+03  0.54286E-01  0.13047E+03  0.20508E-06  0.43239E+01  0.12615E+03  0.10000E+01
    5.0140   1.1790  46.8478   0.5192   3.7368  0.10133E+03  0.10126E+03  0.71830E-01  0.10767E+03  0.71238E-07  0.35966E+01  0.10408E+03  0.10000E+01
    5.0140   1.1790  47.8201   0.5397   3.8843  0.83986E+02  0.83898E+02  0.88362E-01  0.88750E+02  0.24396E-07  0.29873E+01  0.85763E+02  0.10000E+01
    5.0140   1.1090  25.7105   0.1502   1.1010  0.32291E+04  0.32271E+04  0.20504E+01  0.42016E+04  0.52412E+01  0.24310E+03  0.39533E+04  0.10000E+01
    5.0140   1.1090  27.4406   0.1707   1.2512  0.24971E+04  0.24956E+04  0.14232E+01  0.31906E+04  0.17580E+01  0.17351E+03  0.30153E+04  0.10000E+01
    5.0140   1.1090  29.0753   0.1912   1.4015  0.19657E+04  0.19647E+04  0.96160E+00  0.24692E+04  0.61389E+00  0.12707E+03  0.23415E+04  0.10000E+01
    5.0140   1.1090  30.6302   0.2117   1.5517  0.15695E+04  0.15689E+04  0.62789E+00  0.19406E+04  0.22068E+00  0.94970E+02  0.18454E+04  0.10000E+01
    5.0140   1.1090  32.1168   0.2322   1.7019  0.12671E+04  0.12667E+04  0.39110E+00  0.15438E+04  0.80990E-01  0.72166E+02  0.14715E+04  0.10000E+01
    5.0140   1.1090  33.5444   0.2527   1.8521  0.10316E+04  0.10314E+04  0.22669E+00  0.12397E+04  0.30145E-01  0.55587E+02  0.11840E+04  0.10000E+01
    5.0140   1.1090  34.9202   0.2732   2.0023  0.84519E+03  0.84507E+03  0.11573E+00  0.10026E+04  0.11322E-01  0.43308E+02  0.95930E+03  0.10000E+01
    5.0140   1.1090  36.2502   0.2937   2.1526  0.69561E+03  0.69557E+03  0.43817E-01  0.81534E+03  0.42725E-02  0.34067E+02  0.78126E+03  0.10000E+01
    5.0140   1.1090  37.5394   0.3142   2.3028  0.57430E+03  0.57430E+03  0.12594E-03  0.66569E+03  0.16145E-02  0.27024E+02  0.63867E+03  0.10000E+01
    5.0140   1.1090  38.7919   0.3347   2.4530  0.47517E+03  0.47518E+03 -0.83772E-02  0.54515E+03  0.60922E-03  0.21610E+02  0.52354E+03  0.10000E+01
    5.0140   1.1090  40.0112   0.3552   2.6032  0.39376E+03  0.39377E+03 -0.11647E-01  0.44744E+03  0.22902E-03  0.17383E+02  0.43006E+03  0.10000E+01
    5.0140   1.1090  41.2004   0.3757   2.7535  0.32664E+03  0.32665E+03 -0.11426E-01  0.36791E+03  0.85588E-04  0.14054E+02  0.35385E+03  0.10000E+01
    5.0140   1.1090  42.3620   0.3962   2.9037  0.27115E+03  0.27116E+03 -0.89227E-02  0.30290E+03  0.31748E-04  0.11414E+02  0.29149E+03  0.10000E+01
    5.0140   1.1090  43.4983   0.4167   3.0539  0.22520E+03  0.22520E+03 -0.50067E-02  0.24964E+03  0.11672E-04  0.93064E+01  0.24033E+03  0.10000E+01
    5.0140   1.1090  44.6113   0.4372   3.2041  0.18709E+03  0.18709E+03 -0.29799E-03  0.20591E+03  0.42478E-05  0.76155E+01  0.19830E+03  0.10000E+01
    5.0140   1.1090  45.7029   0.4577   3.3543  0.15547E+03  0.15546E+03  0.13993E-01  0.16995E+03  0.15284E-05  0.62625E+01  0.16369E+03  0.10000E+01
    5.0140   1.1090  46.7745   0.4782   3.5046  0.12918E+03  0.12915E+03  0.29282E-01  0.14029E+03  0.54331E-06  0.51669E+01  0.13513E+03  0.10000E+01
    5.0140   1.1090  47.8276   0.4987   3.6548  0.10728E+03  0.10724E+03  0.44411E-01  0.11580E+03  0.19063E-06  0.42817E+01  0.11152E+03  0.10000E+01
    5.0140   1.1090  48.8635   0.5192   3.8050  0.89015E+02  0.88956E+02  0.58978E-01  0.95530E+02  0.65970E-07  0.35586E+01  0.91972E+02  0.10000E+01
    5.0140   1.1090  49.8832   0.5397   3.9552  0.73760E+02  0.73687E+02  0.72714E-01  0.78727E+02  0.22507E-07  0.29686E+01  0.75759E+02  0.10000E+01
    5.0140   1.0390  26.8194   0.1502   1.1207  0.28197E+04  0.28179E+04  0.17387E+01  0.37245E+04  0.51112E+01  0.23449E+03  0.34849E+04  0.10000E+01
    5.0140   1.0390  28.6271   0.1707   1.2737  0.21818E+04  0.21806E+04  0.12055E+01  0.28309E+04  0.17118E+01  0.16788E+03  0.26613E+04  0.10000E+01
    5.0140   1.0390  30.3358   0.1912   1.4266  0.17186E+04  0.17178E+04  0.81390E+00  0.21914E+04  0.59674E+00  0.12330E+03  0.20675E+04  0.10000E+01
    5.0140   1.0390  31.9615   0.2117   1.5795  0.13729E+04  0.13724E+04  0.53140E+00  0.17227E+04  0.21413E+00  0.92425E+02  0.16301E+04  0.10000E+01
    5.0140   1.0390  33.5164   0.2322   1.7324  0.11090E+04  0.11087E+04  0.33122E+00  0.13707E+04  0.78428E-01  0.70426E+02  0.13002E+04  0.10000E+01
    5.0140   1.0390  35.0101   0.2527   1.8853  0.90328E+03  0.90309E+03  0.19237E+00  0.11009E+04  0.29129E-01  0.54397E+02  0.10464E+04  0.10000E+01
    5.0140   1.0390  36.4501   0.2732   2.0382  0.74032E+03  0.74022E+03  0.98706E-01  0.89046E+03  0.10915E-01  0.42494E+02  0.84796E+03  0.10000E+01
    5.0140   1.0390  37.8427   0.2937   2.1912  0.60949E+03  0.60945E+03  0.37981E-01  0.72414E+03  0.41089E-02  0.33509E+02  0.69063E+03  0.10000E+01
    5.0140   1.0390  39.1930   0.3142   2.3441  0.50334E+03  0.50333E+03  0.10265E-02  0.59126E+03  0.15487E-02  0.26647E+02  0.56461E+03  0.10000E+01
    5.0140   1.0390  40.5053   0.3347   2.4970  0.41655E+03  0.41656E+03 -0.63192E-02  0.48419E+03  0.58285E-03  0.21353E+02  0.46284E+03  0.10000E+01
    5.0140   1.0390  41.7834   0.3552   2.6499  0.34523E+03  0.34524E+03 -0.89458E-02  0.39740E+03  0.21848E-03  0.17211E+02  0.38019E+03  0.10000E+01
    5.0140   1.0390  43.0303   0.3757   2.8028  0.28642E+03  0.28643E+03 -0.88429E-02  0.32671E+03  0.81415E-04  0.13943E+02  0.31277E+03  0.10000E+01
    5.0140   1.0390  44.2488   0.3962   2.9557  0.23778E+03  0.23779E+03 -0.69584E-02  0.26896E+03  0.30109E-04  0.11344E+02  0.25761E+03  0.10000E+01
    5.0140   1.0390  45.4413   0.4167   3.1086  0.19748E+03  0.19749E+03 -0.39732E-02  0.22162E+03  0.11034E-04  0.92639E+01  0.21236E+03  0.10000E+01
    5.0140   1.0390  46.6098   0.4372   3.2616  0.16406E+03  0.16406E+03 -0.37193E-03  0.18277E+03  0.40023E-05  0.75913E+01  0.17517E+03  0.10000E+01
    5.0140   1.0390  47.7562   0.4577   3.4145  0.13632E+03  0.13631E+03  0.11105E-01  0.15081E+03  0.14353E-05  0.62487E+01  0.14456E+03  0.10000E+01
    5.0140   1.0390  48.8821   0.4782   3.5674  0.11326E+03  0.11324E+03  0.23751E-01  0.12449E+03  0.50844E-06  0.51612E+01  0.11932E+03  0.10000E+01
    5.0140   1.0390  49.9890   0.4987   3.7203  0.94035E+02  0.93998E+02  0.36278E-01  0.10270E+03  0.17777E-06  0.42741E+01  0.98422E+02  0.10000E+01
    5.0140   1.0390  51.0783   0.5192   3.8732  0.78003E+02  0.77955E+02  0.48349E-01  0.84688E+02  0.61296E-07  0.35541E+01  0.81134E+02  0.10000E+01
    5.0140   1.0390  52.1511   0.5397   4.0261  0.64609E+02  0.64550E+02  0.59743E-01  0.69760E+02  0.20833E-07  0.29630E+01  0.66797E+02  0.10000E+01
    5.0140   0.9740  27.9474   0.1502   1.1391  0.24778E+04  0.24763E+04  0.14881E+01  0.33231E+04  0.50034E+01  0.22722E+03  0.30909E+04  0.10000E+01
    5.0140   0.9740  29.8345   0.1707   1.2945  0.19185E+04  0.19175E+04  0.10306E+01  0.25286E+04  0.16735E+01  0.16319E+03  0.23637E+04  0.10000E+01
    5.0140   0.9740  31.6189   0.1912   1.4499  0.15121E+04  0.15114E+04  0.69537E+00  0.19583E+04  0.58253E+00  0.12022E+03  0.18375E+04  0.10000E+01
    5.0140   0.9740  33.3172   0.2117   1.6053  0.12087E+04  0.12082E+04  0.45394E+00  0.15400E+04  0.20870E+00  0.90385E+02  0.14494E+04  0.10000E+01
    5.0140   0.9740  34.9421   0.2322   1.7607  0.97680E+03  0.97652E+03  0.28310E+00  0.12256E+04  0.76307E-01  0.69075E+02  0.11565E+04  0.10000E+01
    5.0140   0.9740  36.5037   0.2527   1.9162  0.79598E+03  0.79581E+03  0.16471E+00  0.98453E+03  0.28287E-01  0.53504E+02  0.93100E+03  0.10000E+01
    5.0140   0.9740  38.0096   0.2732   2.0716  0.65263E+03  0.65255E+03  0.84890E-01  0.79650E+03  0.10578E-01  0.41913E+02  0.75457E+03  0.10000E+01
    5.0140   0.9740  39.4666   0.2937   2.2270  0.53747E+03  0.53744E+03  0.33122E-01  0.64779E+03  0.39736E-02  0.33144E+02  0.61464E+03  0.10000E+01
    5.0140   0.9740  40.8799   0.3142   2.3824  0.44398E+03  0.44398E+03  0.15738E-02  0.52895E+03  0.14943E-02  0.26421E+02  0.50253E+03  0.10000E+01
    5.0140   0.9740  42.2540   0.3347   2.5378  0.36752E+03  0.36752E+03 -0.48228E-02  0.43319E+03  0.56097E-03  0.21221E+02  0.41197E+03  0.10000E+01
    5.0140   0.9740  43.5927   0.3552   2.6932  0.30465E+03  0.30465E+03 -0.69437E-02  0.35554E+03  0.20975E-03  0.17142E+02  0.33839E+03  0.10000E+01
    5.0140   0.9740  44.8993   0.3757   2.8486  0.25278E+03  0.25279E+03 -0.69104E-02  0.29231E+03  0.77959E-04  0.13916E+02  0.27839E+03  0.10000E+01
    5.0140   0.9740  46.1767   0.3962   3.0041  0.20988E+03  0.20988E+03 -0.54738E-02  0.24060E+03  0.28751E-04  0.11345E+02  0.22926E+03  0.10000E+01
    5.0140   0.9740  47.4274   0.4167   3.1595  0.17432E+03  0.17432E+03 -0.31724E-02  0.19824E+03  0.10506E-04  0.92826E+01  0.18896E+03  0.10000E+01
    5.0140   0.9740  48.6534   0.4372   3.3149  0.14482E+03  0.14482E+03 -0.38844E-03  0.16346E+03  0.37997E-05  0.76200E+01  0.15584E+03  0.10000E+01
    5.0140   0.9740  49.8568   0.4577   3.4703  0.12032E+03  0.12032E+03  0.89374E-02  0.13485E+03  0.13584E-05  0.62802E+01  0.12857E+03  0.10000E+01
    5.0140   0.9740  51.0392   0.4782   3.6257  0.99952E+02  0.99932E+02  0.19518E-01  0.11127E+03  0.47970E-06  0.51928E+01  0.10608E+03  0.10000E+01
    5.0140   0.9740  52.2022   0.4987   3.7811  0.82980E+02  0.82950E+02  0.30009E-01  0.91798E+02  0.16717E-06  0.43059E+01  0.87492E+02  0.10000E+01
    5.0140   0.9740  53.3471   0.5192   3.9365  0.68814E+02  0.68774E+02  0.40125E-01  0.75661E+02  0.57455E-07  0.35778E+01  0.72083E+02  0.10000E+01
    5.0140   0.9740  54.4753   0.5397   4.0920  0.56984E+02  0.56934E+02  0.49681E-01  0.62305E+02  0.19461E-07  0.29849E+01  0.59320E+02  0.10000E+01
    5.0140   0.9190  28.9886   0.1502   1.1546  0.22145E+04  0.22132E+04  0.13014E+01  0.30120E+04  0.49226E+01  0.22152E+03  0.27856E+04  0.10000E+01
    5.0140   0.9190  30.9494   0.1707   1.3121  0.17157E+04  0.17148E+04  0.90047E+00  0.22942E+04  0.16448E+01  0.15958E+03  0.21330E+04  0.10000E+01
    5.0140   0.9190  32.8040   0.1912   1.4696  0.13530E+04  0.13524E+04  0.60724E+00  0.17781E+04  0.57191E+00  0.11790E+03  0.16596E+04  0.10000E+01
    5.0140   0.9190  34.5699   0.2117   1.6272  0.10821E+04  0.10817E+04  0.39634E+00  0.13986E+04  0.20462E+00  0.88882E+02  0.13096E+04  0.10000E+01
    5.0140   0.9190  36.2600   0.2322   1.7847  0.87489E+03  0.87464E+03  0.24729E+00  0.11134E+04  0.74714E-01  0.68111E+02  0.10452E+04  0.10000E+01
    5.0140   0.9190  37.8848   0.2527   1.9422  0.71323E+03  0.71308E+03  0.14408E+00  0.89463E+03  0.27655E-01  0.52896E+02  0.84170E+03  0.10000E+01
    5.0140   0.9190  39.4523   0.2732   2.0998  0.58499E+03  0.58492E+03  0.74516E-01  0.72387E+03  0.10325E-01  0.41546E+02  0.68232E+03  0.10000E+01
    5.0140   0.9190  40.9694   0.2937   2.2573  0.48191E+03  0.48188E+03  0.29397E-01  0.58884E+03  0.38717E-02  0.32935E+02  0.55590E+03  0.10000E+01
    5.0140   0.9190  42.4415   0.3142   2.4148  0.39820E+03  0.39820E+03  0.18696E-02  0.48087E+03  0.14533E-02  0.26320E+02  0.45455E+03  0.10000E+01
    5.0140   0.9190  43.8734   0.3347   2.5724  0.32969E+03  0.32970E+03 -0.38080E-02  0.39385E+03  0.54454E-03  0.21186E+02  0.37266E+03  0.10000E+01
    5.0140   0.9190  45.2690   0.3552   2.7299  0.27334E+03  0.27334E+03 -0.55625E-02  0.32326E+03  0.20319E-03  0.17153E+02  0.30611E+03  0.10000E+01
    5.0140   0.9190  46.6317   0.3757   2.8874  0.22683E+03  0.22684E+03 -0.55665E-02  0.26578E+03  0.75351E-04  0.13953E+02  0.25183E+03  0.10000E+01
    5.0140   0.9190  47.9645   0.3962   3.0450  0.18835E+03  0.18835E+03 -0.44325E-02  0.21878E+03  0.27725E-04  0.11398E+02  0.20738E+03  0.10000E+01
    5.0140   0.9190  49.2698   0.4167   3.2025  0.15645E+03  0.15645E+03 -0.25991E-02  0.18024E+03  0.10108E-04  0.93442E+01  0.17090E+03  0.10000E+01
    5.0140   0.9190  50.5500   0.4372   3.3600  0.12998E+03  0.12998E+03 -0.37670E-03  0.14861E+03  0.36470E-05  0.76843E+01  0.14093E+03  0.10000E+01
    5.0140   0.9190  51.8071   0.4577   3.5175  0.10799E+03  0.10798E+03  0.74192E-02  0.12258E+03  0.13006E-05  0.63421E+01  0.11624E+03  0.10000E+01
    5.0140   0.9190  53.0429   0.4782   3.6751  0.89699E+02  0.89682E+02  0.16500E-01  0.10113E+03  0.45807E-06  0.52502E+01  0.95879E+02  0.10000E+01
    5.0140   0.9190  54.2589   0.4987   3.8326  0.74456E+02  0.74430E+02  0.25510E-01  0.83403E+02  0.15921E-06  0.43582E+01  0.79045E+02  0.10000E+01
    5.0140   0.9190  55.4567   0.5192   3.9901  0.61742E+02  0.61708E+02  0.34205E-01  0.68743E+02  0.54562E-07  0.36263E+01  0.65116E+02  0.10000E+01
    5.0140   0.9190  56.6374   0.5397   4.1477  0.51115E+02  0.51072E+02  0.42422E-01  0.56589E+02  0.18429E-07  0.30247E+01  0.53564E+02  0.10000E+01
    5.0140   0.8640  30.1229   0.1502   1.1701  0.19731E+04  0.19719E+04  0.11353E+01  0.27247E+04  0.48520E+01  0.21615E+03  0.25037E+04  0.10000E+01
    5.0140   0.8640  32.1643   0.1707   1.3297  0.15296E+04  0.15288E+04  0.78478E+00  0.20776E+04  0.16197E+01  0.15627E+03  0.19197E+04  0.10000E+01
    5.0140   0.8640  34.0961   0.1912   1.4894  0.12070E+04  0.12064E+04  0.52889E+00  0.16118E+04  0.56258E+00  0.11581E+03  0.14955E+04  0.10000E+01
    5.0140   0.8640  35.9360   0.2117   1.6490  0.96582E+03  0.96547E+03  0.34514E+00  0.12684E+04  0.20107E+00  0.87566E+02  0.11806E+04  0.10000E+01
    5.0140   0.8640  37.6978   0.2322   1.8087  0.78128E+03  0.78106E+03  0.21543E+00  0.10101E+04  0.73320E-01  0.67302E+02  0.94271E+03  0.10000E+01
    5.0140   0.8640  39.3921   0.2527   1.9683  0.63720E+03  0.63707E+03  0.12569E+00  0.81182E+03  0.27102E-01  0.52422E+02  0.75937E+03  0.10000E+01
    5.0140   0.8640  41.0275   0.2732   2.1280  0.52282E+03  0.52276E+03  0.65221E-01  0.65704E+03  0.10103E-01  0.41287E+02  0.61575E+03  0.10000E+01
    5.0140   0.8640  42.6109   0.2937   2.2876  0.43084E+03  0.43081E+03  0.25999E-01  0.53459E+03  0.37822E-02  0.32823E+02  0.50177E+03  0.10000E+01
    5.0140   0.8640  44.1480   0.3142   2.4473  0.35610E+03  0.35610E+03  0.20432E-02  0.43666E+03  0.14173E-02  0.26300E+02  0.41036E+03  0.10000E+01
    5.0140   0.8640  45.6438   0.3347   2.6069  0.29491E+03  0.29491E+03 -0.29827E-02  0.35768E+03  0.53004E-03  0.21225E+02  0.33645E+03  0.10000E+01
    5.0140   0.8640  47.1024   0.3552   2.7666  0.24454E+03  0.24455E+03 -0.44209E-02  0.29362E+03  0.19738E-03  0.17225E+02  0.27640E+03  0.10000E+01
    5.0140   0.8640  48.5272   0.3757   2.9262  0.20297E+03  0.20297E+03 -0.44475E-02  0.24142E+03  0.73048E-04  0.14046E+02  0.22738E+03  0.10000E+01
    5.0140   0.8640  49.9214   0.3962   3.0859  0.16855E+03  0.16856E+03 -0.35590E-02  0.19875E+03  0.26820E-04  0.11500E+02  0.18725E+03  0.10000E+01
    5.0140   0.8640  51.2875   0.4167   3.2455  0.14002E+03  0.14002E+03 -0.21097E-02  0.16374E+03  0.97566E-05  0.94487E+01  0.15430E+03  0.10000E+01
    5.0140   0.8640  52.6281   0.4372   3.4051  0.11633E+03  0.11633E+03 -0.34975E-03  0.13500E+03  0.35115E-05  0.77865E+01  0.12721E+03  0.10000E+01
    5.0140   0.8640  53.9451   0.4577   3.5648  0.96648E+02  0.96641E+02  0.61437E-02  0.11135E+03  0.12493E-05  0.64385E+01  0.10491E+03  0.10000E+01
    5.0140   0.8640  55.2404   0.4782   3.7244  0.80278E+02  0.80264E+02  0.13918E-01  0.91852E+02  0.43891E-06  0.53386E+01  0.86513E+02  0.10000E+01
    5.0140   0.8640  56.5157   0.4987   3.8841  0.66628E+02  0.66606E+02  0.21639E-01  0.75739E+02  0.15215E-06  0.44374E+01  0.71301E+02  0.10000E+01
    5.0140   0.8640  57.7725   0.5192   4.0437  0.55239E+02  0.55210E+02  0.29094E-01  0.62408E+02  0.52006E-07  0.36965E+01  0.58712E+02  0.10000E+01
    5.0140   0.8640  59.0122   0.5397   4.2034  0.45722E+02  0.45686E+02  0.36144E-01  0.51364E+02  0.17517E-07  0.30859E+01  0.48278E+02  0.10000E+01
    5.0140   0.7990  31.6055   0.1502   1.1884  0.17133E+04  0.17124E+04  0.96222E+00  0.24132E+04  0.47834E+01  0.21007E+03  0.21983E+04  0.10000E+01
    5.0140   0.7990  33.7531   0.1707   1.3506  0.13293E+04  0.13287E+04  0.66439E+00  0.18424E+04  0.15953E+01  0.15267E+03  0.16881E+04  0.10000E+01
    5.0140   0.7990  35.7864   0.1912   1.5127  0.10497E+04  0.10493E+04  0.44743E+00  0.14316E+04  0.55351E+00  0.11360E+03  0.13175E+04  0.10000E+01
    5.0140   0.7990  37.7242   0.2117   1.6749  0.84057E+03  0.84028E+03  0.29191E+00  0.11275E+04  0.19758E+00  0.86229E+02  0.10410E+04  0.10000E+01
    5.0140   0.7990  39.5806   0.2322   1.8370  0.68038E+03  0.68020E+03  0.18228E+00  0.89830E+03  0.71955E-01  0.66527E+02  0.83171E+03  0.10000E+01
    5.0140   0.7990  41.3670   0.2527   1.9992  0.55522E+03  0.55511E+03  0.10650E+00  0.72230E+03  0.26558E-01  0.52012E+02  0.67027E+03  0.10000E+01
    5.0140   0.7990  43.0923   0.2732   2.1613  0.45578E+03  0.45572E+03  0.55474E-01  0.58483E+03  0.98840E-02  0.41117E+02  0.54370E+03  0.10000E+01
    5.0140   0.7990  44.7637   0.2937   2.3235  0.37574E+03  0.37572E+03  0.22370E-01  0.47600E+03  0.36938E-02  0.32807E+02  0.44319E+03  0.10000E+01
    5.0140   0.7990  46.3873   0.3142   2.4856  0.31067E+03  0.31067E+03  0.21260E-02  0.38894E+03  0.13815E-02  0.26381E+02  0.36255E+03  0.10000E+01
    5.0140   0.7990  47.9682   0.3347   2.6477  0.25737E+03  0.25737E+03 -0.22078E-02  0.31869E+03  0.51561E-03  0.21362E+02  0.29732E+03  0.10000E+01
    5.0140   0.7990  49.5107   0.3552   2.8099  0.21347E+03  0.21347E+03 -0.33292E-02  0.26167E+03  0.19160E-03  0.17395E+02  0.24427E+03  0.10000E+01
    5.0140   0.7990  51.0185   0.3757   2.9720  0.17721E+03  0.17721E+03 -0.33693E-02  0.21520E+03  0.70749E-04  0.14230E+02  0.20097E+03  0.10000E+01
    5.0140   0.7990  52.4949   0.3962   3.1342  0.14719E+03  0.14719E+03 -0.27107E-02  0.17719E+03  0.25915E-04  0.11687E+02  0.16550E+03  0.10000E+01
    5.0140   0.7990  53.9427   0.4167   3.2963  0.12228E+03  0.12228E+03 -0.16259E-02  0.14601E+03  0.94027E-05  0.96314E+01  0.13638E+03  0.10000E+01
    5.0140   0.7990  55.3642   0.4372   3.4585  0.10160E+03  0.10160E+03 -0.30671E-03  0.12039E+03  0.33756E-05  0.79603E+01  0.11243E+03  0.10000E+01
    5.0140   0.7990  56.7618   0.4577   3.6206  0.84412E+02  0.84408E+02  0.48955E-02  0.99291E+02  0.11977E-05  0.65996E+01  0.92691E+02  0.10000E+01
    5.0140   0.7990  58.1374   0.4782   3.7828  0.70107E+02  0.70096E+02  0.11343E-01  0.81898E+02  0.41959E-06  0.54853E+01  0.76413E+02  0.10000E+01
    5.0140   0.7990  59.4928   0.4987   3.9449  0.58182E+02  0.58165E+02  0.17752E-01  0.67527E+02  0.14503E-06  0.45691E+01  0.62958E+02  0.10000E+01
    5.0140   0.7990  60.8296   0.5192   4.1071  0.48231E+02  0.48207E+02  0.23946E-01  0.55635E+02  0.49423E-07  0.38134E+01  0.51822E+02  0.10000E+01
    5.0140   0.7990  62.1491   0.5397   4.2692  0.39912E+02  0.39882E+02  0.29806E-01  0.45780E+02  0.16597E-07  0.31887E+01  0.42592E+02  0.10000E+01
