EXTERNAL/TSAI:  VERSION OF 8/8/96

RUNPLAN for CLAS hadronization experiment                               
 inclusive:                                                             
                                                                        
Stein deuterium                                                         
from Dunne 8/01                                                         

----*----1----*----2----*----3----*----4----*----5----*----6----*----7--
                                                                        

TARGET (iZ,iA) = (  1,  2);   avgA =   2.000; amuM=  2.013; avgM=  1.875
 targ=   TUNA; ttarg(rl)=0.00533; twall=0.00143; tbeam=0.00143; tspec=0.00761
         Nseg  =   4
 MODELS: P elastc(ikk)=14; deut elastic=13; inelastc=206; Pauli Supresion= 4
 NUCLEAR METHOD= 1;   NUCLEAR_MODEL= 1

    E1    TH    Q2 COS_K         SMR     NUC          INT-SMR
    EP     X    W2 QE-PK  INELA  Q-ELA  ELAST   TOTAL  MODEL

 Deut Elastic Model: ia,iamec,rsc,rscmec (1,2,3,4)=  3
 TJON DEUT ELASTIC FILESS TO BE OPEN=rscctj.tjon_input   rscqtj.tjon_input   rscmtj.tjon_input   
   5.014 18.233  1.17    3.48    6.49    3.22    0.04    9.74  0.957
   2.314  0.230  4.78    0.00 -100.00    0.00    0.00 -100.00 8.679E+01

   5.014 21.026  1.54    2.64    3.38    2.41    0.01    5.81  0.971
   2.314  0.305  4.40    0.00 -100.00    0.00    0.00 -100.00 4.407E+01

   5.014 29.105  2.93    1.71   -4.71    1.58    0.00   -3.13  1.007
   2.314  0.578  3.02    0.00 -100.00    0.00    0.00 -100.00 5.237E+00

   5.014 22.332  1.16    6.91   13.27    6.80    0.17   20.24  0.931
   1.549  0.179  6.22    0.00 -100.00    0.00    0.00 -100.00 4.249E+01

   5.014 25.771  1.55    5.30    9.98    5.09    0.07   15.15  0.940
   1.549  0.238  5.84    0.00 -100.00    0.00    0.00 -100.00 2.310E+01

   5.014 35.770  2.93    2.97    2.40    2.67    0.01    5.08  0.969
   1.549  0.451  4.45    0.00 -100.00    0.00    0.00 -100.00 3.646E+00

   5.014 27.557  1.17   13.71   20.51   15.03    0.63   36.16  0.924
   1.024  0.156  7.20    0.00 -100.00    0.00    0.00 -100.00 2.247E+01

   5.014 31.838  1.55   10.86   16.76   11.60    0.26   28.62  0.921
   1.024  0.206  6.82    0.00 -100.00    0.00    0.00 -100.00 1.275E+01

   5.014 44.384  2.93    6.27    7.74    6.31    0.02   14.07  0.944
   1.024  0.391  5.44    0.00 -100.00    0.00    0.00 -100.00 2.427E+00

  0.000 0.000  0.000 .000  0.00  0.00  0.00  0.00  0.00  0.00 0.000
                           0.00  0.00  0.00  0.00  0.00  0.00 0.000E+00

