EXTERNAL/TSAI:  VERSION OF 8/8/96

RUNPLAN for CLAS hadronization experiment                               
 inclusive:                                                             
                                                                        
CLAS Iron                                                               
                                                                        

----*----1----*----2----*----3----*----4----*----5----*----6----*----7--
                                                                        

TARGET (iZ,iA) = ( 26, 56);   avgA =  56.000; amuM= 55.930; avgM= 52.099
 targ= ordina; ttarg(rl)=0.01561; twall=0.00000; tbeam=0.00000; tspec=0.00761
         Nseg  =   2
 MODELS: P elastc(ikk)=14; deut elastic=13; inelastc=206; Pauli Supresion= 1
 NUCLEAR METHOD= 1;   NUCLEAR_MODEL= 1

    E1    TH    Q2 COS_K         SMR     NUC          INT-SMR
    EP     X    W2 QE-PK  INELA  Q-ELA  ELAST   TOTAL  MODEL

   5.014 18.233  1.17    3.10    6.67    2.33    0.00    9.00  0.771
   2.314  0.230  4.78    0.00 -100.00    0.00    0.00 -100.00 2.616E+03

   5.014 21.026  1.54    2.43    3.35    1.81    0.00    5.16  0.793
   2.314  0.305  4.40    0.00 -100.00    0.00    0.00 -100.00 1.297E+03

   5.014 29.105  2.93    1.92   -5.14    2.11    0.00   -3.03  1.201
   2.314  0.578  3.02    0.00 -100.00    0.00    0.00 -100.00 1.267E+02

   5.014 22.332  1.16    6.28   14.90    4.66    0.02   19.58  0.693
   1.549  0.179  6.22    0.00 -100.00    0.00    0.00 -100.00 1.247E+03

   5.014 25.771  1.55    4.91   11.06    3.68    0.01   14.74  0.729
   1.549  0.238  5.84    0.00 -100.00    0.00    0.00 -100.00 6.703E+02

   5.014 35.770  2.93    2.98    2.22    2.31    0.00    4.54  0.837
   1.549  0.451  4.45    0.00 -100.00    0.00    0.00 -100.00 9.845E+01

   5.014 27.557  1.17   12.59   23.86    9.61    0.11   33.58  0.629
   1.024  0.156  7.20    0.00 -100.00    0.00    0.00 -100.00 6.501E+02

   5.014 31.838  1.55   10.14   19.65    7.89    0.02   27.56  0.663
   1.024  0.206  6.82    0.00 -100.00    0.00    0.00 -100.00 3.654E+02

   5.014 44.384  2.93    6.29    8.80    5.17    0.00   13.97  0.773
   1.024  0.391  5.44    0.00 -100.00    0.00    0.00 -100.00 6.575E+01

  0.000 0.000  0.000 .000  0.00  0.00  0.00  0.00  0.00  0.00 0.000
                           0.00  0.00  0.00  0.00  0.00  0.00 0.000E+00

