                                           ************ internal ***************  +++++++ internal  + external ++++++++
    E        Ep      Th       s_born       s_rad        s_elas       s_dis        s_rad        s_elas       s_dis
    5.0140   2.6890  15.7570  0.16450E+03  0.17692E+03  0.41824E-01  0.17205E+03  0.17692E+03  0.41824E-01  0.17205E+03
    5.0140   2.6890  16.4423  0.13539E+03  0.14420E+03  0.26155E-01  0.14051E+03  0.14420E+03  0.26155E-01  0.14051E+03
    5.0140   2.6890  17.1009  0.11191E+03  0.11826E+03  0.16716E-01  0.11541E+03  0.11826E+03  0.16716E-01  0.11541E+03
    5.0140   2.6890  17.7358  0.93292E+02  0.97849E+02  0.10934E-01  0.95604E+02  0.97849E+02  0.10934E-01  0.95604E+02
    5.0140   2.6890  18.3493  0.78303E+02  0.81516E+02  0.72503E-02  0.79744E+02  0.81516E+02  0.72503E-02  0.79744E+02
    5.0140   2.6890  18.9437  0.66100E+02  0.68320E+02  0.48611E-02  0.66900E+02  0.68320E+02  0.48611E-02  0.66900E+02
    5.0140   2.6890  19.5207  0.56162E+02  0.57609E+02  0.32928E-02  0.56460E+02  0.57609E+02  0.32928E-02  0.56460E+02
    5.0140   2.6890  20.0817  0.47740E+02  0.48625E+02  0.22526E-02  0.47689E+02  0.48625E+02  0.22526E-02  0.47689E+02
    5.0140   2.6890  20.6281  0.40415E+02  0.40978E+02  0.15605E-02  0.40207E+02  0.40978E+02  0.15605E-02  0.40207E+02
    5.0140   2.6890  21.1609  0.34487E+02  0.34772E+02  0.10940E-02  0.34133E+02  0.34772E+02  0.10940E-02  0.34133E+02
    5.0140   2.6890  21.6813  0.29499E+02  0.29592E+02  0.77679E-03  0.29059E+02  0.29592E+02  0.77679E-03  0.29059E+02
    5.0140   2.6890  22.1900  0.25463E+02  0.25380E+02  0.55765E-03  0.24931E+02  0.25380E+02  0.55765E-03  0.24931E+02
    5.0140   2.6890  22.6879  0.22155E+02  0.21907E+02  0.40247E-03  0.21528E+02  0.21907E+02  0.40247E-03  0.21528E+02
    5.0140   2.6890  23.1756  0.19410E+02  0.19007E+02  0.28857E-03  0.18684E+02  0.19007E+02  0.28857E-03  0.18684E+02
    5.0140   2.6890  23.6539  0.17067E+02  0.16521E+02  0.20809E-03  0.16244E+02  0.16521E+02  0.20809E-03  0.16244E+02
    5.0140   2.6890  24.1232  0.14848E+02  0.14213E+02  0.15145E-03  0.13974E+02  0.14213E+02  0.15145E-03  0.13974E+02
    5.0140   2.4590  16.4983  0.13311E+03  0.14656E+03  0.54408E-01  0.14203E+03  0.14656E+03  0.54408E-01  0.14203E+03
    5.0140   2.4590  17.2843  0.10865E+03  0.11830E+03  0.32931E-01  0.11494E+03  0.11830E+03  0.32931E-01  0.11494E+03
    5.0140   2.4590  18.0371  0.89701E+02  0.96621E+02  0.20516E-01  0.94090E+02  0.96621E+02  0.20516E-01  0.94090E+02
    5.0140   2.4590  18.7606  0.74759E+02  0.79662E+02  0.13058E-01  0.77717E+02  0.79662E+02  0.13058E-01  0.77717E+02
    5.0140   2.4590  19.4582  0.62264E+02  0.65780E+02  0.84894E-02  0.64265E+02  0.65780E+02  0.84894E-02  0.64265E+02
    5.0140   2.4590  20.1326  0.51905E+02  0.54471E+02  0.55942E-02  0.53278E+02  0.54471E+02  0.55942E-02  0.53278E+02
    5.0140   2.4590  20.7860  0.43581E+02  0.45426E+02  0.37234E-02  0.44479E+02  0.45426E+02  0.37234E-02  0.44479E+02
    5.0140   2.4590  21.4203  0.36797E+02  0.38097E+02  0.25061E-02  0.37335E+02  0.38097E+02  0.25061E-02  0.37335E+02
    5.0140   2.4590  22.0371  0.31228E+02  0.32108E+02  0.17036E-02  0.31491E+02  0.32108E+02  0.17036E-02  0.31491E+02
    5.0140   2.4590  22.6380  0.26639E+02  0.27180E+02  0.11729E-02  0.26677E+02  0.27180E+02  0.11729E-02  0.26677E+02
    5.0140   2.4590  23.2242  0.22543E+02  0.22882E+02  0.81736E-03  0.22469E+02  0.22882E+02  0.81736E-03  0.22469E+02
    5.0140   2.4590  23.7967  0.19109E+02  0.19314E+02  0.57619E-03  0.18971E+02  0.19314E+02  0.57619E-03  0.18971E+02
    5.0140   2.4590  24.3565  0.16324E+02  0.16408E+02  0.41030E-03  0.16123E+02  0.16408E+02  0.41030E-03  0.16123E+02
    5.0140   2.4590  24.9045  0.13941E+02  0.13947E+02  0.29232E-03  0.13708E+02  0.13947E+02  0.29232E-03  0.13708E+02
    5.0140   2.4590  25.4414  0.12001E+02  0.11936E+02  0.20801E-03  0.11735E+02  0.11936E+02  0.20801E-03  0.11735E+02
    5.0140   2.4590  25.9679  0.10418E+02  0.10285E+02  0.14899E-03  0.10114E+02  0.10285E+02  0.14899E-03  0.10114E+02
    5.0140   2.4590  26.4847  0.91306E+01  0.89223E+01  0.10780E-03  0.87764E+01  0.89223E+01  0.10780E-03  0.87764E+01
    5.0140   2.2740  17.7764  0.97499E+02  0.10827E+03  0.46308E-01  0.10476E+03  0.10827E+03  0.46308E-01  0.10476E+03
    5.0140   2.2740  18.6243  0.79359E+02  0.87150E+02  0.27954E-01  0.84556E+02  0.87150E+02  0.27954E-01  0.84556E+02
    5.0140   2.2740  19.4366  0.65219E+02  0.70895E+02  0.17352E-01  0.68942E+02  0.70895E+02  0.17352E-01  0.68942E+02
    5.0140   2.2740  20.2174  0.54078E+02  0.58218E+02  0.10998E-01  0.56726E+02  0.58218E+02  0.10998E-01  0.56726E+02
    5.0140   2.2740  20.9703  0.45253E+02  0.48238E+02  0.71196E-02  0.47081E+02  0.48238E+02  0.71196E-02  0.47081E+02
    5.0140   2.2740  21.6983  0.37978E+02  0.40105E+02  0.46637E-02  0.39200E+02  0.40105E+02  0.46637E-02  0.39200E+02
    5.0140   2.2740  22.4037  0.31734E+02  0.33299E+02  0.30956E-02  0.32580E+02  0.33299E+02  0.30956E-02  0.32580E+02
    5.0140   2.2740  23.0887  0.26659E+02  0.27799E+02  0.20746E-02  0.27226E+02  0.27799E+02  0.20746E-02  0.27226E+02
    5.0140   2.2740  23.7549  0.22521E+02  0.23333E+02  0.14040E-02  0.22872E+02  0.23333E+02  0.14040E-02  0.22872E+02
    5.0140   2.2740  24.4040  0.19114E+02  0.19672E+02  0.96183E-03  0.19297E+02  0.19672E+02  0.96183E-03  0.19297E+02
    5.0140   2.2740  25.0373  0.16308E+02  0.16657E+02  0.66729E-03  0.16351E+02  0.16657E+02  0.66729E-03  0.16351E+02
    5.0140   2.2740  25.6560  0.13801E+02  0.14021E+02  0.46805E-03  0.13770E+02  0.14021E+02  0.46805E-03  0.13770E+02
    5.0140   2.2740  26.2610  0.11663E+02  0.11804E+02  0.33152E-03  0.11597E+02  0.11804E+02  0.33152E-03  0.11597E+02
    5.0140   2.2740  26.8534  0.99449E+01  0.10011E+02  0.23488E-03  0.98385E+01  0.10011E+02  0.23488E-03  0.98385E+01
    5.0140   2.2740  27.4339  0.84803E+01  0.84949E+01  0.16636E-03  0.83501E+01  0.84949E+01  0.16636E-03  0.83501E+01
    5.0140   2.2740  28.0033  0.72534E+01  0.72309E+01  0.11866E-03  0.71090E+01  0.72309E+01  0.11866E-03  0.71090E+01
    5.0140   2.2740  28.5622  0.62673E+01  0.62052E+01  0.85505E-04  0.61019E+01  0.62052E+01  0.85505E-04  0.61019E+01
    5.0140   2.1240  17.9540  0.94716E+02  0.10740E+03  0.70483E-01  0.10335E+03  0.10740E+03  0.70483E-01  0.10335E+03
    5.0140   2.1240  18.9001  0.76196E+02  0.85291E+02  0.41284E-01  0.82366E+02  0.85291E+02  0.41284E-01  0.82366E+02
    5.0140   2.1240  19.8026  0.61969E+02  0.68571E+02  0.24835E-01  0.66415E+02  0.68571E+02  0.24835E-01  0.66415E+02
    5.0140   2.1240  20.6673  0.50853E+02  0.55683E+02  0.15387E-01  0.54062E+02  0.55683E+02  0.15387E-01  0.54062E+02
    5.0140   2.1240  21.4987  0.42055E+02  0.45612E+02  0.97185E-02  0.44378E+02  0.45612E+02  0.97185E-02  0.44378E+02
    5.0140   2.1240  22.3005  0.35036E+02  0.37657E+02  0.62704E-02  0.36702E+02  0.37657E+02  0.62704E-02  0.36702E+02
    5.0140   2.1240  23.0759  0.29416E+02  0.31323E+02  0.40992E-02  0.30577E+02  0.31323E+02  0.40992E-02  0.30577E+02
    5.0140   2.1240  23.8273  0.24774E+02  0.26140E+02  0.27106E-02  0.25553E+02  0.26140E+02  0.27106E-02  0.25553E+02
    5.0140   2.1240  24.5571  0.20745E+02  0.21754E+02  0.18112E-02  0.21287E+02  0.21754E+02  0.18112E-02  0.21287E+02
    5.0140   2.1240  25.2671  0.17451E+02  0.18191E+02  0.12217E-02  0.17816E+02  0.18191E+02  0.12217E-02  0.17816E+02
    5.0140   2.1240  25.9589  0.14755E+02  0.15286E+02  0.83454E-03  0.14982E+02  0.15286E+02  0.83454E-03  0.14982E+02
    5.0140   2.1240  26.6340  0.12533E+02  0.12898E+02  0.57635E-03  0.12651E+02  0.12898E+02  0.57635E-03  0.12651E+02
    5.0140   2.1240  27.2935  0.10689E+02  0.10917E+02  0.40285E-03  0.10715E+02  0.10917E+02  0.40285E-03  0.10715E+02
    5.0140   2.1240  27.9387  0.90125E+01  0.91648E+01  0.28429E-03  0.89986E+01  0.91648E+01  0.28429E-03  0.89986E+01
    5.0140   2.1240  28.5705  0.76189E+01  0.77170E+01  0.20105E-03  0.75794E+01  0.77170E+01  0.20105E-03  0.75794E+01
    5.0140   2.1240  29.1897  0.64918E+01  0.65405E+01  0.14202E-03  0.64261E+01  0.65405E+01  0.14202E-03  0.64261E+01
    5.0140   2.1240  29.7971  0.55260E+01  0.55397E+01  0.10098E-03  0.54441E+01  0.55397E+01  0.10098E-03  0.54441E+01
    5.0140   2.1240  30.3935  0.47187E+01  0.47074E+01  0.72559E-04  0.46272E+01  0.47074E+01  0.72559E-04  0.46272E+01
    5.0140   2.0340  18.6363  0.81811E+02  0.93290E+02  0.66323E-01  0.89632E+02  0.93290E+02  0.66323E-01  0.89632E+02
    5.0140   2.0340  19.6190  0.65812E+02  0.74062E+02  0.38786E-01  0.71417E+02  0.74062E+02  0.38786E-01  0.71417E+02
    5.0140   2.0340  20.5566  0.53516E+02  0.59512E+02  0.23332E-01  0.57564E+02  0.59512E+02  0.23332E-01  0.57564E+02
    5.0140   2.0340  21.4550  0.43901E+02  0.48301E+02  0.14406E-01  0.46839E+02  0.48301E+02  0.14406E-01  0.46839E+02
    5.0140   2.0340  22.3188  0.36280E+02  0.39531E+02  0.90824E-02  0.38416E+02  0.39531E+02  0.90824E-02  0.38416E+02
    5.0140   2.0340  23.1521  0.30181E+02  0.32591E+02  0.58467E-02  0.31730E+02  0.32591E+02  0.58467E-02  0.31730E+02
    5.0140   2.0340  23.9579  0.25275E+02  0.27054E+02  0.38162E-02  0.26383E+02  0.27054E+02  0.38162E-02  0.26383E+02
    5.0140   2.0340  24.7389  0.21312E+02  0.22600E+02  0.25199E-02  0.22071E+02  0.22600E+02  0.25199E-02  0.22071E+02
    5.0140   2.0340  25.4976  0.17917E+02  0.18855E+02  0.16811E-02  0.18435E+02  0.18855E+02  0.16811E-02  0.18435E+02
    5.0140   2.0340  26.2357  0.15032E+02  0.15728E+02  0.11320E-02  0.15392E+02  0.15728E+02  0.11320E-02  0.15392E+02
    5.0140   2.0340  26.9550  0.12681E+02  0.13189E+02  0.77147E-03  0.12918E+02  0.13189E+02  0.77147E-03  0.12918E+02
    5.0140   2.0340  27.6570  0.10745E+02  0.11105E+02  0.53174E-03  0.10885E+02  0.11105E+02  0.53174E-03  0.10885E+02
    5.0140   2.0340  28.3429  0.91505E+01  0.93897E+01  0.37090E-03  0.92105E+01  0.93897E+01  0.37090E-03  0.92105E+01
    5.0140   2.0340  29.0139  0.77582E+01  0.79115E+01  0.26127E-03  0.77644E+01  0.79115E+01  0.26127E-03  0.77644E+01
    5.0140   2.0340  29.6711  0.65292E+01  0.66353E+01  0.18482E-03  0.65140E+01  0.66353E+01  0.18482E-03  0.65140E+01
    5.0140   2.0340  30.3153  0.55378E+01  0.56018E+01  0.13031E-03  0.55011E+01  0.56018E+01  0.13031E-03  0.55011E+01
    5.0140   2.0340  30.9473  0.47215E+01  0.47484E+01  0.92496E-04  0.46646E+01  0.47484E+01  0.92496E-04  0.46646E+01
    5.0140   2.0340  31.5679  0.40085E+01  0.40147E+01  0.66390E-04  0.39445E+01  0.40147E+01  0.66390E-04  0.39445E+01
    5.0140   1.9290  19.4789  0.68999E+02  0.79271E+02  0.62147E-01  0.75978E+02  0.79271E+02  0.62147E-01  0.75978E+02
    5.0140   1.9290  20.5070  0.55508E+02  0.62889E+02  0.36269E-01  0.60510E+02  0.62889E+02  0.36269E-01  0.60510E+02
    5.0140   1.9290  21.4880  0.45140E+02  0.50526E+02  0.21790E-01  0.48777E+02  0.50526E+02  0.21790E-01  0.48777E+02
    5.0140   1.9290  22.4281  0.37025E+02  0.40989E+02  0.13419E-01  0.39678E+02  0.40989E+02  0.13419E-01  0.39678E+02
    5.0140   1.9290  23.3322  0.30585E+02  0.33524E+02  0.84428E-02  0.32526E+02  0.33524E+02  0.84428E-02  0.32526E+02
    5.0140   1.9290  24.2044  0.25419E+02  0.27607E+02  0.54203E-02  0.26837E+02  0.27607E+02  0.54203E-02  0.26837E+02
    5.0140   1.9290  25.0480  0.21245E+02  0.22875E+02  0.35312E-02  0.22276E+02  0.22875E+02  0.35312E-02  0.22276E+02
    5.0140   1.9290  25.8658  0.17869E+02  0.19073E+02  0.23286E-02  0.18601E+02  0.19073E+02  0.23286E-02  0.18601E+02
    5.0140   1.9290  26.6602  0.15097E+02  0.15968E+02  0.15509E-02  0.15595E+02  0.15968E+02  0.15509E-02  0.15595E+02
    5.0140   1.9290  27.4332  0.12672E+02  0.13317E+02  0.10428E-02  0.13019E+02  0.13317E+02  0.10428E-02  0.13019E+02
    5.0140   1.9290  28.1867  0.10658E+02  0.11137E+02  0.70865E-03  0.10897E+02  0.11137E+02  0.70865E-03  0.10897E+02
    5.0140   1.9290  28.9221  0.90080E+01  0.93565E+01  0.48740E-03  0.91622E+01  0.93565E+01  0.48740E-03  0.91622E+01
    5.0140   1.9290  29.6408  0.76461E+01  0.78903E+01  0.33916E-03  0.77325E+01  0.78903E+01  0.33916E-03  0.77325E+01
    5.0140   1.9290  30.3440  0.65115E+01  0.66697E+01  0.23844E-03  0.65404E+01  0.66697E+01  0.23844E-03  0.65404E+01
    5.0140   1.9290  31.0327  0.54759E+01  0.55863E+01  0.16860E-03  0.54801E+01  0.55863E+01  0.16860E-03  0.54801E+01
    5.0140   1.9290  31.7080  0.46218E+01  0.46962E+01  0.11890E-03  0.46084E+01  0.46962E+01  0.11890E-03  0.46084E+01
    5.0140   1.9290  32.3706  0.39277E+01  0.39697E+01  0.84341E-04  0.38969E+01  0.39697E+01  0.84341E-04  0.38969E+01
    5.0140   1.9290  33.0213  0.33372E+01  0.33556E+01  0.60404E-04  0.32949E+01  0.33556E+01  0.60404E-04  0.32949E+01
    5.0140   1.7940  19.4986  0.69858E+02  0.82459E+02  0.10235E+00  0.78319E+02  0.82459E+02  0.10235E+00  0.78319E+02
    5.0140   1.7940  20.6481  0.55437E+02  0.64383E+02  0.57700E-01  0.61474E+02  0.64383E+02  0.57700E-01  0.61474E+02
    5.0140   1.7940  21.7393  0.44605E+02  0.51064E+02  0.33578E-01  0.48965E+02  0.51064E+02  0.33578E-01  0.48965E+02
    5.0140   1.7940  22.7808  0.36280E+02  0.41007E+02  0.20142E-01  0.39458E+02  0.41007E+02  0.20142E-01  0.39458E+02
    5.0140   1.7940  23.7790  0.29763E+02  0.33253E+02  0.12359E-01  0.32094E+02  0.33253E+02  0.12359E-01  0.32094E+02
    5.0140   1.7940  24.7392  0.24585E+02  0.27180E+02  0.77586E-02  0.26300E+02  0.27180E+02  0.77586E-02  0.26300E+02
    5.0140   1.7940  25.6656  0.20423E+02  0.22365E+02  0.49619E-02  0.21687E+02  0.22365E+02  0.49619E-02  0.21687E+02
    5.0140   1.7940  26.5619  0.17049E+02  0.18506E+02  0.32269E-02  0.17979E+02  0.18506E+02  0.32269E-02  0.17979E+02
    5.0140   1.7940  27.4310  0.14302E+02  0.15394E+02  0.21241E-02  0.14980E+02  0.15394E+02  0.21241E-02  0.14980E+02
    5.0140   1.7940  28.2754  0.12064E+02  0.12873E+02  0.14127E-02  0.12546E+02  0.12873E+02  0.14127E-02  0.12546E+02
    5.0140   1.7940  29.0973  0.10197E+02  0.10787E+02  0.94819E-03  0.10526E+02  0.10787E+02  0.94819E-03  0.10526E+02
    5.0140   1.7940  29.8985  0.85570E+01  0.90006E+01  0.64271E-03  0.87914E+01  0.90006E+01  0.64271E-03  0.87914E+01
    5.0140   1.7940  30.6807  0.72082E+01  0.75382E+01  0.44075E-03  0.73694E+01  0.75382E+01  0.44075E-03  0.73694E+01
    5.0140   1.7940  31.4453  0.60973E+01  0.63376E+01  0.30567E-03  0.62008E+01  0.63376E+01  0.30567E-03  0.62008E+01
    5.0140   1.7940  32.1935  0.51813E+01  0.53483E+01  0.21436E-03  0.52368E+01  0.53483E+01  0.21436E-03  0.52368E+01
    5.0140   1.7940  32.9266  0.43876E+01  0.45000E+01  0.15141E-03  0.44087E+01  0.45000E+01  0.15141E-03  0.44087E+01
    5.0140   1.7940  33.6454  0.36827E+01  0.37638E+01  0.10712E-03  0.36888E+01  0.37638E+01  0.10712E-03  0.36888E+01
    5.0140   1.7940  34.3509  0.31111E+01  0.31657E+01  0.75926E-04  0.31037E+01  0.31657E+01  0.75926E-04  0.31037E+01
    5.0140   1.7940  35.0440  0.26436E+01  0.26746E+01  0.54285E-04  0.26231E+01  0.26746E+01  0.54285E-04  0.26231E+01
    5.0140   1.6940  20.3843  0.59366E+02  0.70765E+02  0.97764E-01  0.66946E+02  0.70765E+02  0.97764E-01  0.66946E+02
    5.0140   1.6940  21.5871  0.47119E+02  0.55225E+02  0.54990E-01  0.52545E+02  0.55225E+02  0.54990E-01  0.52545E+02
    5.0140   1.6940  22.7292  0.37919E+02  0.43787E+02  0.31956E-01  0.41852E+02  0.43787E+02  0.31956E-01  0.41852E+02
    5.0140   1.6940  23.8194  0.30848E+02  0.35152E+02  0.19136E-01  0.33725E+02  0.35152E+02  0.19136E-01  0.33725E+02
    5.0140   1.6940  24.8645  0.25312E+02  0.28501E+02  0.11714E-01  0.27432E+02  0.28501E+02  0.11714E-01  0.27432E+02
    5.0140   1.6940  25.8700  0.20912E+02  0.23291E+02  0.73392E-02  0.22480E+02  0.23291E+02  0.73392E-02  0.22480E+02
    5.0140   1.6940  26.8404  0.17371E+02  0.19157E+02  0.46788E-02  0.18532E+02  0.19157E+02  0.46788E-02  0.18532E+02
    5.0140   1.6940  27.7793  0.14497E+02  0.15844E+02  0.30392E-02  0.15358E+02  0.15844E+02  0.30392E-02  0.15358E+02
    5.0140   1.6940  28.6899  0.12148E+02  0.13162E+02  0.19980E-02  0.12782E+02  0.13162E+02  0.19980E-02  0.12782E+02
    5.0140   1.6940  29.5747  0.10227E+02  0.10988E+02  0.13283E-02  0.10688E+02  0.10988E+02  0.13283E-02  0.10688E+02
    5.0140   1.6940  30.4361  0.86530E+01  0.92148E+01  0.89069E-03  0.89758E+01  0.92148E+01  0.89069E-03  0.89758E+01
    5.0140   1.6940  31.2760  0.72875E+01  0.77051E+01  0.60264E-03  0.75135E+01  0.77051E+01  0.60264E-03  0.75135E+01
    5.0140   1.6940  32.0962  0.61227E+01  0.64381E+01  0.41261E-03  0.62838E+01  0.64381E+01  0.41261E-03  0.62838E+01
    5.0140   1.6940  32.8980  0.51680E+01  0.54021E+01  0.28541E-03  0.52773E+01  0.54021E+01  0.28541E-03  0.52773E+01
    5.0140   1.6940  33.6828  0.43786E+01  0.45477E+01  0.19979E-03  0.44462E+01  0.45477E+01  0.19979E-03  0.44462E+01
    5.0140   1.6940  34.4518  0.37209E+01  0.38360E+01  0.14101E-03  0.37531E+01  0.38360E+01  0.14101E-03  0.37531E+01
    5.0140   1.6940  35.2060  0.31209E+01  0.32047E+01  0.10019E-03  0.31368E+01  0.32047E+01  0.10019E-03  0.31368E+01
    5.0140   1.6940  35.9465  0.26270E+01  0.26866E+01  0.71007E-04  0.26306E+01  0.26866E+01  0.71007E-04  0.26306E+01
    5.0140   1.6940  36.6739  0.22229E+01  0.22619E+01  0.50733E-04  0.22156E+01  0.22619E+01  0.50733E-04  0.22156E+01
    5.0140   1.5990  21.2893  0.50816E+02  0.61205E+02  0.94235E-01  0.57648E+02  0.61205E+02  0.94235E-01  0.57648E+02
    5.0140   1.5990  22.5469  0.40341E+02  0.47749E+02  0.52834E-01  0.45246E+02  0.47749E+02  0.52834E-01  0.45246E+02
    5.0140   1.5990  23.7413  0.32470E+02  0.37844E+02  0.30689E-01  0.36039E+02  0.37844E+02  0.30689E-01  0.36039E+02
    5.0140   1.5990  24.8815  0.26421E+02  0.30376E+02  0.18332E-01  0.29043E+02  0.30376E+02  0.18332E-01  0.29043E+02
    5.0140   1.5990  25.9748  0.21685E+02  0.24620E+02  0.11206E-01  0.23623E+02  0.24620E+02  0.11206E-01  0.23623E+02
    5.0140   1.5990  27.0268  0.17919E+02  0.20116E+02  0.70022E-02  0.19359E+02  0.20116E+02  0.70022E-02  0.19359E+02
    5.0140   1.5990  28.0422  0.14888E+02  0.16541E+02  0.44557E-02  0.15959E+02  0.16541E+02  0.44557E-02  0.15959E+02
    5.0140   1.5990  29.0250  0.12423E+02  0.13674E+02  0.28871E-02  0.13221E+02  0.13674E+02  0.28871E-02  0.13221E+02
    5.0140   1.5990  29.9782  0.10406E+02  0.11354E+02  0.18966E-02  0.10999E+02  0.11354E+02  0.18966E-02  0.10999E+02
    5.0140   1.5990  30.9047  0.87492E+01  0.94672E+01  0.12604E-02  0.91865E+01  0.94672E+01  0.12604E-02  0.91865E+01
    5.0140   1.5990  31.8069  0.73904E+01  0.79279E+01  0.84469E-03  0.77056E+01  0.79279E+01  0.84469E-03  0.77056E+01
    5.0140   1.5990  32.6867  0.62523E+01  0.66496E+01  0.57130E-03  0.64715E+01  0.66496E+01  0.57130E-03  0.64715E+01
    5.0140   1.5990  33.5459  0.52481E+01  0.55500E+01  0.39027E-03  0.54068E+01  0.55500E+01  0.39027E-03  0.54068E+01
    5.0140   1.5990  34.3861  0.44207E+01  0.46479E+01  0.26951E-03  0.45322E+01  0.46479E+01  0.26951E-03  0.45322E+01
    5.0140   1.5990  35.2087  0.37370E+01  0.39049E+01  0.18824E-03  0.38111E+01  0.39049E+01  0.18824E-03  0.38111E+01
    5.0140   1.5990  36.0148  0.31731E+01  0.32917E+01  0.13274E-03  0.32152E+01  0.32917E+01  0.13274E-03  0.32152E+01
    5.0140   1.5990  36.8057  0.26703E+01  0.27554E+01  0.94364E-04  0.26929E+01  0.27554E+01  0.94364E-04  0.26929E+01
    5.0140   1.5990  37.5822  0.22406E+01  0.23031E+01  0.67220E-04  0.22517E+01  0.23031E+01  0.67220E-04  0.22517E+01
    5.0140   1.5990  38.3453  0.18894E+01  0.19331E+01  0.48035E-04  0.18908E+01  0.19331E+01  0.48035E-04  0.18908E+01
    5.0140   1.5090  22.2133  0.43796E+02  0.53344E+02  0.91510E-01  0.49990E+02  0.53344E+02  0.91510E-01  0.49990E+02
    5.0140   1.5090  23.5269  0.34778E+02  0.41592E+02  0.51147E-01  0.39238E+02  0.41592E+02  0.51147E-01  0.39238E+02
    5.0140   1.5090  24.7747  0.28000E+02  0.32960E+02  0.29692E-01  0.31256E+02  0.32960E+02  0.29692E-01  0.31256E+02
    5.0140   1.5090  25.9663  0.22789E+02  0.26446E+02  0.17698E-01  0.25189E+02  0.26446E+02  0.17698E-01  0.25189E+02
    5.0140   1.5090  27.1090  0.18708E+02  0.21432E+02  0.10811E-01  0.20490E+02  0.21432E+02  0.10811E-01  0.20490E+02
    5.0140   1.5090  28.2088  0.15463E+02  0.17503E+02  0.67353E-02  0.16789E+02  0.17503E+02  0.67353E-02  0.16789E+02
    5.0140   1.5090  29.2705  0.12851E+02  0.14394E+02  0.42803E-02  0.13843E+02  0.14394E+02  0.42803E-02  0.13843E+02
    5.0140   1.5090  30.2983  0.10724E+02  0.11895E+02  0.27652E-02  0.11467E+02  0.11895E+02  0.27652E-02  0.11467E+02
    5.0140   1.5090  31.2955  0.89815E+01  0.98721E+01  0.18157E-02  0.95373E+01  0.98721E+01  0.18157E-02  0.95373E+01
    5.0140   1.5090  32.2648  0.75464E+01  0.82244E+01  0.12065E-02  0.79601E+01  0.82244E+01  0.12065E-02  0.79601E+01
    5.0140   1.5090  33.2089  0.63643E+01  0.68782E+01  0.80854E-03  0.66683E+01  0.68782E+01  0.80854E-03  0.66683E+01
    5.0140   1.5090  34.1298  0.53910E+01  0.57742E+01  0.54678E-03  0.56065E+01  0.57742E+01  0.54678E-03  0.56065E+01
    5.0140   1.5090  35.0293  0.45370E+01  0.48267E+01  0.37294E-03  0.46917E+01  0.48267E+01  0.37294E-03  0.46917E+01
    5.0140   1.5090  35.9091  0.38133E+01  0.40339E+01  0.25719E-03  0.39251E+01  0.40339E+01  0.25719E-03  0.39251E+01
    5.0140   1.5090  36.7707  0.32178E+01  0.33833E+01  0.17921E-03  0.32953E+01  0.33833E+01  0.17921E-03  0.32953E+01
    5.0140   1.5090  37.6152  0.27257E+01  0.28465E+01  0.12618E-03  0.27749E+01  0.28465E+01  0.12618E-03  0.27749E+01
    5.0140   1.5090  38.4439  0.23038E+01  0.23898E+01  0.89746E-04  0.23313E+01  0.23898E+01  0.89746E-04  0.23313E+01
    5.0140   1.5090  39.2578  0.19280E+01  0.19925E+01  0.64375E-04  0.19447E+01  0.19925E+01  0.64375E-04  0.19447E+01
    5.0140   1.5090  40.0577  0.16215E+01  0.16683E+01  0.46053E-04  0.16289E+01  0.16683E+01  0.46053E-04  0.16289E+01
    5.0140   1.4190  21.7564  0.48284E+02  0.60839E+02  0.16675E+00  0.56200E+02  0.60839E+02  0.16675E+00  0.56200E+02
    5.0140   1.4190  23.2125  0.37681E+02  0.46473E+02  0.89425E-01  0.43297E+02  0.46473E+02  0.89425E-01  0.43297E+02
    5.0140   1.4190  24.5870  0.29932E+02  0.36224E+02  0.49804E-01  0.33989E+02  0.36224E+02  0.49804E-01  0.33989E+02
    5.0140   1.4190  25.8929  0.24106E+02  0.28693E+02  0.28910E-01  0.27077E+02  0.28693E+02  0.28910E-01  0.27077E+02
    5.0140   1.4190  27.1402  0.19625E+02  0.23015E+02  0.17193E-01  0.21822E+02  0.23015E+02  0.17193E-01  0.21822E+02
    5.0140   1.4190  28.3366  0.16115E+02  0.18642E+02  0.10496E-01  0.17748E+02  0.18642E+02  0.10496E-01  0.17748E+02
    5.0140   1.4190  29.4884  0.13324E+02  0.15230E+02  0.65215E-02  0.14550E+02  0.15230E+02  0.65215E-02  0.14550E+02
    5.0140   1.4190  30.6006  0.11075E+02  0.12519E+02  0.41383E-02  0.11996E+02  0.12519E+02  0.41383E-02  0.11996E+02
    5.0140   1.4190  31.6775  0.92445E+01  0.10343E+02  0.26651E-02  0.99369E+01  0.10343E+02  0.26651E-02  0.99369E+01
    5.0140   1.4190  32.7225  0.77424E+01  0.85818E+01  0.17487E-02  0.82629E+01  0.85818E+01  0.17487E-02  0.82629E+01
    5.0140   1.4190  33.7386  0.65033E+01  0.71457E+01  0.11614E-02  0.68940E+01  0.71457E+01  0.11614E-02  0.68940E+01
    5.0140   1.4190  34.7285  0.54789E+01  0.59689E+01  0.77907E-03  0.57695E+01  0.59689E+01  0.77907E-03  0.57695E+01
    5.0140   1.4190  35.6942  0.46350E+01  0.50062E+01  0.52698E-03  0.48466E+01  0.50062E+01  0.52698E-03  0.48466E+01
    5.0140   1.4190  36.6379  0.39174E+01  0.41960E+01  0.35944E-03  0.40679E+01  0.41960E+01  0.35944E-03  0.40679E+01
    5.0140   1.4190  37.5610  0.32880E+01  0.35022E+01  0.24742E-03  0.33988E+01  0.35022E+01  0.24742E-03  0.33988E+01
    5.0140   1.4190  38.4652  0.27700E+01  0.29328E+01  0.17212E-03  0.28490E+01  0.29328E+01  0.17212E-03  0.28490E+01
    5.0140   1.4190  39.3518  0.23411E+01  0.24627E+01  0.12096E-03  0.23947E+01  0.24627E+01  0.12096E-03  0.23947E+01
    5.0140   1.4190  40.2220  0.19833E+01  0.20707E+01  0.85972E-04  0.20154E+01  0.20707E+01  0.85972E-04  0.20154E+01
    5.0140   1.4190  41.0768  0.16590E+01  0.17250E+01  0.61780E-04  0.16798E+01  0.17250E+01  0.61780E-04  0.16798E+01
    5.0140   1.4190  41.9173  0.13919E+01  0.14409E+01  0.44550E-04  0.14038E+01  0.14409E+01  0.44550E-04  0.14038E+01
    5.0140   1.3340  22.7149  0.41787E+02  0.53398E+02  0.16400E+00  0.48977E+02  0.53398E+02  0.16400E+00  0.48977E+02
    5.0140   1.3340  24.2370  0.32624E+02  0.40784E+02  0.88013E-01  0.37742E+02  0.40784E+02  0.88013E-01  0.37742E+02
    5.0140   1.3340  25.6741  0.25925E+02  0.31771E+02  0.48984E-01  0.29633E+02  0.31771E+02  0.48984E-01  0.29633E+02
    5.0140   1.3340  27.0399  0.20886E+02  0.25156E+02  0.28357E-01  0.23610E+02  0.25156E+02  0.28357E-01  0.23610E+02
    5.0140   1.3340  28.3446  0.17009E+02  0.20172E+02  0.16861E-01  0.19030E+02  0.20172E+02  0.16861E-01  0.19030E+02
    5.0140   1.3340  29.5965  0.13970E+02  0.16342E+02  0.10269E-01  0.15482E+02  0.16342E+02  0.10269E-01  0.15482E+02
    5.0140   1.3340  30.8019  0.11553E+02  0.13343E+02  0.63770E-02  0.12690E+02  0.13343E+02  0.63770E-02  0.12690E+02
    5.0140   1.3340  31.9662  0.96060E+01  0.10967E+02  0.40338E-02  0.10463E+02  0.10967E+02  0.40338E-02  0.10463E+02
    5.0140   1.3340  33.0938  0.80202E+01  0.90588E+01  0.25955E-02  0.86675E+01  0.90588E+01  0.25955E-02  0.86675E+01
    5.0140   1.3340  34.1883  0.67181E+01  0.75138E+01  0.16977E-02  0.72072E+01  0.75138E+01  0.16977E-02  0.72072E+01
    5.0140   1.3340  35.2529  0.56424E+01  0.62541E+01  0.11279E-02  0.60116E+01  0.62541E+01  0.11279E-02  0.60116E+01
    5.0140   1.3340  36.2902  0.47508E+01  0.52209E+01  0.75704E-03  0.50281E+01  0.52209E+01  0.75704E-03  0.50281E+01
    5.0140   1.3340  37.3025  0.40135E+01  0.43729E+01  0.51261E-03  0.42190E+01  0.43729E+01  0.51261E-03  0.42190E+01
    5.0140   1.3340  38.2918  0.34004E+01  0.36713E+01  0.34981E-03  0.35480E+01  0.36713E+01  0.34981E-03  0.35480E+01
    5.0140   1.3340  39.2600  0.28560E+01  0.30645E+01  0.24059E-03  0.29649E+01  0.30645E+01  0.24059E-03  0.29649E+01
    5.0140   1.3340  40.2085  0.24021E+01  0.25621E+01  0.16716E-03  0.24816E+01  0.25621E+01  0.16716E-03  0.24816E+01
    5.0140   1.3340  41.1389  0.20267E+01  0.21480E+01  0.11720E-03  0.20827E+01  0.21480E+01  0.11720E-03  0.20827E+01
    5.0140   1.3340  42.0522  0.17163E+01  0.18054E+01  0.83225E-04  0.17523E+01  0.18054E+01  0.83225E-04  0.17523E+01
    5.0140   1.3340  42.9497  0.14384E+01  0.15054E+01  0.59838E-04  0.14621E+01  0.15054E+01  0.59838E-04  0.14621E+01
    5.0140   1.3340  43.8323  0.12043E+01  0.12550E+01  0.43444E-04  0.12196E+01  0.12550E+01  0.43444E-04  0.12196E+01
    5.0140   1.2540  23.6952  0.36387E+02  0.47201E+02  0.16297E+00  0.42953E+02  0.47201E+02  0.16297E+00  0.42953E+02
    5.0140   1.2540  25.2851  0.28420E+02  0.36031E+02  0.87208E-01  0.33117E+02  0.36031E+02  0.87208E-01  0.33117E+02
    5.0140   1.2540  26.7866  0.22593E+02  0.28062E+02  0.48580E-01  0.26001E+02  0.28062E+02  0.48580E-01  0.26001E+02
    5.0140   1.2540  28.2139  0.18208E+02  0.22212E+02  0.28011E-01  0.20718E+02  0.22212E+02  0.28011E-01  0.20718E+02
    5.0140   1.2540  29.5778  0.14833E+02  0.17807E+02  0.16663E-01  0.16701E+02  0.17807E+02  0.16663E-01  0.16701E+02
    5.0140   1.2540  30.8867  0.12187E+02  0.14421E+02  0.10121E-01  0.13588E+02  0.14421E+02  0.10121E-01  0.13588E+02
    5.0140   1.2540  32.1474  0.10081E+02  0.11772E+02  0.62868E-02  0.11139E+02  0.11772E+02  0.62868E-02  0.11139E+02
    5.0140   1.2540  33.3655  0.83837E+01  0.96727E+01  0.39648E-02  0.91845E+01  0.96727E+01  0.39648E-02  0.91845E+01
    5.0140   1.2540  34.5454  0.70016E+01  0.79884E+01  0.25492E-02  0.76078E+01  0.79884E+01  0.25492E-02  0.76078E+01
    5.0140   1.2540  35.6911  0.58659E+01  0.66256E+01  0.16624E-02  0.63272E+01  0.66256E+01  0.16624E-02  0.63272E+01
    5.0140   1.2540  36.8057  0.49268E+01  0.55130E+01  0.11041E-02  0.52768E+01  0.55130E+01  0.11041E-02  0.52768E+01
    5.0140   1.2540  37.8920  0.41473E+01  0.46001E+01  0.74135E-03  0.44124E+01  0.46001E+01  0.74135E-03  0.44124E+01
    5.0140   1.2540  38.9525  0.35000E+01  0.38484E+01  0.50287E-03  0.36985E+01  0.38484E+01  0.50287E-03  0.36985E+01
    5.0140   1.2540  39.9892  0.29654E+01  0.32307E+01  0.34354E-03  0.31106E+01  0.32307E+01  0.34354E-03  0.31106E+01
    5.0140   1.2540  41.0041  0.24979E+01  0.27014E+01  0.23654E-03  0.26045E+01  0.27014E+01  0.23654E-03  0.26045E+01
    5.0140   1.2540  41.9987  0.20976E+01  0.22552E+01  0.16404E-03  0.21769E+01  0.22552E+01  0.16404E-03  0.21769E+01
    5.0140   1.2540  42.9744  0.17675E+01  0.18882E+01  0.11495E-03  0.18247E+01  0.18882E+01  0.11495E-03  0.18247E+01
    5.0140   1.2540  43.9327  0.14942E+01  0.15848E+01  0.81445E-04  0.15331E+01  0.15848E+01  0.81445E-04  0.15331E+01
    5.0140   1.2540  44.8746  0.12560E+01  0.13239E+01  0.58518E-04  0.12819E+01  0.13239E+01  0.58518E-04  0.12819E+01
    5.0140   1.2540  45.8011  0.10496E+01  0.11016E+01  0.42562E-04  0.10673E+01  0.11016E+01  0.42562E-04  0.10673E+01
    5.0140   1.1790  24.6950  0.31878E+02  0.42015E+02  0.16309E+00  0.37904E+02  0.42015E+02  0.16309E+00  0.37904E+02
    5.0140   1.1790  26.3543  0.24909E+02  0.32048E+02  0.86924E-01  0.29225E+02  0.32048E+02  0.86924E-01  0.29225E+02
    5.0140   1.1790  27.9217  0.19810E+02  0.24961E+02  0.48507E-01  0.22957E+02  0.24961E+02  0.48507E-01  0.22957E+02
    5.0140   1.1790  29.4121  0.15972E+02  0.19749E+02  0.27861E-01  0.18296E+02  0.19749E+02  0.27861E-01  0.18296E+02
    5.0140   1.1790  30.8367  0.13015E+02  0.15827E+02  0.16583E-01  0.14751E+02  0.15827E+02  0.16583E-01  0.14751E+02
    5.0140   1.1790  32.2042  0.10697E+02  0.12813E+02  0.10066E-01  0.12003E+02  0.12813E+02  0.10066E-01  0.12003E+02
    5.0140   1.1790  33.5218  0.88505E+01  0.10458E+02  0.62441E-02  0.98392E+01  0.10458E+02  0.62441E-02  0.98392E+01
    5.0140   1.1790  34.7951  0.73624E+01  0.85899E+01  0.39372E-02  0.81119E+01  0.85899E+01  0.39372E-02  0.81119E+01
    5.0140   1.1790  36.0290  0.61499E+01  0.70946E+01  0.25240E-02  0.67223E+01  0.70946E+01  0.25240E-02  0.67223E+01
    5.0140   1.1790  37.2273  0.51536E+01  0.58817E+01  0.16452E-02  0.55891E+01  0.58817E+01  0.16452E-02  0.55891E+01
    5.0140   1.1790  38.3935  0.43291E+01  0.48935E+01  0.10890E-02  0.46616E+01  0.48935E+01  0.10890E-02  0.46616E+01
    5.0140   1.1790  39.5306  0.36438E+01  0.40810E+01  0.73205E-03  0.38967E+01  0.40810E+01  0.73205E-03  0.38967E+01
    5.0140   1.1790  40.6408  0.30734E+01  0.34121E+01  0.49706E-03  0.32649E+01  0.34121E+01  0.49706E-03  0.32649E+01
    5.0140   1.1790  41.7266  0.26010E+01  0.28617E+01  0.34034E-03  0.27433E+01  0.28617E+01  0.34034E-03  0.27433E+01
    5.0140   1.1790  42.7898  0.21984E+01  0.23978E+01  0.23466E-03  0.23027E+01  0.23978E+01  0.23466E-03  0.23027E+01
    5.0140   1.1790  43.8321  0.18441E+01  0.19996E+01  0.16288E-03  0.19226E+01  0.19996E+01  0.16288E-03  0.19226E+01
    5.0140   1.1790  44.8549  0.15520E+01  0.16722E+01  0.11395E-03  0.16098E+01  0.16722E+01  0.11395E-03  0.16098E+01
    5.0140   1.1790  45.8598  0.13099E+01  0.14014E+01  0.80636E-04  0.13508E+01  0.14014E+01  0.80636E-04  0.13508E+01
    5.0140   1.1790  46.8478  0.11040E+01  0.11728E+01  0.57836E-04  0.11315E+01  0.11728E+01  0.57836E-04  0.11315E+01
    5.0140   1.1790  47.8201  0.92119E+00  0.97435E+00  0.42051E-04  0.94068E+00  0.97435E+00  0.42051E-04  0.94068E+00
    5.0140   1.1090  25.7105  0.28099E+02  0.37658E+02  0.16415E+00  0.33658E+02  0.37658E+02  0.16415E+00  0.33658E+02
    5.0140   1.1090  27.4406  0.21966E+02  0.28708E+02  0.87150E-01  0.25959E+02  0.28708E+02  0.87150E-01  0.25959E+02
    5.0140   1.1090  29.0753  0.17478E+02  0.22356E+02  0.48732E-01  0.20397E+02  0.22356E+02  0.48732E-01  0.20397E+02
    5.0140   1.1090  30.6302  0.14097E+02  0.17681E+02  0.27996E-01  0.16259E+02  0.17681E+02  0.27996E-01  0.16259E+02
    5.0140   1.1090  32.1168  0.11491E+02  0.14164E+02  0.16609E-01  0.13110E+02  0.14164E+02  0.16609E-01  0.13110E+02
    5.0140   1.1090  33.5444  0.94468E+01  0.11464E+02  0.10092E-01  0.10668E+02  0.11464E+02  0.10092E-01  0.10668E+02
    5.0140   1.1090  34.9202  0.78184E+01  0.93553E+01  0.62447E-02  0.87464E+01  0.93553E+01  0.62447E-02  0.87464E+01
    5.0140   1.1090  36.2502  0.65053E+01  0.76836E+01  0.39406E-02  0.72129E+01  0.76836E+01  0.39406E-02  0.72129E+01
    5.0140   1.1090  37.5394  0.54353E+01  0.63434E+01  0.25191E-02  0.59761E+01  0.63434E+01  0.25191E-02  0.59761E+01
    5.0140   1.1090  38.7919  0.45557E+01  0.52588E+01  0.16414E-02  0.49696E+01  0.52588E+01  0.16414E-02  0.49696E+01
    5.0140   1.1090  40.0112  0.38275E+01  0.43733E+01  0.10839E-02  0.41443E+01  0.43733E+01  0.10839E-02  0.41443E+01
    5.0140   1.1090  41.2004  0.32216E+01  0.36463E+01  0.72794E-03  0.34638E+01  0.36463E+01  0.72794E-03  0.34638E+01
    5.0140   1.1090  42.3620  0.27164E+01  0.30471E+01  0.49495E-03  0.29011E+01  0.30471E+01  0.49495E-03  0.29011E+01
    5.0140   1.1090  43.4983  0.22965E+01  0.25529E+01  0.33964E-03  0.24356E+01  0.25529E+01  0.33964E-03  0.24356E+01
    5.0140   1.1090  44.6113  0.19451E+01  0.21420E+01  0.23475E-03  0.20475E+01  0.21420E+01  0.23475E-03  0.20475E+01
    5.0140   1.1090  45.7029  0.16320E+01  0.17858E+01  0.16325E-03  0.17094E+01  0.17858E+01  0.16325E-03  0.17094E+01
    5.0140   1.1090  46.7745  0.13719E+01  0.14917E+01  0.11419E-03  0.14297E+01  0.14917E+01  0.11419E-03  0.14297E+01
    5.0140   1.1090  47.8276  0.11564E+01  0.12486E+01  0.80745E-04  0.11983E+01  0.12486E+01  0.80745E-04  0.11983E+01
    5.0140   1.1090  48.8635  0.97593E+00  0.10457E+01  0.57789E-04  0.10047E+01  0.10457E+01  0.57789E-04  0.10047E+01
    5.0140   1.1090  49.8832  0.81395E+00  0.86821E+00  0.41945E-04  0.83477E+00  0.86821E+00  0.41945E-04  0.83477E+00
    5.0140   1.0390  26.8194  0.24693E+02  0.33719E+02  0.16618E+00  0.29808E+02  0.33719E+02  0.16618E+00  0.29808E+02
    5.0140   1.0390  28.6271  0.19313E+02  0.25689E+02  0.88265E-01  0.23003E+02  0.25689E+02  0.88265E-01  0.23003E+02
    5.0140   1.0390  30.3358  0.15374E+02  0.19993E+02  0.49265E-01  0.18079E+02  0.19993E+02  0.49265E-01  0.18079E+02
    5.0140   1.0390  31.9615  0.12405E+02  0.15816E+02  0.28371E-01  0.14418E+02  0.15816E+02  0.28371E-01  0.14418E+02
    5.0140   1.0390  33.5164  0.10116E+02  0.12666E+02  0.16748E-01  0.11625E+02  0.12666E+02  0.16748E-01  0.11625E+02
    5.0140   1.0390  35.0101  0.83186E+01  0.10247E+02  0.10193E-01  0.94612E+01  0.10247E+02  0.10193E-01  0.94612E+01
    5.0140   1.0390  36.4501  0.68866E+01  0.83581E+01  0.63027E-02  0.77569E+01  0.83581E+01  0.63027E-02  0.77569E+01
    5.0140   1.0390  37.8427  0.57314E+01  0.68634E+01  0.39747E-02  0.63972E+01  0.68634E+01  0.39747E-02  0.63972E+01
    5.0140   1.0390  39.1930  0.47898E+01  0.56650E+01  0.25424E-02  0.53006E+01  0.56650E+01  0.25424E-02  0.53006E+01
    5.0140   1.0390  40.5053  0.40155E+01  0.46953E+01  0.16508E-02  0.44081E+01  0.46953E+01  0.16508E-02  0.44081E+01
    5.0140   1.0390  41.7834  0.33743E+01  0.39038E+01  0.10904E-02  0.36760E+01  0.39038E+01  0.10904E-02  0.36760E+01
    5.0140   1.0390  43.0303  0.28404E+01  0.32538E+01  0.72921E-03  0.30720E+01  0.32538E+01  0.72921E-03  0.30720E+01
    5.0140   1.0390  44.2488  0.23946E+01  0.27181E+01  0.49662E-03  0.25723E+01  0.27181E+01  0.49662E-03  0.25723E+01
    5.0140   1.0390  45.4413  0.20230E+01  0.22755E+01  0.34134E-03  0.21582E+01  0.22755E+01  0.34134E-03  0.21582E+01
    5.0140   1.0390  46.6098  0.17142E+01  0.19095E+01  0.23673E-03  0.18149E+01  0.19095E+01  0.23673E-03  0.18149E+01
    5.0140   1.0390  47.7562  0.14408E+01  0.15932E+01  0.16507E-03  0.15168E+01  0.15932E+01  0.16507E-03  0.15168E+01
    5.0140   1.0390  48.8821  0.12097E+01  0.13294E+01  0.11577E-03  0.12672E+01  0.13294E+01  0.11577E-03  0.12672E+01
    5.0140   1.0390  49.9890  0.10185E+01  0.11115E+01  0.81770E-04  0.10611E+01  0.11115E+01  0.81770E-04  0.10611E+01
    5.0140   1.0390  51.0783  0.85969E+00  0.93065E+00  0.58491E-04  0.88963E+00  0.93065E+00  0.58491E-04  0.88963E+00
    5.0140   1.0390  52.1511  0.71751E+00  0.77278E+00  0.42327E-04  0.73934E+00  0.77278E+00  0.42327E-04  0.73934E+00
    5.0140   0.9740  27.9474  0.21829E+02  0.30392E+02  0.16899E+00  0.26552E+02  0.30392E+02  0.16899E+00  0.26552E+02
    5.0140   0.9740  29.8345  0.17082E+02  0.23148E+02  0.90131E-01  0.20507E+02  0.23148E+02  0.90131E-01  0.20507E+02
    5.0140   0.9740  31.6189  0.13603E+02  0.18007E+02  0.50071E-01  0.16123E+02  0.18007E+02  0.50071E-01  0.16123E+02
    5.0140   0.9740  33.3172  0.10981E+02  0.14241E+02  0.28924E-01  0.12860E+02  0.14241E+02  0.28924E-01  0.12860E+02
    5.0140   0.9740  34.9421  0.89580E+01  0.11399E+02  0.17063E-01  0.10371E+02  0.11399E+02  0.17063E-01  0.10371E+02
    5.0140   0.9740  36.5037  0.73689E+01  0.92193E+01  0.10362E-01  0.84417E+01  0.92193E+01  0.10362E-01  0.84417E+01
    5.0140   0.9740  38.0096  0.61022E+01  0.75198E+01  0.64195E-02  0.69219E+01  0.75198E+01  0.64195E-02  0.69219E+01
    5.0140   0.9740  39.4666  0.50797E+01  0.61732E+01  0.40371E-02  0.57088E+01  0.61732E+01  0.40371E-02  0.57088E+01
    5.0140   0.9740  40.8799  0.42461E+01  0.50935E+01  0.25873E-02  0.47303E+01  0.50935E+01  0.25873E-02  0.47303E+01
    5.0140   0.9740  42.2540  0.35604E+01  0.42211E+01  0.16773E-02  0.39339E+01  0.42211E+01  0.16773E-02  0.39339E+01
    5.0140   0.9740  43.5927  0.29924E+01  0.35089E+01  0.11063E-02  0.32807E+01  0.35089E+01  0.11063E-02  0.32807E+01
    5.0140   0.9740  44.8993  0.25193E+01  0.29239E+01  0.73975E-03  0.27416E+01  0.29239E+01  0.73975E-03  0.27416E+01
    5.0140   0.9740  46.1767  0.21238E+01  0.24416E+01  0.50183E-03  0.22951E+01  0.24416E+01  0.50183E-03  0.22951E+01
    5.0140   0.9740  47.4274  0.17932E+01  0.20420E+01  0.34578E-03  0.19245E+01  0.20420E+01  0.34578E-03  0.19245E+01
    5.0140   0.9740  48.6534  0.15189E+01  0.17131E+01  0.24030E-03  0.16178E+01  0.17131E+01  0.24030E-03  0.16178E+01
    5.0140   0.9740  49.8568  0.12798E+01  0.14316E+01  0.16828E-03  0.13544E+01  0.14316E+01  0.16828E-03  0.13544E+01
    5.0140   0.9740  51.0392  0.10734E+01  0.11929E+01  0.11836E-03  0.11304E+01  0.11929E+01  0.11836E-03  0.11304E+01
    5.0140   0.9740  52.2022  0.90287E+00  0.99656E+00  0.83843E-04  0.94555E+00  0.99656E+00  0.83843E-04  0.94555E+00
    5.0140   0.9740  53.3471  0.76153E+00  0.83387E+00  0.59861E-04  0.79235E+00  0.83387E+00  0.59861E-04  0.79235E+00
    5.0140   0.9740  54.4753  0.63649E+00  0.69286E+00  0.43294E-04  0.65905E+00  0.69286E+00  0.43294E-04  0.65905E+00
    5.0140   0.9190  28.9886  0.19611E+02  0.27798E+02  0.17175E+00  0.24014E+02  0.27798E+02  0.17175E+00  0.24014E+02
    5.0140   0.9190  30.9494  0.15353E+02  0.21179E+02  0.92270E-01  0.18565E+02  0.21179E+02  0.92270E-01  0.18565E+02
    5.0140   0.9190  32.8040  0.12232E+02  0.16462E+02  0.51064E-01  0.14600E+02  0.16462E+02  0.51064E-01  0.14600E+02
    5.0140   0.9190  34.5699  0.98769E+01  0.13017E+02  0.29573E-01  0.11647E+02  0.13017E+02  0.29573E-01  0.11647E+02
    5.0140   0.9190  36.2600  0.80601E+01  0.10418E+02  0.17490E-01  0.93979E+01  0.10418E+02  0.17490E-01  0.93979E+01
    5.0140   0.9190  37.8848  0.66321E+01  0.84272E+01  0.10572E-01  0.76486E+01  0.84272E+01  0.10572E-01  0.76486E+01
    5.0140   0.9190  39.4523  0.54934E+01  0.68682E+01  0.65653E-02  0.62719E+01  0.68682E+01  0.65653E-02  0.62719E+01
    5.0140   0.9190  40.9694  0.45739E+01  0.56374E+01  0.41318E-02  0.51732E+01  0.56374E+01  0.41318E-02  0.51732E+01
    5.0140   0.9190  42.4415  0.38240E+01  0.46511E+01  0.26446E-02  0.42865E+01  0.46511E+01  0.26446E-02  0.42865E+01
    5.0140   0.9190  43.8734  0.32071E+01  0.38530E+01  0.17175E-02  0.35648E+01  0.38530E+01  0.17175E-02  0.35648E+01
    5.0140   0.9190  45.2690  0.26959E+01  0.32024E+01  0.11286E-02  0.29729E+01  0.32024E+01  0.11286E-02  0.29729E+01
    5.0140   0.9190  46.6317  0.22699E+01  0.26679E+01  0.75539E-03  0.24843E+01  0.26679E+01  0.75539E-03  0.24843E+01
    5.0140   0.9190  47.9645  0.19136E+01  0.22270E+01  0.51124E-03  0.20794E+01  0.22270E+01  0.51124E-03  0.20794E+01
    5.0140   0.9190  49.2698  0.16153E+01  0.18623E+01  0.35181E-03  0.17430E+01  0.18623E+01  0.35181E-03  0.17430E+01
    5.0140   0.9190  50.5500  0.13671E+01  0.15609E+01  0.24516E-03  0.14644E+01  0.15609E+01  0.24516E-03  0.14644E+01
    5.0140   0.9190  51.8071  0.11545E+01  0.13061E+01  0.17210E-03  0.12278E+01  0.13061E+01  0.17210E-03  0.12278E+01
    5.0140   0.9190  53.0429  0.96763E+00  0.10876E+01  0.12158E-03  0.10240E+01  0.10876E+01  0.12158E-03  0.10240E+01
    5.0140   0.9190  54.2589  0.81336E+00  0.90766E+00  0.86364E-04  0.85603E+00  0.90766E+00  0.86364E-04  0.85603E+00
    5.0140   0.9190  55.4567  0.68536E+00  0.75884E+00  0.61816E-04  0.71672E+00  0.75884E+00  0.61816E-04  0.71672E+00
    5.0140   0.9190  56.6374  0.57369E+00  0.63107E+00  0.44587E-04  0.59670E+00  0.63107E+00  0.44587E-04  0.59670E+00
    5.0140   0.8640  30.1229  0.17565E+02  0.25391E+02  0.17603E+00  0.21658E+02  0.25391E+02  0.17603E+00  0.21658E+02
    5.0140   0.8640  32.1643  0.13757E+02  0.19356E+02  0.94951E-01  0.16765E+02  0.19356E+02  0.94951E-01  0.16765E+02
    5.0140   0.8640  34.0961  0.10965E+02  0.15037E+02  0.52711E-01  0.13189E+02  0.15037E+02  0.52711E-01  0.13189E+02
    5.0140   0.8640  35.9360  0.88575E+01  0.11886E+02  0.30410E-01  0.10525E+02  0.11886E+02  0.30410E-01  0.10525E+02
    5.0140   0.8640  37.6978  0.72305E+01  0.95127E+01  0.18054E-01  0.84936E+01  0.95127E+01  0.18054E-01  0.84936E+01
    5.0140   0.8640  39.3921  0.59514E+01  0.76885E+01  0.10902E-01  0.69140E+01  0.76885E+01  0.10902E-01  0.69140E+01
    5.0140   0.8640  41.0275  0.49307E+01  0.62673E+01  0.67599E-02  0.56699E+01  0.62673E+01  0.67599E-02  0.56699E+01
    5.0140   0.8640  42.6109  0.41064E+01  0.51424E+01  0.42657E-02  0.46767E+01  0.51424E+01  0.42657E-02  0.46767E+01
    5.0140   0.8640  44.1480  0.34338E+01  0.42409E+01  0.27242E-02  0.38753E+01  0.42409E+01  0.27242E-02  0.38753E+01
    5.0140   0.8640  45.6438  0.28804E+01  0.35128E+01  0.17729E-02  0.32229E+01  0.35128E+01  0.17729E-02  0.32229E+01
    5.0140   0.8640  47.1024  0.24216E+01  0.29195E+01  0.11664E-02  0.26877E+01  0.29195E+01  0.11664E-02  0.26877E+01
    5.0140   0.8640  48.5272  0.20392E+01  0.24318E+01  0.77767E-03  0.22460E+01  0.24318E+01  0.77767E-03  0.22460E+01
    5.0140   0.8640  49.9214  0.17192E+01  0.20292E+01  0.52701E-03  0.18796E+01  0.20292E+01  0.52701E-03  0.18796E+01
    5.0140   0.8640  51.2875  0.14510E+01  0.16963E+01  0.36095E-03  0.15752E+01  0.16963E+01  0.36095E-03  0.15752E+01
    5.0140   0.8640  52.6281  0.12272E+01  0.14209E+01  0.25182E-03  0.13225E+01  0.14209E+01  0.25182E-03  0.13225E+01
    5.0140   0.8640  53.9451  0.10381E+01  0.11900E+01  0.17728E-03  0.11101E+01  0.11900E+01  0.17728E-03  0.11101E+01
    5.0140   0.8640  55.2404  0.86994E+00  0.99050E+00  0.12567E-03  0.92564E+00  0.99050E+00  0.12567E-03  0.92564E+00
    5.0140   0.8640  56.5157  0.73070E+00  0.82605E+00  0.89719E-04  0.77321E+00  0.82605E+00  0.89719E-04  0.77321E+00
    5.0140   0.8640  57.7725  0.61511E+00  0.68994E+00  0.64420E-04  0.64686E+00  0.68994E+00  0.64420E-04  0.64686E+00
    5.0140   0.8640  59.0122  0.51570E+00  0.57426E+00  0.46557E-04  0.53909E+00  0.57426E+00  0.46557E-04  0.53909E+00
    5.0140   0.7990  31.6055  0.15349E+02  0.22771E+02  0.18177E+00  0.19092E+02  0.22771E+02  0.18177E+00  0.19092E+02
    5.0140   0.7990  33.7531  0.12028E+02  0.17373E+02  0.98895E-01  0.14802E+02  0.17373E+02  0.98895E-01  0.14802E+02
    5.0140   0.7990  35.7864  0.95921E+01  0.13497E+02  0.55299E-01  0.11655E+02  0.13497E+02  0.55299E-01  0.11655E+02
    5.0140   0.7990  37.7242  0.77522E+01  0.10657E+02  0.31706E-01  0.93029E+01  0.10657E+02  0.31706E-01  0.93029E+01
    5.0140   0.7990  39.5806  0.63309E+01  0.85296E+01  0.18918E-01  0.75086E+01  0.85296E+01  0.18918E-01  0.75086E+01
    5.0140   0.7990  41.3670  0.52129E+01  0.68928E+01  0.11477E-01  0.61158E+01  0.68928E+01  0.11477E-01  0.61158E+01
    5.0140   0.7990  43.0923  0.43202E+01  0.56150E+01  0.70705E-02  0.50146E+01  0.56150E+01  0.70705E-02  0.50146E+01
    5.0140   0.7990  44.7637  0.35989E+01  0.46067E+01  0.44782E-02  0.41366E+01  0.46067E+01  0.44782E-02  0.41366E+01
    5.0140   0.7990  46.3873  0.30102E+01  0.37982E+01  0.28698E-02  0.34278E+01  0.37982E+01  0.28698E-02  0.34278E+01
    5.0140   0.7990  47.9682  0.25256E+01  0.31455E+01  0.18618E-02  0.28507E+01  0.31455E+01  0.18618E-02  0.28507E+01
    5.0140   0.7990  49.5107  0.21238E+01  0.26132E+01  0.12295E-02  0.23773E+01  0.26132E+01  0.12295E-02  0.23773E+01
    5.0140   0.7990  51.0185  0.17887E+01  0.21760E+01  0.81909E-03  0.19865E+01  0.21760E+01  0.81909E-03  0.19865E+01
    5.0140   0.7990  52.4949  0.15081E+01  0.18153E+01  0.55342E-03  0.16622E+01  0.18153E+01  0.55342E-03  0.16622E+01
    5.0140   0.7990  53.9427  0.12726E+01  0.15166E+01  0.37959E-03  0.13926E+01  0.15166E+01  0.37959E-03  0.13926E+01
    5.0140   0.7990  55.3642  0.10757E+01  0.12694E+01  0.26303E-03  0.11685E+01  0.12694E+01  0.26303E-03  0.11685E+01
    5.0140   0.7990  56.7618  0.91091E+00  0.10638E+01  0.18557E-03  0.98160E+00  0.10638E+01  0.18557E-03  0.98160E+00
    5.0140   0.7990  58.1374  0.76388E+00  0.88574E+00  0.13209E-03  0.81863E+00  0.88574E+00  0.13209E-03  0.81863E+00
    5.0140   0.7990  59.4928  0.64107E+00  0.73794E+00  0.94776E-04  0.68321E+00  0.73794E+00  0.94776E-04  0.68321E+00
    5.0140   0.7990  60.8296  0.53910E+00  0.61564E+00  0.68469E-04  0.57101E+00  0.61564E+00  0.68469E-04  0.57101E+00
    5.0140   0.7990  62.1491  0.45267E+00  0.51291E+00  0.49687E-04  0.47636E+00  0.51291E+00  0.49687E-04  0.47636E+00
