EXTERNAL/TSAI:  VERSION OF 8/8/96

RUNPLAN for CLAS hadronization experiment                               
 inclusive:                                                             
                                                                        
CLAS Carbon                                                             
                                                                        

----*----1----*----2----*----3----*----4----*----5----*----6----*----7--
                                                                        

TARGET (iZ,iA) = (  6, 12);   avgA =  12.000; amuM= 12.002; avgM= 11.180
 targ= ordina; ttarg(rl)=0.01561; twall=0.00000; tbeam=0.00000; tspec=0.00761
         Nseg  =   2
 MODELS: P elastc(ikk)=14; deut elastic=13; inelastc=206; Pauli Supresion= 1
 NUCLEAR METHOD= 1;   NUCLEAR_MODEL= 1

    E1    TH    Q2 COS_K         SMR     NUC          INT-SMR
    EP     X    W2 QE-PK  INELA  Q-ELA  ELAST   TOTAL  MODEL

   5.014 18.233  1.17    3.33    6.89    2.47    0.02    9.38  0.765
   2.314  0.230  4.78    0.00 -100.00    0.00    0.00 -100.00 5.450E+02

   5.014 21.026  1.54    2.57    3.49    1.90    0.00    5.39  0.786
   2.314  0.305  4.40    0.00 -100.00    0.00    0.00 -100.00 2.733E+02

   5.014 29.105  2.93    1.88   -5.57    2.05    0.00   -3.53  1.189
   2.314  0.578  3.02    0.00 -100.00    0.00    0.00 -100.00 2.862E+01

   5.014 22.332  1.16    6.74   15.01    4.96    0.15   20.11  0.688
   1.549  0.179  6.22    0.00 -100.00    0.00    0.00 -100.00 2.610E+02

   5.014 25.771  1.55    5.19   11.09    3.85    0.02   14.96  0.722
   1.549  0.238  5.84    0.00 -100.00    0.00    0.00 -100.00 1.417E+02

   5.014 35.770  2.93    2.99    1.82    2.27    0.00    4.10  0.819
   1.549  0.451  4.45    0.00 -100.00    0.00    0.00 -100.00 2.175E+01

   5.014 27.557  1.17   13.49   23.78   10.23    0.61   34.63  0.626
   1.024  0.156  7.20    0.00 -100.00    0.00    0.00 -100.00 1.367E+02

   5.014 31.838  1.55   10.73   19.49    8.27    0.13   27.89  0.657
   1.024  0.206  6.82    0.00 -100.00    0.00    0.00 -100.00 7.753E+01

   5.014 44.384  2.93    6.36    8.27    5.10    0.00   13.37  0.754
   1.024  0.391  5.44    0.00 -100.00    0.00    0.00 -100.00 1.444E+01

  0.000 0.000  0.000 .000  0.00  0.00  0.00  0.00  0.00  0.00 0.000
                           0.00  0.00  0.00  0.00  0.00  0.00 0.000E+00

