 ***Ebeam    Eprime  Theta     x        Q2      Sig_Born     Sig_Born_In  Sig_Born_QE  Sig_Rad      Sig_Rad_EL   Sig_Rad_QE   Sig_Rad_DIS  C_cor
    5.0140   2.6890  15.7570   0.2322   1.0133  0.16450E+03  0.16448E+03  0.17161E-01  0.17692E+03  0.41824E-01  0.48251E+01  0.17205E+03  0.10000E+01
    5.0140   2.6890  16.4423   0.2527   1.1027  0.13539E+03  0.13537E+03  0.16437E-01  0.14420E+03  0.26155E-01  0.36713E+01  0.14051E+03  0.10000E+01
    5.0140   2.6890  17.1009   0.2732   1.1922  0.11191E+03  0.11189E+03  0.15953E-01  0.11826E+03  0.16716E-01  0.28400E+01  0.11541E+03  0.10000E+01
    5.0140   2.6890  17.7358   0.2937   1.2816  0.93292E+02  0.93277E+02  0.15281E-01  0.97849E+02  0.10934E-01  0.22343E+01  0.95604E+02  0.10000E+01
    5.0140   2.6890  18.3493   0.3142   1.3711  0.78303E+02  0.78288E+02  0.14579E-01  0.81516E+02  0.72503E-02  0.17643E+01  0.79744E+02  0.10000E+01
    5.0140   2.6890  18.9437   0.3347   1.4605  0.66100E+02  0.66086E+02  0.14210E-01  0.68320E+02  0.48611E-02  0.14144E+01  0.66900E+02  0.10000E+01
    5.0140   2.6890  19.5207   0.3552   1.5499  0.56162E+02  0.56149E+02  0.13592E-01  0.57609E+02  0.32928E-02  0.11452E+01  0.56460E+02  0.10000E+01
    5.0140   2.6890  20.0817   0.3757   1.6394  0.47740E+02  0.47727E+02  0.13037E-01  0.48625E+02  0.22526E-02  0.93429E+00  0.47689E+02  0.10000E+01
    5.0140   2.6890  20.6281   0.3962   1.7288  0.40415E+02  0.40402E+02  0.12521E-01  0.40978E+02  0.15605E-02  0.76954E+00  0.40207E+02  0.10000E+01
    5.0140   2.6890  21.1609   0.4167   1.8183  0.34487E+02  0.34475E+02  0.12213E-01  0.34772E+02  0.10940E-02  0.63753E+00  0.34133E+02  0.10000E+01
    5.0140   2.6890  21.6813   0.4372   1.9077  0.29499E+02  0.29487E+02  0.11756E-01  0.29592E+02  0.77679E-03  0.53249E+00  0.29059E+02  0.10000E+01
    5.0140   2.6890  22.1900   0.4577   1.9971  0.25463E+02  0.25452E+02  0.11517E-01  0.25380E+02  0.55765E-03  0.44803E+00  0.24931E+02  0.10000E+01
    5.0140   2.6890  22.6879   0.4782   2.0866  0.22155E+02  0.22144E+02  0.11254E-01  0.21907E+02  0.40247E-03  0.37778E+00  0.21528E+02  0.10000E+01
    5.0140   2.6890  23.1756   0.4987   2.1760  0.19410E+02  0.19399E+02  0.10902E-01  0.19007E+02  0.28857E-03  0.32229E+00  0.18684E+02  0.10000E+01
    5.0140   2.6890  23.6539   0.5192   2.2655  0.17067E+02  0.17056E+02  0.10897E-01  0.16521E+02  0.20809E-03  0.27649E+00  0.16244E+02  0.10000E+01
    5.0140   2.6890  24.1232   0.5397   2.3549  0.14848E+02  0.14838E+02  0.10738E-01  0.14213E+02  0.15145E-03  0.23854E+00  0.13974E+02  0.10000E+01
    5.0140   2.4590  16.4983   0.2117   1.0153  0.13311E+03  0.13310E+03  0.88695E-02  0.14656E+03  0.54408E-01  0.44686E+01  0.14203E+03  0.10000E+01
    5.0140   2.4590  17.2843   0.2322   1.1135  0.10865E+03  0.10864E+03  0.84564E-02  0.11830E+03  0.32931E-01  0.33226E+01  0.11494E+03  0.10000E+01
    5.0140   2.4590  18.0371   0.2527   1.2118  0.89701E+02  0.89693E+02  0.81177E-02  0.96621E+02  0.20516E-01  0.25105E+01  0.94090E+02  0.10000E+01
    5.0140   2.4590  18.7606   0.2732   1.3101  0.74759E+02  0.74751E+02  0.78669E-02  0.79662E+02  0.13058E-01  0.19328E+01  0.77717E+02  0.10000E+01
    5.0140   2.4590  19.4582   0.2937   1.4084  0.62264E+02  0.62256E+02  0.75157E-02  0.65780E+02  0.84894E-02  0.15071E+01  0.64265E+02  0.10000E+01
    5.0140   2.4590  20.1326   0.3142   1.5067  0.51905E+02  0.51898E+02  0.71858E-02  0.54471E+02  0.55942E-02  0.11872E+01  0.53278E+02  0.10000E+01
    5.0140   2.4590  20.7860   0.3347   1.6050  0.43581E+02  0.43574E+02  0.68910E-02  0.45426E+02  0.37234E-02  0.94419E+00  0.44479E+02  0.10000E+01
    5.0140   2.4590  21.4203   0.3552   1.7033  0.36797E+02  0.36791E+02  0.66508E-02  0.38097E+02  0.25061E-02  0.75934E+00  0.37335E+02  0.10000E+01
    5.0140   2.4590  22.0371   0.3757   1.8015  0.31228E+02  0.31221E+02  0.63536E-02  0.32108E+02  0.17036E-02  0.61461E+00  0.31491E+02  0.10000E+01
    5.0140   2.4590  22.6380   0.3962   1.8998  0.26639E+02  0.26633E+02  0.60932E-02  0.27180E+02  0.11729E-02  0.50243E+00  0.26677E+02  0.10000E+01
    5.0140   2.4590  23.2242   0.4167   1.9981  0.22543E+02  0.22537E+02  0.59291E-02  0.22882E+02  0.81736E-03  0.41296E+00  0.22469E+02  0.10000E+01
    5.0140   2.4590  23.7967   0.4372   2.0964  0.19109E+02  0.19103E+02  0.57246E-02  0.19314E+02  0.57619E-03  0.34167E+00  0.18971E+02  0.10000E+01
    5.0140   2.4590  24.3565   0.4577   2.1947  0.16324E+02  0.16318E+02  0.55370E-02  0.16408E+02  0.41030E-03  0.28451E+00  0.16123E+02  0.10000E+01
    5.0140   2.4590  24.9045   0.4782   2.2930  0.13941E+02  0.13936E+02  0.54320E-02  0.13947E+02  0.29232E-03  0.23847E+00  0.13708E+02  0.10000E+01
    5.0140   2.4590  25.4414   0.4987   2.3913  0.12001E+02  0.11996E+02  0.52746E-02  0.11936E+02  0.20801E-03  0.20116E+00  0.11735E+02  0.10000E+01
    5.0140   2.4590  25.9679   0.5192   2.4896  0.10418E+02  0.10413E+02  0.52498E-02  0.10285E+02  0.14899E-03  0.17077E+00  0.10114E+02  0.10000E+01
    5.0140   2.4590  26.4847   0.5397   2.5879  0.91306E+01  0.91254E+01  0.51806E-02  0.89223E+01  0.10780E-03  0.14581E+00  0.87764E+01  0.10000E+01
    5.0140   2.2740  17.7764   0.2117   1.0888  0.97499E+02  0.97494E+02  0.52231E-02  0.10827E+03  0.46308E-01  0.34552E+01  0.10476E+03  0.10000E+01
    5.0140   2.2740  18.6243   0.2322   1.1942  0.79359E+02  0.79354E+02  0.49996E-02  0.87150E+02  0.27954E-01  0.25659E+01  0.84556E+02  0.10000E+01
    5.0140   2.2740  19.4366   0.2527   1.2996  0.65219E+02  0.65214E+02  0.47435E-02  0.70895E+02  0.17352E-01  0.19349E+01  0.68942E+02  0.10000E+01
    5.0140   2.2740  20.2174   0.2732   1.4050  0.54078E+02  0.54073E+02  0.45185E-02  0.58218E+02  0.10998E-01  0.14808E+01  0.56726E+02  0.10000E+01
    5.0140   2.2740  20.9703   0.2937   1.5104  0.45253E+02  0.45249E+02  0.43634E-02  0.48238E+02  0.71196E-02  0.11502E+01  0.47081E+02  0.10000E+01
    5.0140   2.2740  21.6983   0.3142   1.6158  0.37978E+02  0.37974E+02  0.41605E-02  0.40105E+02  0.46637E-02  0.89974E+00  0.39200E+02  0.10000E+01
    5.0140   2.2740  22.4037   0.3347   1.7212  0.31734E+02  0.31730E+02  0.39788E-02  0.33299E+02  0.30956E-02  0.71557E+00  0.32580E+02  0.10000E+01
    5.0140   2.2740  23.0887   0.3552   1.8266  0.26659E+02  0.26655E+02  0.38136E-02  0.27799E+02  0.20746E-02  0.57071E+00  0.27226E+02  0.10000E+01
    5.0140   2.2740  23.7549   0.3757   1.9320  0.22521E+02  0.22518E+02  0.36830E-02  0.23333E+02  0.14040E-02  0.45993E+00  0.22872E+02  0.10000E+01
    5.0140   2.2740  24.4040   0.3962   2.0374  0.19114E+02  0.19110E+02  0.35450E-02  0.19672E+02  0.96183E-03  0.37372E+00  0.19297E+02  0.10000E+01
    5.0140   2.2740  25.0373   0.4167   2.1428  0.16308E+02  0.16304E+02  0.33965E-02  0.16657E+02  0.66729E-03  0.30558E+00  0.16351E+02  0.10000E+01
    5.0140   2.2740  25.6560   0.4372   2.2482  0.13801E+02  0.13797E+02  0.33076E-02  0.14021E+02  0.46805E-03  0.25101E+00  0.13770E+02  0.10000E+01
    5.0140   2.2740  26.2610   0.4577   2.3536  0.11663E+02  0.11660E+02  0.31917E-02  0.11804E+02  0.33152E-03  0.20753E+00  0.11597E+02  0.10000E+01
    5.0140   2.2740  26.8534   0.4782   2.4590  0.99449E+01  0.99419E+01  0.30839E-02  0.10011E+02  0.23488E-03  0.17278E+00  0.98385E+01  0.10000E+01
    5.0140   2.2740  27.4339   0.4987   2.5644  0.84803E+01  0.84772E+01  0.30522E-02  0.84949E+01  0.16636E-03  0.14467E+00  0.83501E+01  0.10000E+01
    5.0140   2.2740  28.0033   0.5192   2.6698  0.72534E+01  0.72504E+01  0.29783E-02  0.72309E+01  0.11866E-03  0.12175E+00  0.71090E+01  0.10000E+01
    5.0140   2.2740  28.5622   0.5397   2.7752  0.62673E+01  0.62644E+01  0.29557E-02  0.62052E+01  0.85505E-04  0.10321E+00  0.61019E+01  0.10000E+01
    5.0140   2.1240  17.9540   0.1912   1.0372  0.94716E+02  0.94712E+02  0.35731E-02  0.10740E+03  0.70483E-01  0.39707E+01  0.10335E+03  0.10000E+01
    5.0140   2.1240  18.9001   0.2117   1.1484  0.76196E+02  0.76192E+02  0.33969E-02  0.85291E+02  0.41284E-01  0.28837E+01  0.82366E+02  0.10000E+01
    5.0140   2.1240  19.8026   0.2322   1.2595  0.61969E+02  0.61966E+02  0.32955E-02  0.68571E+02  0.24835E-01  0.21317E+01  0.66415E+02  0.10000E+01
    5.0140   2.1240  20.6673   0.2527   1.3707  0.50853E+02  0.50850E+02  0.31190E-02  0.55683E+02  0.15387E-01  0.16058E+01  0.54062E+02  0.10000E+01
    5.0140   2.1240  21.4987   0.2732   1.4819  0.42055E+02  0.42052E+02  0.29813E-02  0.45612E+02  0.97185E-02  0.12246E+01  0.44378E+02  0.10000E+01
    5.0140   2.1240  22.3005   0.2937   1.5931  0.35036E+02  0.35033E+02  0.28345E-02  0.37657E+02  0.62704E-02  0.94883E+00  0.36702E+02  0.10000E+01
    5.0140   2.1240  23.0759   0.3142   1.7042  0.29416E+02  0.29413E+02  0.27017E-02  0.31323E+02  0.40992E-02  0.74180E+00  0.30577E+02  0.10000E+01
    5.0140   2.1240  23.8273   0.3347   1.8154  0.24774E+02  0.24771E+02  0.26126E-02  0.26140E+02  0.27106E-02  0.58437E+00  0.25553E+02  0.10000E+01
    5.0140   2.1240  24.5571   0.3552   1.9266  0.20745E+02  0.20743E+02  0.24999E-02  0.21754E+02  0.18112E-02  0.46507E+00  0.21287E+02  0.10000E+01
    5.0140   2.1240  25.2671   0.3757   2.0378  0.17451E+02  0.17448E+02  0.23918E-02  0.18191E+02  0.12217E-02  0.37431E+00  0.17816E+02  0.10000E+01
    5.0140   2.1240  25.9589   0.3962   2.1489  0.14755E+02  0.14753E+02  0.22819E-02  0.15286E+02  0.83454E-03  0.30263E+00  0.14982E+02  0.10000E+01
    5.0140   2.1240  26.6340   0.4167   2.2601  0.12533E+02  0.12531E+02  0.22107E-02  0.12898E+02  0.57635E-03  0.24655E+00  0.12651E+02  0.10000E+01
    5.0140   2.1240  27.2935   0.4372   2.3713  0.10689E+02  0.10687E+02  0.21194E-02  0.10917E+02  0.40285E-03  0.20149E+00  0.10715E+02  0.10000E+01
    5.0140   2.1240  27.9387   0.4577   2.4825  0.90125E+01  0.90105E+01  0.20612E-02  0.91648E+01  0.28429E-03  0.16587E+00  0.89986E+01  0.10000E+01
    5.0140   2.1240  28.5705   0.4782   2.5937  0.76189E+01  0.76169E+01  0.20100E-02  0.77170E+01  0.20105E-03  0.13736E+00  0.75794E+01  0.10000E+01
    5.0140   2.1240  29.1897   0.4987   2.7048  0.64918E+01  0.64898E+01  0.19592E-02  0.65405E+01  0.14202E-03  0.11431E+00  0.64261E+01  0.10000E+01
    5.0140   2.1240  29.7971   0.5192   2.8160  0.55260E+01  0.55241E+01  0.19336E-02  0.55397E+01  0.10098E-03  0.95538E-01  0.54441E+01  0.10000E+01
    5.0140   2.1240  30.3935   0.5397   2.9272  0.47187E+01  0.47168E+01  0.18982E-02  0.47074E+01  0.72559E-04  0.80205E-01  0.46272E+01  0.10000E+01
    5.0140   2.0340  18.6363   0.1912   1.0695  0.81811E+02  0.81808E+02  0.28012E-02  0.93290E+02  0.66323E-01  0.35919E+01  0.89632E+02  0.10000E+01
    5.0140   2.0340  19.6190   0.2117   1.1841  0.65812E+02  0.65809E+02  0.26798E-02  0.74062E+02  0.38786E-01  0.26054E+01  0.71417E+02  0.10000E+01
    5.0140   2.0340  20.5566   0.2322   1.2988  0.53516E+02  0.53513E+02  0.25552E-02  0.59512E+02  0.23332E-01  0.19247E+01  0.57564E+02  0.10000E+01
    5.0140   2.0340  21.4550   0.2527   1.4134  0.43901E+02  0.43898E+02  0.24341E-02  0.48301E+02  0.14406E-01  0.14478E+01  0.46839E+02  0.10000E+01
    5.0140   2.0340  22.3188   0.2732   1.5280  0.36280E+02  0.36278E+02  0.23084E-02  0.39531E+02  0.90824E-02  0.11058E+01  0.38416E+02  0.10000E+01
    5.0140   2.0340  23.1521   0.2937   1.6427  0.30181E+02  0.30178E+02  0.22096E-02  0.32591E+02  0.58467E-02  0.85519E+00  0.31730E+02  0.10000E+01
    5.0140   2.0340  23.9579   0.3142   1.7573  0.25275E+02  0.25273E+02  0.21310E-02  0.27054E+02  0.38162E-02  0.66735E+00  0.26383E+02  0.10000E+01
    5.0140   2.0340  24.7389   0.3347   1.8719  0.21312E+02  0.21310E+02  0.20296E-02  0.22600E+02  0.25199E-02  0.52591E+00  0.22071E+02  0.10000E+01
    5.0140   2.0340  25.4976   0.3552   1.9866  0.17917E+02  0.17915E+02  0.19400E-02  0.18855E+02  0.16811E-02  0.41846E+00  0.18435E+02  0.10000E+01
    5.0140   2.0340  26.2357   0.3757   2.1012  0.15032E+02  0.15030E+02  0.18538E-02  0.15728E+02  0.11320E-02  0.33455E+00  0.15392E+02  0.10000E+01
    5.0140   2.0340  26.9550   0.3962   2.2159  0.12681E+02  0.12679E+02  0.17902E-02  0.13189E+02  0.77147E-03  0.26996E+00  0.12918E+02  0.10000E+01
    5.0140   2.0340  27.6570   0.4167   2.3305  0.10745E+02  0.10743E+02  0.17098E-02  0.11105E+02  0.53174E-03  0.21913E+00  0.10885E+02  0.10000E+01
    5.0140   2.0340  28.3429   0.4372   2.4451  0.91505E+01  0.91488E+01  0.16500E-02  0.93897E+01  0.37090E-03  0.17887E+00  0.92105E+01  0.10000E+01
    5.0140   2.0340  29.0139   0.4577   2.5598  0.77582E+01  0.77566E+01  0.16025E-02  0.79115E+01  0.26127E-03  0.14685E+00  0.77644E+01  0.10000E+01
    5.0140   2.0340  29.6711   0.4782   2.6744  0.65292E+01  0.65277E+01  0.15489E-02  0.66353E+01  0.18482E-03  0.12112E+00  0.65140E+01  0.10000E+01
    5.0140   2.0340  30.3153   0.4987   2.7891  0.55378E+01  0.55363E+01  0.15087E-02  0.56018E+01  0.13031E-03  0.10058E+00  0.55011E+01  0.10000E+01
    5.0140   2.0340  30.9473   0.5192   2.9037  0.47215E+01  0.47200E+01  0.14850E-02  0.47484E+01  0.92496E-04  0.83725E-01  0.46646E+01  0.10000E+01
    5.0140   2.0340  31.5679   0.5397   3.0183  0.40085E+01  0.40070E+01  0.14687E-02  0.40147E+01  0.66390E-04  0.70168E-01  0.39445E+01  0.10000E+01
    5.0140   1.9290  19.4789   0.1912   1.1072  0.68999E+02  0.68997E+02  0.21235E-02  0.79271E+02  0.62147E-01  0.32312E+01  0.75978E+02  0.10000E+01
    5.0140   1.9290  20.5070   0.2117   1.2258  0.55508E+02  0.55506E+02  0.20100E-02  0.62889E+02  0.36269E-01  0.23430E+01  0.60510E+02  0.10000E+01
    5.0140   1.9290  21.4880   0.2322   1.3445  0.45140E+02  0.45138E+02  0.19167E-02  0.50526E+02  0.21790E-01  0.17273E+01  0.48777E+02  0.10000E+01
    5.0140   1.9290  22.4281   0.2527   1.4632  0.37025E+02  0.37024E+02  0.18259E-02  0.40989E+02  0.13419E-01  0.12983E+01  0.39678E+02  0.10000E+01
    5.0140   1.9290  23.3322   0.2732   1.5819  0.30585E+02  0.30583E+02  0.17520E-02  0.33524E+02  0.84428E-02  0.98965E+00  0.32526E+02  0.10000E+01
    5.0140   1.9290  24.2044   0.2937   1.7006  0.25419E+02  0.25417E+02  0.16747E-02  0.27607E+02  0.54203E-02  0.76485E+00  0.26837E+02  0.10000E+01
    5.0140   1.9290  25.0480   0.3142   1.8192  0.21245E+02  0.21243E+02  0.15899E-02  0.22875E+02  0.35312E-02  0.59604E+00  0.22276E+02  0.10000E+01
    5.0140   1.9290  25.8658   0.3347   1.9379  0.17869E+02  0.17867E+02  0.15118E-02  0.19073E+02  0.23286E-02  0.46901E+00  0.18601E+02  0.10000E+01
    5.0140   1.9290  26.6602   0.3552   2.0566  0.15097E+02  0.15096E+02  0.14626E-02  0.15968E+02  0.15509E-02  0.37154E+00  0.15595E+02  0.10000E+01
    5.0140   1.9290  27.4332   0.3757   2.1753  0.12672E+02  0.12670E+02  0.13957E-02  0.13317E+02  0.10428E-02  0.29708E+00  0.13019E+02  0.10000E+01
    5.0140   1.9290  28.1867   0.3962   2.2939  0.10658E+02  0.10656E+02  0.13280E-02  0.11137E+02  0.70865E-03  0.23909E+00  0.10897E+02  0.10000E+01
    5.0140   1.9290  28.9221   0.4167   2.4126  0.90080E+01  0.90067E+01  0.12772E-02  0.93565E+01  0.48740E-03  0.19375E+00  0.91622E+01  0.10000E+01
    5.0140   1.9290  29.6408   0.4372   2.5313  0.76461E+01  0.76448E+01  0.12390E-02  0.78903E+01  0.33916E-03  0.15754E+00  0.77325E+01  0.10000E+01
    5.0140   1.9290  30.3440   0.4577   2.6500  0.65115E+01  0.65103E+01  0.11936E-02  0.66697E+01  0.23844E-03  0.12908E+00  0.65404E+01  0.10000E+01
    5.0140   1.9290  31.0327   0.4782   2.7686  0.54759E+01  0.54748E+01  0.11518E-02  0.55863E+01  0.16860E-03  0.10598E+00  0.54801E+01  0.10000E+01
    5.0140   1.9290  31.7080   0.4987   2.8873  0.46218E+01  0.46207E+01  0.11360E-02  0.46962E+01  0.11890E-03  0.87639E-01  0.46084E+01  0.10000E+01
    5.0140   1.9290  32.3706   0.5192   3.0060  0.39277E+01  0.39266E+01  0.11004E-02  0.39697E+01  0.84341E-04  0.72715E-01  0.38969E+01  0.10000E+01
    5.0140   1.9290  33.0213   0.5397   3.1247  0.33372E+01  0.33361E+01  0.10872E-02  0.33556E+01  0.60404E-04  0.60599E-01  0.32949E+01  0.10000E+01
    5.0140   1.7940  19.4986   0.1707   1.0317  0.69858E+02  0.69856E+02  0.15682E-02  0.82459E+02  0.10235E+00  0.40372E+01  0.78319E+02  0.10000E+01
    5.0140   1.7940  20.6481   0.1912   1.1556  0.55437E+02  0.55436E+02  0.14835E-02  0.64383E+02  0.57700E-01  0.28518E+01  0.61474E+02  0.10000E+01
    5.0140   1.7940  21.7393   0.2117   1.2795  0.44605E+02  0.44604E+02  0.14048E-02  0.51064E+02  0.33578E-01  0.20647E+01  0.48965E+02  0.10000E+01
    5.0140   1.7940  22.7808   0.2322   1.4034  0.36280E+02  0.36278E+02  0.13532E-02  0.41007E+02  0.20142E-01  0.15286E+01  0.39458E+02  0.10000E+01
    5.0140   1.7940  23.7790   0.2527   1.5272  0.29763E+02  0.29762E+02  0.12859E-02  0.33253E+02  0.12359E-01  0.11472E+01  0.32094E+02  0.10000E+01
    5.0140   1.7940  24.7392   0.2732   1.6511  0.24585E+02  0.24584E+02  0.12212E-02  0.27180E+02  0.77586E-02  0.87247E+00  0.26300E+02  0.10000E+01
    5.0140   1.7940  25.6656   0.2937   1.7750  0.20423E+02  0.20422E+02  0.11572E-02  0.22365E+02  0.49619E-02  0.67296E+00  0.21687E+02  0.10000E+01
    5.0140   1.7940  26.5619   0.3142   1.8988  0.17049E+02  0.17048E+02  0.11037E-02  0.18506E+02  0.32269E-02  0.52399E+00  0.17979E+02  0.10000E+01
    5.0140   1.7940  27.4310   0.3347   2.0227  0.14302E+02  0.14301E+02  0.10551E-02  0.15394E+02  0.21241E-02  0.41181E+00  0.14980E+02  0.10000E+01
    5.0140   1.7940  28.2754   0.3552   2.1466  0.12064E+02  0.12063E+02  0.10042E-02  0.12873E+02  0.14127E-02  0.32591E+00  0.12546E+02  0.10000E+01
    5.0140   1.7940  29.0973   0.3757   2.2705  0.10197E+02  0.10196E+02  0.95822E-03  0.10787E+02  0.94819E-03  0.25989E+00  0.10526E+02  0.10000E+01
    5.0140   1.7940  29.8985   0.3962   2.3943  0.85570E+01  0.85561E+01  0.91726E-03  0.90006E+01  0.64271E-03  0.20854E+00  0.87914E+01  0.10000E+01
    5.0140   1.7940  30.6807   0.4167   2.5182  0.72082E+01  0.72073E+01  0.88654E-03  0.75382E+01  0.44075E-03  0.16842E+00  0.73694E+01  0.10000E+01
    5.0140   1.7940  31.4453   0.4372   2.6421  0.60973E+01  0.60965E+01  0.85333E-03  0.63376E+01  0.30567E-03  0.13652E+00  0.62008E+01  0.10000E+01
    5.0140   1.7940  32.1935   0.4577   2.7659  0.51813E+01  0.51805E+01  0.82518E-03  0.53483E+01  0.21436E-03  0.11126E+00  0.52368E+01  0.10000E+01
    5.0140   1.7940  32.9266   0.4782   2.8898  0.43876E+01  0.43868E+01  0.80081E-03  0.45000E+01  0.15141E-03  0.91121E-01  0.44087E+01  0.10000E+01
    5.0140   1.7940  33.6454   0.4987   3.0137  0.36827E+01  0.36819E+01  0.77734E-03  0.37638E+01  0.10712E-03  0.74902E-01  0.36888E+01  0.10000E+01
    5.0140   1.7940  34.3509   0.5192   3.1375  0.31111E+01  0.31104E+01  0.75852E-03  0.31657E+01  0.75926E-04  0.61928E-01  0.31037E+01  0.10000E+01
    5.0140   1.7940  35.0440   0.5397   3.2614  0.26436E+01  0.26428E+01  0.75251E-03  0.26746E+01  0.54285E-04  0.51426E-01  0.26231E+01  0.10000E+01
    5.0140   1.6940  20.3843   0.1707   1.0638  0.59366E+02  0.59365E+02  0.12065E-02  0.70765E+02  0.97764E-01  0.37209E+01  0.66946E+02  0.10000E+01
    5.0140   1.6940  21.5871   0.1912   1.1915  0.47119E+02  0.47118E+02  0.11656E-02  0.55225E+02  0.54990E-01  0.26249E+01  0.52545E+02  0.10000E+01
    5.0140   1.6940  22.7292   0.2117   1.3192  0.37919E+02  0.37917E+02  0.11010E-02  0.43787E+02  0.31956E-01  0.19029E+01  0.41852E+02  0.10000E+01
    5.0140   1.6940  23.8194   0.2322   1.4469  0.30848E+02  0.30847E+02  0.10416E-02  0.35152E+02  0.19136E-01  0.14072E+01  0.33725E+02  0.10000E+01
    5.0140   1.6940  24.8645   0.2527   1.5747  0.25312E+02  0.25311E+02  0.98820E-03  0.28501E+02  0.11714E-01  0.10569E+01  0.27432E+02  0.10000E+01
    5.0140   1.6940  25.8700   0.2732   1.7024  0.20912E+02  0.20911E+02  0.93011E-03  0.23291E+02  0.73392E-02  0.80417E+00  0.22480E+02  0.10000E+01
    5.0140   1.6940  26.8404   0.2937   1.8301  0.17371E+02  0.17371E+02  0.88590E-03  0.19157E+02  0.46788E-02  0.62001E+00  0.18532E+02  0.10000E+01
    5.0140   1.6940  27.7793   0.3142   1.9578  0.14497E+02  0.14496E+02  0.84989E-03  0.15844E+02  0.30392E-02  0.48271E+00  0.15358E+02  0.10000E+01
    5.0140   1.6940  28.6899   0.3347   2.0855  0.12148E+02  0.12147E+02  0.80564E-03  0.13162E+02  0.19980E-02  0.37835E+00  0.12782E+02  0.10000E+01
    5.0140   1.6940  29.5747   0.3552   2.2132  0.10227E+02  0.10226E+02  0.76649E-03  0.10988E+02  0.13283E-02  0.29897E+00  0.10688E+02  0.10000E+01
    5.0140   1.6940  30.4361   0.3757   2.3410  0.86530E+01  0.86523E+01  0.73132E-03  0.92148E+01  0.89069E-03  0.23814E+00  0.89758E+01  0.10000E+01
    5.0140   1.6940  31.2760   0.3962   2.4687  0.72875E+01  0.72868E+01  0.70805E-03  0.77051E+01  0.60264E-03  0.19102E+00  0.75135E+01  0.10000E+01
    5.0140   1.6940  32.0962   0.4167   2.5964  0.61227E+01  0.61220E+01  0.67914E-03  0.64381E+01  0.41261E-03  0.15388E+00  0.62838E+01  0.10000E+01
    5.0140   1.6940  32.8980   0.4372   2.7241  0.51680E+01  0.51674E+01  0.64873E-03  0.54021E+01  0.28541E-03  0.12454E+00  0.52773E+01  0.10000E+01
    5.0140   1.6940  33.6828   0.4577   2.8518  0.43786E+01  0.43780E+01  0.63035E-03  0.45477E+01  0.19979E-03  0.10124E+00  0.44462E+01  0.10000E+01
    5.0140   1.6940  34.4518   0.4782   2.9796  0.37209E+01  0.37203E+01  0.60690E-03  0.38360E+01  0.14101E-03  0.82769E-01  0.37531E+01  0.10000E+01
    5.0140   1.6940  35.2060   0.4987   3.1073  0.31209E+01  0.31203E+01  0.59319E-03  0.32047E+01  0.10019E-03  0.67802E-01  0.31368E+01  0.10000E+01
    5.0140   1.6940  35.9465   0.5192   3.2350  0.26270E+01  0.26265E+01  0.58224E-03  0.26866E+01  0.71007E-04  0.55859E-01  0.26306E+01  0.10000E+01
    5.0140   1.6940  36.6739   0.5397   3.3627  0.22229E+01  0.22224E+01  0.57228E-03  0.22619E+01  0.50733E-04  0.46212E-01  0.22156E+01  0.10000E+01
    5.0140   1.5990  21.2893   0.1707   1.0942  0.50816E+02  0.50815E+02  0.96262E-03  0.61205E+02  0.94235E-01  0.34634E+01  0.57648E+02  0.10000E+01
    5.0140   1.5990  22.5469   0.1912   1.2256  0.40341E+02  0.40340E+02  0.91347E-03  0.47749E+02  0.52834E-01  0.24503E+01  0.45246E+02  0.10000E+01
    5.0140   1.5990  23.7413   0.2117   1.3570  0.32470E+02  0.32469E+02  0.86132E-03  0.37844E+02  0.30689E-01  0.17738E+01  0.36039E+02  0.10000E+01
    5.0140   1.5990  24.8815   0.2322   1.4883  0.26421E+02  0.26420E+02  0.81204E-03  0.30376E+02  0.18332E-01  0.13149E+01  0.29043E+02  0.10000E+01
    5.0140   1.5990  25.9748   0.2527   1.6197  0.21685E+02  0.21684E+02  0.76927E-03  0.24620E+02  0.11206E-01  0.98604E+00  0.23623E+02  0.10000E+01
    5.0140   1.5990  27.0268   0.2732   1.7511  0.17919E+02  0.17919E+02  0.72847E-03  0.20116E+02  0.70022E-02  0.75054E+00  0.19359E+02  0.10000E+01
    5.0140   1.5990  28.0422   0.2937   1.8825  0.14888E+02  0.14887E+02  0.69242E-03  0.16541E+02  0.44557E-02  0.57758E+00  0.15959E+02  0.10000E+01
    5.0140   1.5990  29.0250   0.3142   2.0138  0.12423E+02  0.12423E+02  0.65849E-03  0.13674E+02  0.28871E-02  0.44964E+00  0.13221E+02  0.10000E+01
    5.0140   1.5990  29.9782   0.3347   2.1452  0.10406E+02  0.10406E+02  0.62439E-03  0.11354E+02  0.18966E-02  0.35279E+00  0.10999E+02  0.10000E+01
    5.0140   1.5990  30.9047   0.3552   2.2766  0.87492E+01  0.87486E+01  0.59745E-03  0.94672E+01  0.12604E-02  0.27951E+00  0.91865E+01  0.10000E+01
    5.0140   1.5990  31.8069   0.3757   2.4080  0.73904E+01  0.73899E+01  0.57323E-03  0.79279E+01  0.84469E-03  0.22153E+00  0.77056E+01  0.10000E+01
    5.0140   1.5990  32.6867   0.3962   2.5393  0.62523E+01  0.62518E+01  0.54700E-03  0.66496E+01  0.57130E-03  0.17745E+00  0.64715E+01  0.10000E+01
    5.0140   1.5990  33.5459   0.4167   2.6707  0.52481E+01  0.52476E+01  0.52419E-03  0.55500E+01  0.39027E-03  0.14276E+00  0.54068E+01  0.10000E+01
    5.0140   1.5990  34.3861   0.4372   2.8021  0.44207E+01  0.44202E+01  0.50348E-03  0.46479E+01  0.26951E-03  0.11540E+00  0.45322E+01  0.10000E+01
    5.0140   1.5990  35.2087   0.4577   2.9334  0.37370E+01  0.37365E+01  0.48840E-03  0.39049E+01  0.18824E-03  0.93584E-01  0.38111E+01  0.10000E+01
    5.0140   1.5990  36.0148   0.4782   3.0648  0.31731E+01  0.31726E+01  0.47026E-03  0.32917E+01  0.13274E-03  0.76401E-01  0.32152E+01  0.10000E+01
    5.0140   1.5990  36.8057   0.4987   3.1962  0.26703E+01  0.26698E+01  0.45918E-03  0.27554E+01  0.94364E-04  0.62413E-01  0.26929E+01  0.10000E+01
    5.0140   1.5990  37.5822   0.5192   3.3275  0.22406E+01  0.22401E+01  0.45031E-03  0.23031E+01  0.67220E-04  0.51275E-01  0.22517E+01  0.10000E+01
    5.0140   1.5990  38.3453   0.5397   3.4589  0.18894E+01  0.18889E+01  0.44180E-03  0.19331E+01  0.48035E-04  0.42274E-01  0.18908E+01  0.10000E+01
    5.0140   1.5090  22.2133   0.1707   1.1231  0.43796E+02  0.43795E+02  0.77102E-03  0.53344E+02  0.91510E-01  0.32622E+01  0.49990E+02  0.10000E+01
    5.0140   1.5090  23.5269   0.1912   1.2579  0.34778E+02  0.34777E+02  0.72435E-03  0.41592E+02  0.51147E-01  0.23025E+01  0.39238E+02  0.10000E+01
    5.0140   1.5090  24.7747   0.2117   1.3927  0.28000E+02  0.27999E+02  0.68119E-03  0.32960E+02  0.29692E-01  0.16738E+01  0.31256E+02  0.10000E+01
    5.0140   1.5090  25.9663   0.2322   1.5276  0.22789E+02  0.22788E+02  0.64072E-03  0.26446E+02  0.17698E-01  0.12393E+01  0.25189E+02  0.10000E+01
    5.0140   1.5090  27.1090   0.2527   1.6624  0.18708E+02  0.18708E+02  0.61093E-03  0.21432E+02  0.10811E-01  0.93096E+00  0.20490E+02  0.10000E+01
    5.0140   1.5090  28.2088   0.2732   1.7972  0.15463E+02  0.15463E+02  0.57777E-03  0.17503E+02  0.67353E-02  0.70805E+00  0.16789E+02  0.10000E+01
    5.0140   1.5090  29.2705   0.2937   1.9321  0.12851E+02  0.12850E+02  0.54810E-03  0.14394E+02  0.42803E-02  0.54580E+00  0.13843E+02  0.10000E+01
    5.0140   1.5090  30.2983   0.3142   2.0669  0.10724E+02  0.10724E+02  0.51761E-03  0.11895E+02  0.27652E-02  0.42501E+00  0.11467E+02  0.10000E+01
    5.0140   1.5090  31.2955   0.3347   2.2017  0.89815E+01  0.89810E+01  0.49376E-03  0.98721E+01  0.18157E-02  0.33302E+00  0.95373E+01  0.10000E+01
    5.0140   1.5090  32.2648   0.3552   2.3366  0.75464E+01  0.75460E+01  0.47500E-03  0.82244E+01  0.12065E-02  0.26309E+00  0.79601E+01  0.10000E+01
    5.0140   1.5090  33.2089   0.3757   2.4714  0.63643E+01  0.63639E+01  0.45237E-03  0.68782E+01  0.80854E-03  0.20909E+00  0.66683E+01  0.10000E+01
    5.0140   1.5090  34.1298   0.3962   2.6062  0.53910E+01  0.53906E+01  0.43111E-03  0.57742E+01  0.54678E-03  0.16720E+00  0.56065E+01  0.10000E+01
    5.0140   1.5090  35.0293   0.4167   2.7411  0.45370E+01  0.45366E+01  0.41272E-03  0.48267E+01  0.37294E-03  0.13456E+00  0.46917E+01  0.10000E+01
    5.0140   1.5090  35.9091   0.4372   2.8759  0.38133E+01  0.38129E+01  0.39871E-03  0.40339E+01  0.25719E-03  0.10857E+00  0.39251E+01  0.10000E+01
    5.0140   1.5090  36.7707   0.4577   3.0107  0.32178E+01  0.32174E+01  0.38352E-03  0.33833E+01  0.17921E-03  0.87882E-01  0.32953E+01  0.10000E+01
    5.0140   1.5090  37.6152   0.4782   3.1456  0.27257E+01  0.27253E+01  0.36968E-03  0.28465E+01  0.12618E-03  0.71540E-01  0.27749E+01  0.10000E+01
    5.0140   1.5090  38.4439   0.4987   3.2804  0.23038E+01  0.23034E+01  0.36281E-03  0.23898E+01  0.89746E-04  0.58357E-01  0.23313E+01  0.10000E+01
    5.0140   1.5090  39.2578   0.5192   3.4153  0.19280E+01  0.19277E+01  0.35303E-03  0.19925E+01  0.64375E-04  0.47756E-01  0.19447E+01  0.10000E+01
    5.0140   1.5090  40.0577   0.5397   3.5501  0.16215E+01  0.16212E+01  0.34597E-03  0.16683E+01  0.46053E-04  0.39360E-01  0.16289E+01  0.10000E+01
    5.0140   1.4190  21.7564   0.1502   1.0136  0.48284E+02  0.48283E+02  0.64776E-03  0.60839E+02  0.16675E+00  0.44720E+01  0.56200E+02  0.10000E+01
    5.0140   1.4190  23.2125   0.1707   1.1519  0.37681E+02  0.37681E+02  0.61210E-03  0.46473E+02  0.89425E-01  0.30868E+01  0.43297E+02  0.10000E+01
    5.0140   1.4190  24.5870   0.1912   1.2902  0.29932E+02  0.29932E+02  0.57357E-03  0.36224E+02  0.49804E-01  0.21858E+01  0.33989E+02  0.10000E+01
    5.0140   1.4190  25.8929   0.2117   1.4285  0.24106E+02  0.24105E+02  0.53818E-03  0.28693E+02  0.28910E-01  0.15873E+01  0.27077E+02  0.10000E+01
    5.0140   1.4190  27.1402   0.2322   1.5668  0.19625E+02  0.19625E+02  0.51369E-03  0.23015E+02  0.17193E-01  0.11754E+01  0.21822E+02  0.10000E+01
    5.0140   1.4190  28.3366   0.2527   1.7051  0.16115E+02  0.16115E+02  0.48514E-03  0.18642E+02  0.10496E-01  0.88374E+00  0.17748E+02  0.10000E+01
    5.0140   1.4190  29.4884   0.2732   1.8434  0.13324E+02  0.13323E+02  0.45822E-03  0.15230E+02  0.65215E-02  0.67331E+00  0.14550E+02  0.10000E+01
    5.0140   1.4190  30.6006   0.2937   1.9817  0.11075E+02  0.11075E+02  0.43114E-03  0.12519E+02  0.41383E-02  0.51954E+00  0.11996E+02  0.10000E+01
    5.0140   1.4190  31.6775   0.3142   2.1200  0.92445E+01  0.92441E+01  0.40994E-03  0.10343E+02  0.26651E-02  0.40371E+00  0.99369E+01  0.10000E+01
    5.0140   1.4190  32.7225   0.3347   2.2583  0.77424E+01  0.77420E+01  0.39313E-03  0.85818E+01  0.17487E-02  0.31711E+00  0.82629E+01  0.10000E+01
    5.0140   1.4190  33.7386   0.3552   2.3966  0.65033E+01  0.65029E+01  0.37262E-03  0.71457E+01  0.11614E-02  0.25055E+00  0.68940E+01  0.10000E+01
    5.0140   1.4190  34.7285   0.3757   2.5349  0.54789E+01  0.54785E+01  0.35703E-03  0.59689E+01  0.77907E-03  0.19863E+00  0.57695E+01  0.10000E+01
    5.0140   1.4190  35.6942   0.3962   2.6732  0.46350E+01  0.46347E+01  0.33987E-03  0.50062E+01  0.52698E-03  0.15915E+00  0.48466E+01  0.10000E+01
    5.0140   1.4190  36.6379   0.4167   2.8115  0.39174E+01  0.39170E+01  0.32721E-03  0.41960E+01  0.35944E-03  0.12776E+00  0.40679E+01  0.10000E+01
    5.0140   1.4190  37.5610   0.4372   2.9498  0.32880E+01  0.32877E+01  0.31368E-03  0.35022E+01  0.24742E-03  0.10315E+00  0.33988E+01  0.10000E+01
    5.0140   1.4190  38.4652   0.4577   3.0880  0.27700E+01  0.27697E+01  0.30158E-03  0.29328E+01  0.17212E-03  0.83607E-01  0.28490E+01  0.10000E+01
    5.0140   1.4190  39.3518   0.4782   3.2263  0.23411E+01  0.23408E+01  0.29068E-03  0.24627E+01  0.12096E-03  0.67785E-01  0.23947E+01  0.10000E+01
    5.0140   1.4190  40.2220   0.4987   3.3646  0.19833E+01  0.19830E+01  0.28477E-03  0.20707E+01  0.85972E-04  0.55276E-01  0.20154E+01  0.10000E+01
    5.0140   1.4190  41.0768   0.5192   3.5029  0.16590E+01  0.16587E+01  0.27694E-03  0.17250E+01  0.61780E-04  0.45187E-01  0.16798E+01  0.10000E+01
    5.0140   1.4190  41.9173   0.5397   3.6412  0.13919E+01  0.13916E+01  0.27098E-03  0.14409E+01  0.44550E-04  0.37027E-01  0.14038E+01  0.10000E+01
    5.0140   1.3340  22.7149   0.1502   1.0376  0.41787E+02  0.41786E+02  0.52502E-03  0.53398E+02  0.16400E+00  0.42571E+01  0.48977E+02  0.10000E+01
    5.0140   1.3340  24.2370   0.1707   1.1791  0.32624E+02  0.32623E+02  0.49061E-03  0.40784E+02  0.88013E-01  0.29537E+01  0.37742E+02  0.10000E+01
    5.0140   1.3340  25.6741   0.1912   1.3207  0.25925E+02  0.25924E+02  0.46297E-03  0.31771E+02  0.48984E-01  0.20884E+01  0.29633E+02  0.10000E+01
    5.0140   1.3340  27.0399   0.2117   1.4623  0.20886E+02  0.20885E+02  0.43717E-03  0.25156E+02  0.28357E-01  0.15184E+01  0.23610E+02  0.10000E+01
    5.0140   1.3340  28.3446   0.2322   1.6038  0.17009E+02  0.17008E+02  0.40969E-03  0.20172E+02  0.16861E-01  0.11250E+01  0.19030E+02  0.10000E+01
    5.0140   1.3340  29.5965   0.2527   1.7454  0.13970E+02  0.13970E+02  0.38649E-03  0.16342E+02  0.10269E-01  0.85000E+00  0.15482E+02  0.10000E+01
    5.0140   1.3340  30.8019   0.2732   1.8870  0.11553E+02  0.11553E+02  0.36527E-03  0.13343E+02  0.63770E-02  0.64727E+00  0.12690E+02  0.10000E+01
    5.0140   1.3340  31.9662   0.2937   2.0285  0.96060E+01  0.96057E+01  0.34573E-03  0.10967E+02  0.40338E-02  0.49976E+00  0.10463E+02  0.10000E+01
    5.0140   1.3340  33.0938   0.3142   2.1701  0.80202E+01  0.80199E+01  0.33072E-03  0.90588E+01  0.25955E-02  0.38868E+00  0.86675E+01  0.10000E+01
    5.0140   1.3340  34.1883   0.3347   2.3117  0.67181E+01  0.67177E+01  0.31462E-03  0.75138E+01  0.16977E-02  0.30490E+00  0.72072E+01  0.10000E+01
    5.0140   1.3340  35.2529   0.3552   2.4532  0.56424E+01  0.56421E+01  0.29779E-03  0.62541E+01  0.11279E-02  0.24134E+00  0.60116E+01  0.10000E+01
    5.0140   1.3340  36.2902   0.3757   2.5948  0.47508E+01  0.47505E+01  0.28511E-03  0.52209E+01  0.75704E-03  0.19196E+00  0.50281E+01  0.10000E+01
    5.0140   1.3340  37.3025   0.3962   2.7364  0.40135E+01  0.40132E+01  0.27118E-03  0.43729E+01  0.51261E-03  0.15339E+00  0.42190E+01  0.10000E+01
    5.0140   1.3340  38.2918   0.4167   2.8779  0.34004E+01  0.34001E+01  0.26082E-03  0.36713E+01  0.34981E-03  0.12302E+00  0.35480E+01  0.10000E+01
    5.0140   1.3340  39.2600   0.4372   3.0195  0.28560E+01  0.28558E+01  0.24980E-03  0.30645E+01  0.24059E-03  0.99292E-01  0.29649E+01  0.10000E+01
    5.0140   1.3340  40.2085   0.4577   3.1611  0.24021E+01  0.24018E+01  0.24035E-03  0.25621E+01  0.16716E-03  0.80271E-01  0.24816E+01  0.10000E+01
    5.0140   1.3340  41.1389   0.4782   3.3026  0.20267E+01  0.20265E+01  0.23439E-03  0.21480E+01  0.11720E-03  0.65091E-01  0.20827E+01  0.10000E+01
    5.0140   1.3340  42.0522   0.4987   3.4442  0.17163E+01  0.17161E+01  0.22628E-03  0.18054E+01  0.83225E-04  0.52993E-01  0.17523E+01  0.10000E+01
    5.0140   1.3340  42.9497   0.5192   3.5858  0.14384E+01  0.14382E+01  0.22155E-03  0.15054E+01  0.59838E-04  0.43242E-01  0.14621E+01  0.10000E+01
    5.0140   1.3340  43.8323   0.5397   3.7273  0.12043E+01  0.12041E+01  0.21818E-03  0.12550E+01  0.43444E-04  0.35411E-01  0.12196E+01  0.10000E+01
    5.0140   1.2540  23.6952   0.1502   1.0601  0.36387E+02  0.36386E+02  0.42984E-03  0.47201E+02  0.16297E+00  0.40854E+01  0.42953E+02  0.10000E+01
    5.0140   1.2540  25.2851   0.1707   1.2048  0.28420E+02  0.28419E+02  0.40447E-03  0.36031E+02  0.87208E-01  0.28268E+01  0.33117E+02  0.10000E+01
    5.0140   1.2540  26.7866   0.1912   1.3494  0.22593E+02  0.22593E+02  0.38091E-03  0.28062E+02  0.48580E-01  0.20129E+01  0.26001E+02  0.10000E+01
    5.0140   1.2540  28.2139   0.2117   1.4941  0.18208E+02  0.18208E+02  0.35588E-03  0.22212E+02  0.28011E-01  0.14657E+01  0.20718E+02  0.10000E+01
    5.0140   1.2540  29.5778   0.2322   1.6387  0.14833E+02  0.14832E+02  0.33297E-03  0.17807E+02  0.16663E-01  0.10895E+01  0.16701E+02  0.10000E+01
    5.0140   1.2540  30.8867   0.2527   1.7834  0.12187E+02  0.12186E+02  0.31426E-03  0.14421E+02  0.10121E-01  0.82212E+00  0.13588E+02  0.10000E+01
    5.0140   1.2540  32.1474   0.2732   1.9280  0.10081E+02  0.10081E+02  0.29665E-03  0.11772E+02  0.62868E-02  0.62720E+00  0.11139E+02  0.10000E+01
    5.0140   1.2540  33.3655   0.2937   2.0726  0.83837E+01  0.83834E+01  0.28440E-03  0.96727E+01  0.39648E-02  0.48426E+00  0.91845E+01  0.10000E+01
    5.0140   1.2540  34.5454   0.3142   2.2173  0.70016E+01  0.70013E+01  0.26802E-03  0.79884E+01  0.25492E-02  0.37809E+00  0.76078E+01  0.10000E+01
    5.0140   1.2540  35.6911   0.3347   2.3619  0.58659E+01  0.58657E+01  0.25464E-03  0.66256E+01  0.16624E-02  0.29675E+00  0.63272E+01  0.10000E+01
    5.0140   1.2540  36.8057   0.3552   2.5066  0.49268E+01  0.49266E+01  0.24082E-03  0.55130E+01  0.11041E-02  0.23506E+00  0.52768E+01  0.10000E+01
    5.0140   1.2540  37.8920   0.3757   2.6512  0.41473E+01  0.41471E+01  0.23032E-03  0.46001E+01  0.74135E-03  0.18702E+00  0.44124E+01  0.10000E+01
    5.0140   1.2540  38.9525   0.3962   2.7959  0.35000E+01  0.34998E+01  0.22039E-03  0.38484E+01  0.50287E-03  0.14939E+00  0.36985E+01  0.10000E+01
    5.0140   1.2540  39.9892   0.4167   2.9405  0.29654E+01  0.29651E+01  0.21034E-03  0.32307E+01  0.34354E-03  0.11981E+00  0.31106E+01  0.10000E+01
    5.0140   1.2540  41.0041   0.4372   3.0851  0.24979E+01  0.24977E+01  0.20157E-03  0.27014E+01  0.23654E-03  0.96643E-01  0.26045E+01  0.10000E+01
    5.0140   1.2540  41.9987   0.4577   3.2298  0.20976E+01  0.20974E+01  0.19381E-03  0.22552E+01  0.16404E-03  0.78202E-01  0.21769E+01  0.10000E+01
    5.0140   1.2540  42.9744   0.4782   3.3744  0.17675E+01  0.17673E+01  0.18883E-03  0.18882E+01  0.11495E-03  0.63393E-01  0.18247E+01  0.10000E+01
    5.0140   1.2540  43.9327   0.4987   3.5191  0.14942E+01  0.14940E+01  0.18325E-03  0.15848E+01  0.81445E-04  0.51588E-01  0.15331E+01  0.10000E+01
    5.0140   1.2540  44.8746   0.5192   3.6637  0.12560E+01  0.12558E+01  0.17814E-03  0.13239E+01  0.58518E-04  0.41967E-01  0.12819E+01  0.10000E+01
    5.0140   1.2540  45.8011   0.5397   3.8084  0.10496E+01  0.10494E+01  0.17513E-03  0.11016E+01  0.42562E-04  0.34222E-01  0.10673E+01  0.10000E+01
    5.0140   1.1790  24.6950   0.1502   1.0813  0.31878E+02  0.31877E+02  0.35873E-03  0.42015E+02  0.16309E+00  0.39476E+01  0.37904E+02  0.10000E+01
    5.0140   1.1790  26.3543   0.1707   1.2288  0.24909E+02  0.24908E+02  0.33374E-03  0.32048E+02  0.86924E-01  0.27361E+01  0.29225E+02  0.10000E+01
    5.0140   1.1790  27.9217   0.1912   1.3763  0.19810E+02  0.19810E+02  0.31385E-03  0.24961E+02  0.48507E-01  0.19556E+01  0.22957E+02  0.10000E+01
    5.0140   1.1790  29.4121   0.2117   1.5239  0.15972E+02  0.15971E+02  0.29268E-03  0.19749E+02  0.27861E-01  0.14249E+01  0.18296E+02  0.10000E+01
    5.0140   1.1790  30.8367   0.2322   1.6714  0.13015E+02  0.13015E+02  0.27423E-03  0.15827E+02  0.16583E-01  0.10599E+01  0.14751E+02  0.10000E+01
    5.0140   1.1790  32.2042   0.2527   1.8189  0.10697E+02  0.10696E+02  0.25823E-03  0.12813E+02  0.10066E-01  0.80026E+00  0.12003E+02  0.10000E+01
    5.0140   1.1790  33.5218   0.2732   1.9665  0.88505E+01  0.88502E+01  0.24350E-03  0.10458E+02  0.62441E-02  0.61255E+00  0.98392E+01  0.10000E+01
    5.0140   1.1790  34.7951   0.2937   2.1140  0.73624E+01  0.73621E+01  0.23315E-03  0.85899E+01  0.39372E-02  0.47414E+00  0.81119E+01  0.10000E+01
    5.0140   1.1790  36.0290   0.3142   2.2615  0.61499E+01  0.61497E+01  0.22110E-03  0.70946E+01  0.25240E-02  0.36975E+00  0.67223E+01  0.10000E+01
    5.0140   1.1790  37.2273   0.3347   2.4090  0.51536E+01  0.51534E+01  0.20838E-03  0.58817E+01  0.16452E-02  0.29095E+00  0.55891E+01  0.10000E+01
    5.0140   1.1790  38.3935   0.3552   2.5566  0.43291E+01  0.43289E+01  0.19828E-03  0.48935E+01  0.10890E-02  0.23082E+00  0.46616E+01  0.10000E+01
    5.0140   1.1790  39.5306   0.3757   2.7041  0.36438E+01  0.36436E+01  0.18944E-03  0.40810E+01  0.73205E-03  0.18353E+00  0.38967E+01  0.10000E+01
    5.0140   1.1790  40.6408   0.3962   2.8516  0.30734E+01  0.30732E+01  0.17991E-03  0.34121E+01  0.49706E-03  0.14675E+00  0.32649E+01  0.10000E+01
    5.0140   1.1790  41.7266   0.4167   2.9992  0.26010E+01  0.26008E+01  0.17275E-03  0.28617E+01  0.34034E-03  0.11800E+00  0.27433E+01  0.10000E+01
    5.0140   1.1790  42.7898   0.4372   3.1467  0.21984E+01  0.21982E+01  0.16555E-03  0.23978E+01  0.23466E-03  0.94906E-01  0.23027E+01  0.10000E+01
    5.0140   1.1790  43.8321   0.4577   3.2942  0.18441E+01  0.18439E+01  0.16009E-03  0.19996E+01  0.16288E-03  0.76932E-01  0.19226E+01  0.10000E+01
    5.0140   1.1790  44.8549   0.4782   3.4417  0.15520E+01  0.15519E+01  0.15488E-03  0.16722E+01  0.11395E-03  0.62279E-01  0.16098E+01  0.10000E+01
    5.0140   1.1790  45.8598   0.4987   3.5893  0.13099E+01  0.13098E+01  0.14920E-03  0.14014E+01  0.80636E-04  0.50572E-01  0.13508E+01  0.10000E+01
    5.0140   1.1790  46.8478   0.5192   3.7368  0.11040E+01  0.11039E+01  0.14592E-03  0.11728E+01  0.57836E-04  0.41250E-01  0.11315E+01  0.10000E+01
    5.0140   1.1790  47.8201   0.5397   3.8843  0.92119E+00  0.92105E+00  0.14330E-03  0.97435E+00  0.42051E-04  0.33635E-01  0.94068E+00  0.10000E+01
    5.0140   1.1090  25.7105   0.1502   1.1010  0.28099E+02  0.28099E+02  0.29941E-03  0.37658E+02  0.16415E+00  0.38368E+01  0.33658E+02  0.10000E+01
    5.0140   1.1090  27.4406   0.1707   1.2512  0.21966E+02  0.21966E+02  0.28067E-03  0.28708E+02  0.87150E-01  0.26623E+01  0.25959E+02  0.10000E+01
    5.0140   1.1090  29.0753   0.1912   1.4015  0.17478E+02  0.17478E+02  0.26115E-03  0.22356E+02  0.48732E-01  0.19105E+01  0.20397E+02  0.10000E+01
    5.0140   1.1090  30.6302   0.2117   1.5517  0.14097E+02  0.14096E+02  0.24381E-03  0.17681E+02  0.27996E-01  0.13939E+01  0.16259E+02  0.10000E+01
    5.0140   1.1090  32.1168   0.2322   1.7019  0.11491E+02  0.11491E+02  0.22982E-03  0.14164E+02  0.16609E-01  0.10378E+01  0.13110E+02  0.10000E+01
    5.0140   1.1090  33.5444   0.2527   1.8521  0.94468E+01  0.94466E+01  0.21601E-03  0.11464E+02  0.10092E-01  0.78566E+00  0.10668E+02  0.10000E+01
    5.0140   1.1090  34.9202   0.2732   2.0023  0.78184E+01  0.78182E+01  0.20495E-03  0.93553E+01  0.62447E-02  0.60265E+00  0.87464E+01  0.10000E+01
    5.0140   1.1090  36.2502   0.2937   2.1526  0.65053E+01  0.65051E+01  0.19315E-03  0.76836E+01  0.39406E-02  0.46677E+00  0.72129E+01  0.10000E+01
    5.0140   1.1090  37.5394   0.3142   2.3028  0.54353E+01  0.54351E+01  0.18310E-03  0.63434E+01  0.25191E-02  0.36480E+00  0.59761E+01  0.10000E+01
    5.0140   1.1090  38.7919   0.3347   2.4530  0.45557E+01  0.45555E+01  0.17358E-03  0.52588E+01  0.16414E-02  0.28750E+00  0.49696E+01  0.10000E+01
    5.0140   1.1090  40.0112   0.3552   2.6032  0.38275E+01  0.38273E+01  0.16390E-03  0.43733E+01  0.10839E-02  0.22790E+00  0.41443E+01  0.10000E+01
    5.0140   1.1090  41.2004   0.3757   2.7535  0.32216E+01  0.32215E+01  0.15755E-03  0.36463E+01  0.72794E-03  0.18178E+00  0.34638E+01  0.10000E+01
    5.0140   1.1090  42.3620   0.3962   2.9037  0.27164E+01  0.27163E+01  0.14952E-03  0.30471E+01  0.49495E-03  0.14550E+00  0.29011E+01  0.10000E+01
    5.0140   1.1090  43.4983   0.4167   3.0539  0.22965E+01  0.22963E+01  0.14265E-03  0.25529E+01  0.33964E-03  0.11692E+00  0.24356E+01  0.10000E+01
    5.0140   1.1090  44.6113   0.4372   3.2041  0.19451E+01  0.19449E+01  0.13663E-03  0.21420E+01  0.23475E-03  0.94270E-01  0.20475E+01  0.10000E+01
    5.0140   1.1090  45.7029   0.4577   3.3543  0.16320E+01  0.16319E+01  0.13206E-03  0.17858E+01  0.16325E-03  0.76299E-01  0.17094E+01  0.10000E+01
    5.0140   1.1090  46.7745   0.4782   3.5046  0.13719E+01  0.13718E+01  0.12763E-03  0.14917E+01  0.11419E-03  0.61920E-01  0.14297E+01  0.10000E+01
    5.0140   1.1090  47.8276   0.4987   3.6548  0.11564E+01  0.11563E+01  0.12369E-03  0.12486E+01  0.80745E-04  0.50246E-01  0.11983E+01  0.10000E+01
    5.0140   1.1090  48.8635   0.5192   3.8050  0.97593E+00  0.97581E+00  0.12089E-03  0.10457E+01  0.57789E-04  0.40901E-01  0.10047E+01  0.10000E+01
    5.0140   1.1090  49.8832   0.5397   3.9552  0.81395E+00  0.81384E+00  0.11859E-03  0.86821E+00  0.41945E-04  0.33402E-01  0.83477E+00  0.10000E+01
    5.0140   1.0390  26.8194   0.1502   1.1207  0.24693E+02  0.24693E+02  0.24929E-03  0.33719E+02  0.16618E+00  0.37448E+01  0.29808E+02  0.10000E+01
    5.0140   1.0390  28.6271   0.1707   1.2737  0.19313E+02  0.19313E+02  0.23330E-03  0.25689E+02  0.88265E-01  0.25987E+01  0.23003E+02  0.10000E+01
    5.0140   1.0390  30.3358   0.1912   1.4266  0.15374E+02  0.15373E+02  0.21735E-03  0.19993E+02  0.49265E-01  0.18654E+01  0.18079E+02  0.10000E+01
    5.0140   1.0390  31.9615   0.2117   1.5795  0.12405E+02  0.12404E+02  0.20417E-03  0.15816E+02  0.28371E-01  0.13702E+01  0.14418E+02  0.10000E+01
    5.0140   1.0390  33.5164   0.2322   1.7324  0.10116E+02  0.10116E+02  0.19081E-03  0.12666E+02  0.16748E-01  0.10244E+01  0.11625E+02  0.10000E+01
    5.0140   1.0390  35.0101   0.2527   1.8853  0.83186E+01  0.83184E+01  0.18168E-03  0.10247E+02  0.10193E-01  0.77542E+00  0.94612E+01  0.10000E+01
    5.0140   1.0390  36.4501   0.2732   2.0382  0.68866E+01  0.68865E+01  0.17089E-03  0.83581E+01  0.63027E-02  0.59487E+00  0.77569E+01  0.10000E+01
    5.0140   1.0390  37.8427   0.2937   2.1912  0.57314E+01  0.57312E+01  0.16085E-03  0.68634E+01  0.39747E-02  0.46218E+00  0.63972E+01  0.10000E+01
    5.0140   1.0390  39.1930   0.3142   2.3441  0.47898E+01  0.47896E+01  0.15124E-03  0.56650E+01  0.25424E-02  0.36191E+00  0.53006E+01  0.10000E+01
    5.0140   1.0390  40.5053   0.3347   2.4970  0.40155E+01  0.40154E+01  0.14326E-03  0.46953E+01  0.16508E-02  0.28561E+00  0.44081E+01  0.10000E+01
    5.0140   1.0390  41.7834   0.3552   2.6499  0.33743E+01  0.33741E+01  0.13710E-03  0.39038E+01  0.10904E-02  0.22675E+00  0.36760E+01  0.10000E+01
    5.0140   1.0390  43.0303   0.3757   2.8028  0.28404E+01  0.28403E+01  0.12984E-03  0.32538E+01  0.72921E-03  0.18108E+00  0.30720E+01  0.10000E+01
    5.0140   1.0390  44.2488   0.3962   2.9557  0.23946E+01  0.23945E+01  0.12324E-03  0.27181E+01  0.49662E-03  0.14525E+00  0.25723E+01  0.10000E+01
    5.0140   1.0390  45.4413   0.4167   3.1086  0.20230E+01  0.20228E+01  0.11831E-03  0.22755E+01  0.34134E-03  0.11698E+00  0.21582E+01  0.10000E+01
    5.0140   1.0390  46.6098   0.4372   3.2616  0.17142E+01  0.17141E+01  0.11397E-03  0.19095E+01  0.23673E-03  0.94399E-01  0.18149E+01  0.10000E+01
    5.0140   1.0390  47.7562   0.4577   3.4145  0.14408E+01  0.14407E+01  0.10941E-03  0.15932E+01  0.16507E-03  0.76221E-01  0.15168E+01  0.10000E+01
    5.0140   1.0390  48.8821   0.4782   3.5674  0.12097E+01  0.12096E+01  0.10565E-03  0.13294E+01  0.11577E-03  0.62077E-01  0.12672E+01  0.10000E+01
    5.0140   1.0390  49.9890   0.4987   3.7203  0.10185E+01  0.10184E+01  0.10234E-03  0.11115E+01  0.81770E-04  0.50401E-01  0.10611E+01  0.10000E+01
    5.0140   1.0390  51.0783   0.5192   3.8732  0.85969E+00  0.85959E+00  0.99956E-04  0.93065E+00  0.58491E-04  0.40958E-01  0.88963E+00  0.10000E+01
    5.0140   1.0390  52.1511   0.5397   4.0261  0.71751E+00  0.71741E+00  0.97953E-04  0.77278E+00  0.42327E-04  0.33398E-01  0.73934E+00  0.10000E+01
    5.0140   0.9740  27.9474   0.1502   1.1391  0.21829E+02  0.21829E+02  0.21152E-03  0.30392E+02  0.16899E+00  0.36712E+01  0.26552E+02  0.10000E+01
    5.0140   0.9740  29.8345   0.1707   1.2945  0.17082E+02  0.17082E+02  0.19633E-03  0.23148E+02  0.90131E-01  0.25511E+01  0.20507E+02  0.10000E+01
    5.0140   0.9740  31.6189   0.1912   1.4499  0.13603E+02  0.13603E+02  0.18406E-03  0.18007E+02  0.50071E-01  0.18342E+01  0.16123E+02  0.10000E+01
    5.0140   0.9740  33.3172   0.2117   1.6053  0.10981E+02  0.10981E+02  0.17133E-03  0.14241E+02  0.28924E-01  0.13523E+01  0.12860E+02  0.10000E+01
    5.0140   0.9740  34.9421   0.2322   1.7607  0.89580E+01  0.89579E+01  0.16232E-03  0.11399E+02  0.17063E-01  0.10107E+01  0.10371E+02  0.10000E+01
    5.0140   0.9740  36.5037   0.2527   1.9162  0.73689E+01  0.73688E+01  0.15202E-03  0.92193E+01  0.10362E-01  0.76722E+00  0.84417E+01  0.10000E+01
    5.0140   0.9740  38.0096   0.2732   2.0716  0.61022E+01  0.61020E+01  0.14288E-03  0.75198E+01  0.64195E-02  0.59151E+00  0.69219E+01  0.10000E+01
    5.0140   0.9740  39.4666   0.2937   2.2270  0.50797E+01  0.50796E+01  0.13435E-03  0.61732E+01  0.40371E-02  0.46038E+00  0.57088E+01  0.10000E+01
    5.0140   0.9740  40.8799   0.3142   2.3824  0.42461E+01  0.42459E+01  0.12712E-03  0.50935E+01  0.25873E-02  0.36063E+00  0.47303E+01  0.10000E+01
    5.0140   0.9740  42.2540   0.3347   2.5378  0.35604E+01  0.35603E+01  0.12032E-03  0.42211E+01  0.16773E-02  0.28548E+00  0.39339E+01  0.10000E+01
    5.0140   0.9740  43.5927   0.3552   2.6932  0.29924E+01  0.29923E+01  0.11427E-03  0.35089E+01  0.11063E-02  0.22703E+00  0.32807E+01  0.10000E+01
    5.0140   0.9740  44.8993   0.3757   2.8486  0.25193E+01  0.25192E+01  0.10889E-03  0.29239E+01  0.73975E-03  0.18156E+00  0.27416E+01  0.10000E+01
    5.0140   0.9740  46.1767   0.3962   3.0041  0.21238E+01  0.21237E+01  0.10338E-03  0.24416E+01  0.50183E-03  0.14603E+00  0.22951E+01  0.10000E+01
    5.0140   0.9740  47.4274   0.4167   3.1595  0.17932E+01  0.17931E+01  0.98526E-04  0.20420E+01  0.34578E-03  0.11713E+00  0.19245E+01  0.10000E+01
    5.0140   0.9740  48.6534   0.4372   3.3149  0.15189E+01  0.15188E+01  0.95484E-04  0.17131E+01  0.24030E-03  0.95019E-01  0.16178E+01  0.10000E+01
    5.0140   0.9740  49.8568   0.4577   3.4703  0.12798E+01  0.12797E+01  0.91613E-04  0.14316E+01  0.16828E-03  0.77062E-01  0.13544E+01  0.10000E+01
    5.0140   0.9740  51.0392   0.4782   3.6257  0.10734E+01  0.10733E+01  0.88388E-04  0.11929E+01  0.11836E-03  0.62439E-01  0.11304E+01  0.10000E+01
    5.0140   0.9740  52.2022   0.4987   3.7811  0.90287E+00  0.90279E+00  0.85584E-04  0.99656E+00  0.83843E-04  0.50921E-01  0.94555E+00  0.10000E+01
    5.0140   0.9740  53.3471   0.5192   3.9365  0.76153E+00  0.76145E+00  0.83545E-04  0.83387E+00  0.59861E-04  0.41453E-01  0.79235E+00  0.10000E+01
    5.0140   0.9740  54.4753   0.5397   4.0920  0.63649E+00  0.63641E+00  0.81882E-04  0.69286E+00  0.43294E-04  0.33772E-01  0.65905E+00  0.10000E+01
    5.0140   0.9190  28.9886   0.1502   1.1546  0.19611E+02  0.19611E+02  0.18239E-03  0.27798E+02  0.17175E+00  0.36123E+01  0.24014E+02  0.10000E+01
    5.0140   0.9190  30.9494   0.1707   1.3121  0.15353E+02  0.15352E+02  0.17021E-03  0.21179E+02  0.92270E-01  0.25214E+01  0.18565E+02  0.10000E+01
    5.0140   0.9190  32.8040   0.1912   1.4696  0.12232E+02  0.12231E+02  0.15934E-03  0.16462E+02  0.51064E-01  0.18105E+01  0.14600E+02  0.10000E+01
    5.0140   0.9190  34.5699   0.2117   1.6272  0.98769E+01  0.98768E+01  0.15043E-03  0.13017E+02  0.29573E-01  0.13410E+01  0.11647E+02  0.10000E+01
    5.0140   0.9190  36.2600   0.2322   1.7847  0.80601E+01  0.80599E+01  0.14022E-03  0.10418E+02  0.17490E-01  0.10028E+01  0.93979E+01  0.10000E+01
    5.0140   0.9190  37.8848   0.2527   1.9422  0.66321E+01  0.66320E+01  0.13112E-03  0.84272E+01  0.10572E-01  0.76807E+00  0.76486E+01  0.10000E+01
    5.0140   0.9190  39.4523   0.2732   2.0998  0.54934E+01  0.54932E+01  0.12314E-03  0.68682E+01  0.65653E-02  0.58965E+00  0.62719E+01  0.10000E+01
    5.0140   0.9190  40.9694   0.2937   2.2573  0.45739E+01  0.45738E+01  0.11571E-03  0.56374E+01  0.41318E-02  0.46005E+00  0.51732E+01  0.10000E+01
    5.0140   0.9190  42.4415   0.3142   2.4148  0.38240E+01  0.38239E+01  0.10938E-03  0.46511E+01  0.26446E-02  0.36200E+00  0.42865E+01  0.10000E+01
    5.0140   0.9190  43.8734   0.3347   2.5724  0.32071E+01  0.32070E+01  0.10421E-03  0.38530E+01  0.17175E-02  0.28644E+00  0.35648E+01  0.10000E+01
    5.0140   0.9190  45.2690   0.3552   2.7299  0.26959E+01  0.26958E+01  0.98203E-04  0.32024E+01  0.11286E-02  0.22843E+00  0.29729E+01  0.10000E+01
    5.0140   0.9190  46.6317   0.3757   2.8874  0.22699E+01  0.22698E+01  0.93515E-04  0.26679E+01  0.75539E-03  0.18278E+00  0.24843E+01  0.10000E+01
    5.0140   0.9190  47.9645   0.3962   3.0450  0.19136E+01  0.19135E+01  0.88811E-04  0.22270E+01  0.51124E-03  0.14712E+00  0.20794E+01  0.10000E+01
    5.0140   0.9190  49.2698   0.4167   3.2025  0.16153E+01  0.16152E+01  0.85692E-04  0.18623E+01  0.35181E-03  0.11893E+00  0.17430E+01  0.10000E+01
    5.0140   0.9190  50.5500   0.4372   3.3600  0.13671E+01  0.13670E+01  0.81943E-04  0.15609E+01  0.24516E-03  0.96285E-01  0.14644E+01  0.10000E+01
    5.0140   0.9190  51.8071   0.4577   3.5175  0.11545E+01  0.11544E+01  0.78589E-04  0.13061E+01  0.17210E-03  0.78058E-01  0.12278E+01  0.10000E+01
    5.0140   0.9190  53.0429   0.4782   3.6751  0.96763E+00  0.96755E+00  0.75762E-04  0.10876E+01  0.12158E-03  0.63505E-01  0.10240E+01  0.10000E+01
    5.0140   0.9190  54.2589   0.4987   3.8326  0.81336E+00  0.81328E+00  0.73845E-04  0.90766E+00  0.86364E-04  0.51540E-01  0.85603E+00  0.10000E+01
    5.0140   0.9190  55.4567   0.5192   3.9901  0.68536E+00  0.68529E+00  0.71546E-04  0.75884E+00  0.61816E-04  0.42062E-01  0.71672E+00  0.10000E+01
    5.0140   0.9190  56.6374   0.5397   4.1477  0.57369E+00  0.57362E+00  0.70136E-04  0.63107E+00  0.44587E-04  0.34321E-01  0.59670E+00  0.10000E+01
    5.0140   0.8640  30.1229   0.1502   1.1701  0.17565E+02  0.17565E+02  0.15807E-03  0.25391E+02  0.17603E+00  0.35568E+01  0.21658E+02  0.10000E+01
    5.0140   0.8640  32.1643   0.1707   1.3297  0.13757E+02  0.13757E+02  0.14719E-03  0.19356E+02  0.94951E-01  0.24962E+01  0.16765E+02  0.10000E+01
    5.0140   0.8640  34.0961   0.1912   1.4894  0.10965E+02  0.10965E+02  0.13649E-03  0.15037E+02  0.52711E-01  0.17953E+01  0.13189E+02  0.10000E+01
    5.0140   0.8640  35.9360   0.2117   1.6490  0.88575E+01  0.88573E+01  0.12875E-03  0.11886E+02  0.30410E-01  0.13306E+01  0.10525E+02  0.10000E+01
    5.0140   0.8640  37.6978   0.2322   1.8087  0.72305E+01  0.72304E+01  0.12082E-03  0.95127E+01  0.18054E-01  0.10011E+01  0.84936E+01  0.10000E+01
    5.0140   0.8640  39.3921   0.2527   1.9683  0.59514E+01  0.59513E+01  0.11281E-03  0.76885E+01  0.10902E-01  0.76363E+00  0.69140E+01  0.10000E+01
    5.0140   0.8640  41.0275   0.2732   2.1280  0.49307E+01  0.49306E+01  0.10585E-03  0.62673E+01  0.67599E-02  0.59059E+00  0.56699E+01  0.10000E+01
    5.0140   0.8640  42.6109   0.2937   2.2876  0.41064E+01  0.41063E+01  0.99404E-04  0.51424E+01  0.42657E-02  0.46142E+00  0.46767E+01  0.10000E+01
    5.0140   0.8640  44.1480   0.3142   2.4473  0.34338E+01  0.34337E+01  0.93873E-04  0.42409E+01  0.27242E-02  0.36283E+00  0.38753E+01  0.10000E+01
    5.0140   0.8640  45.6438   0.3347   2.6069  0.28804E+01  0.28803E+01  0.88737E-04  0.35128E+01  0.17729E-02  0.28810E+00  0.32229E+01  0.10000E+01
    5.0140   0.8640  47.1024   0.3552   2.7666  0.24216E+01  0.24216E+01  0.84187E-04  0.29195E+01  0.11664E-02  0.23066E+00  0.26877E+01  0.10000E+01
    5.0140   0.8640  48.5272   0.3757   2.9262  0.20392E+01  0.20392E+01  0.80171E-04  0.24318E+01  0.77767E-03  0.18503E+00  0.22460E+01  0.10000E+01
    5.0140   0.8640  49.9214   0.3962   3.0859  0.17192E+01  0.17191E+01  0.76111E-04  0.20292E+01  0.52701E-03  0.14903E+00  0.18796E+01  0.10000E+01
    5.0140   0.8640  51.2875   0.4167   3.2455  0.14510E+01  0.14509E+01  0.73393E-04  0.16963E+01  0.36095E-03  0.12070E+00  0.15752E+01  0.10000E+01
    5.0140   0.8640  52.6281   0.4372   3.4051  0.12272E+01  0.12271E+01  0.70150E-04  0.14209E+01  0.25182E-03  0.98123E-01  0.13225E+01  0.10000E+01
    5.0140   0.8640  53.9451   0.4577   3.5648  0.10381E+01  0.10380E+01  0.67252E-04  0.11900E+01  0.17728E-03  0.79728E-01  0.11101E+01  0.10000E+01
    5.0140   0.8640  55.2404   0.4782   3.7244  0.86994E+00  0.86987E+00  0.64781E-04  0.99050E+00  0.12567E-03  0.64731E-01  0.92564E+00  0.10000E+01
    5.0140   0.8640  56.5157   0.4987   3.8841  0.73070E+00  0.73064E+00  0.63124E-04  0.82605E+00  0.89719E-04  0.52746E-01  0.77321E+00  0.10000E+01
    5.0140   0.8640  57.7725   0.5192   4.0437  0.61511E+00  0.61504E+00  0.61123E-04  0.68994E+00  0.64420E-04  0.43016E-01  0.64686E+00  0.10000E+01
    5.0140   0.8640  59.0122   0.5397   4.2034  0.51570E+00  0.51564E+00  0.59930E-04  0.57426E+00  0.46557E-04  0.35131E-01  0.53909E+00  0.10000E+01
    5.0140   0.7990  31.6055   0.1502   1.1884  0.15349E+02  0.15349E+02  0.13313E-03  0.22771E+02  0.18177E+00  0.34971E+01  0.19092E+02  0.10000E+01
    5.0140   0.7990  33.7531   0.1707   1.3506  0.12028E+02  0.12028E+02  0.12263E-03  0.17373E+02  0.98895E-01  0.24724E+01  0.14802E+02  0.10000E+01
    5.0140   0.7990  35.7864   0.1912   1.5127  0.95921E+01  0.95919E+01  0.11633E-03  0.13497E+02  0.55299E-01  0.17868E+01  0.11655E+02  0.10000E+01
    5.0140   0.7990  37.7242   0.2117   1.6749  0.77522E+01  0.77521E+01  0.10783E-03  0.10657E+02  0.31706E-01  0.13220E+01  0.93029E+01  0.10000E+01
    5.0140   0.7990  39.5806   0.2322   1.8370  0.63309E+01  0.63308E+01  0.10031E-03  0.85296E+01  0.18918E-01  0.10021E+01  0.75086E+01  0.10000E+01
    5.0140   0.7990  41.3670   0.2527   1.9992  0.52129E+01  0.52128E+01  0.93463E-04  0.68928E+01  0.11477E-01  0.76549E+00  0.61158E+01  0.10000E+01
    5.0140   0.7990  43.0923   0.2732   2.1613  0.43202E+01  0.43201E+01  0.87635E-04  0.56150E+01  0.70705E-02  0.59333E+00  0.50146E+01  0.10000E+01
    5.0140   0.7990  44.7637   0.2937   2.3235  0.35989E+01  0.35989E+01  0.82249E-04  0.46067E+01  0.44782E-02  0.46564E+00  0.41366E+01  0.10000E+01
    5.0140   0.7990  46.3873   0.3142   2.4856  0.30102E+01  0.30101E+01  0.78160E-04  0.37982E+01  0.28698E-02  0.36750E+00  0.34278E+01  0.10000E+01
    5.0140   0.7990  47.9682   0.3347   2.6477  0.25256E+01  0.25255E+01  0.73827E-04  0.31455E+01  0.18618E-02  0.29295E+00  0.28507E+01  0.10000E+01
    5.0140   0.7990  49.5107   0.3552   2.8099  0.21238E+01  0.21237E+01  0.70000E-04  0.26132E+01  0.12295E-02  0.23462E+00  0.23773E+01  0.10000E+01
    5.0140   0.7990  51.0185   0.3757   2.9720  0.17887E+01  0.17887E+01  0.66218E-04  0.21760E+01  0.81909E-03  0.18868E+00  0.19865E+01  0.10000E+01
    5.0140   0.7990  52.4949   0.3962   3.1342  0.15081E+01  0.15081E+01  0.63252E-04  0.18153E+01  0.55342E-03  0.15251E+00  0.16622E+01  0.10000E+01
    5.0140   0.7990  53.9427   0.4167   3.2963  0.12726E+01  0.12726E+01  0.60552E-04  0.15166E+01  0.37959E-03  0.12357E+00  0.13926E+01  0.10000E+01
    5.0140   0.7990  55.3642   0.4372   3.4585  0.10757E+01  0.10756E+01  0.58228E-04  0.12694E+01  0.26303E-03  0.10068E+00  0.11685E+01  0.10000E+01
    5.0140   0.7990  56.7618   0.4577   3.6206  0.91091E+00  0.91085E+00  0.55796E-04  0.10638E+01  0.18557E-03  0.82003E-01  0.98160E+00  0.10000E+01
    5.0140   0.7990  58.1374   0.4782   3.7828  0.76388E+00  0.76383E+00  0.53701E-04  0.88574E+00  0.13209E-03  0.66978E-01  0.81863E+00  0.10000E+01
    5.0140   0.7990  59.4928   0.4987   3.9449  0.64107E+00  0.64102E+00  0.52309E-04  0.73794E+00  0.94776E-04  0.54637E-01  0.68321E+00  0.10000E+01
    5.0140   0.7990  60.8296   0.5192   4.1071  0.53910E+00  0.53905E+00  0.50648E-04  0.61564E+00  0.68469E-04  0.44570E-01  0.57101E+00  0.10000E+01
    5.0140   0.7990  62.1491   0.5397   4.2692  0.45267E+00  0.45262E+00  0.49639E-04  0.51291E+00  0.49687E-04  0.36498E-01  0.47636E+00  0.10000E+01
