EXTERNAL/TSAI:  VERSION OF 8/8/96

RUNPLAN for CLAS hadronization experiment                               
 inclusive:                                                             
                                                                        
CLAS LEAD                                                               
                                                                        

----*----1----*----2----*----3----*----4----*----5----*----6----*----7--
                                                                        

TARGET (iZ,iA) = ( 82,208);   avgA = 208.000; amuM=207.964; avgM=193.719
 targ= ordina; ttarg(rl)=0.01561; twall=0.00000; tbeam=0.00000; tspec=0.00761
         Nseg  =   2
 MODELS: P elastc(ikk)=14; deut elastic=13; inelastc=206; Pauli Supresion= 1
 NUCLEAR METHOD= 1;   NUCLEAR_MODEL= 1

    E1    TH    Q2 COS_K         SMR     NUC          INT-SMR
    EP     X    W2 QE-PK  INELA  Q-ELA  ELAST   TOTAL  MODEL

   5.014 18.233  1.17    2.58    6.34    1.97    0.00    8.31  0.782
   2.314  0.230  4.78    0.00 -100.00    0.00    0.00 -100.00 1.071E+04

   5.014 21.026  1.54    2.07    3.07    1.57    0.00    4.64  0.803
   2.314  0.305  4.40    0.00 -100.00    0.00    0.00 -100.00 5.219E+03

   5.014 29.105  2.93    1.81   -5.14    2.00    0.00   -3.14  1.204
   2.314  0.578  3.02    0.00 -100.00    0.00    0.00 -100.00 4.664E+02

   5.014 22.332  1.16    5.28   14.54    4.00    0.03   18.57  0.704
   1.549  0.179  6.22    0.00 -100.00    0.00    0.00 -100.00 4.991E+03

   5.014 25.771  1.55    4.24   10.89    3.24    0.00   14.13  0.740
   1.549  0.238  5.84    0.00 -100.00    0.00    0.00 -100.00 2.636E+03

   5.014 35.770  2.93    2.80    2.20    2.20    0.00    4.40  0.847
   1.549  0.451  4.45    0.00 -100.00    0.00    0.00 -100.00 3.638E+02

   5.014 27.557  1.17   10.68   23.45    8.32    0.15   31.93  0.641
   1.024  0.156  7.20    0.00 -100.00    0.00    0.00 -100.00 2.556E+03

   5.014 31.838  1.55    8.84   19.39    7.01    0.02   26.42  0.674
   1.024  0.206  6.82    0.00 -100.00    0.00    0.00 -100.00 1.413E+03

   5.014 44.384  2.93    5.90    8.74    4.93    0.00   13.67  0.785
   1.024  0.391  5.44    0.00 -100.00    0.00    0.00 -100.00 2.416E+02

  0.000 0.000  0.000 .000  0.00  0.00  0.00  0.00  0.00  0.00 0.000
                           0.00  0.00  0.00  0.00  0.00  0.00 0.000E+00

